<?xml version="1.0" encoding="UTF-8"?>
<coverage generated="1675454602863" clover="3.2.0">
  <project timestamp="1675454602863" name="All files">
    <metrics statements="302" coveredstatements="238" conditionals="147" coveredconditionals="99" methods="115" coveredmethods="81" elements="564" coveredelements="418" complexity="0" loc="302" ncloc="302" packages="5" files="29" classes="29"/>
    <package name="src">
      <metrics statements="4" coveredstatements="4" conditionals="0" coveredconditionals="0" methods="2" coveredmethods="2"/>
      <file name="App.js" path="/home/pablo/Projetos_trybe/Trybe-Project-recipes-app/sd-026-a-project-recipes-app/src/App.js">
        <metrics statements="1" coveredstatements="1" conditionals="0" coveredconditionals="0" methods="1" coveredmethods="1"/>
        <line num="16" count="11" type="stmt"/>
      </file>
      <file name="renderWithRouter.js" path="/home/pablo/Projetos_trybe/Trybe-Project-recipes-app/sd-026-a-project-recipes-app/src/renderWithRouter.js">
        <metrics statements="3" coveredstatements="3" conditionals="0" coveredconditionals="0" methods="1" coveredmethods="1"/>
        <line num="7" count="8" type="stmt"/>
        <line num="8" count="19" type="stmt"/>
        <line num="9" count="19" type="stmt"/>
      </file>
    </package>
    <package name="src.components">
      <metrics statements="173" coveredstatements="133" conditionals="100" coveredconditionals="75" methods="66" coveredmethods="43"/>
      <file name="Buttons.jsx" path="/home/pablo/Projetos_trybe/Trybe-Project-recipes-app/sd-026-a-project-recipes-app/src/components/Buttons.jsx">
        <metrics statements="5" coveredstatements="3" conditionals="2" coveredconditionals="1" methods="2" coveredmethods="1"/>
        <line num="10" count="3" type="stmt"/>
        <line num="13" count="0" type="stmt"/>
        <line num="14" count="0" type="stmt"/>
        <line num="16" count="3" type="stmt"/>
        <line num="36" count="3" type="stmt"/>
      </file>
      <file name="Card.jsx" path="/home/pablo/Projetos_trybe/Trybe-Project-recipes-app/sd-026-a-project-recipes-app/src/components/Card.jsx">
        <metrics statements="2" coveredstatements="2" conditionals="0" coveredconditionals="0" methods="1" coveredmethods="1"/>
        <line num="5" count="274" type="stmt"/>
        <line num="18" count="5" type="stmt"/>
      </file>
      <file name="DoneCard.jsx" path="/home/pablo/Projetos_trybe/Trybe-Project-recipes-app/sd-026-a-project-recipes-app/src/components/DoneCard.jsx">
        <metrics statements="3" coveredstatements="1" conditionals="2" coveredconditionals="0" methods="2" coveredmethods="0"/>
        <line num="15" count="0" type="stmt"/>
        <line num="45" count="0" type="stmt"/>
        <line num="56" count="3" type="stmt"/>
      </file>
      <file name="FilterButton.jsx" path="/home/pablo/Projetos_trybe/Trybe-Project-recipes-app/sd-026-a-project-recipes-app/src/components/FilterButton.jsx">
        <metrics statements="2" coveredstatements="2" conditionals="0" coveredconditionals="0" methods="1" coveredmethods="1"/>
        <line num="4" count="142" type="stmt"/>
        <line num="17" count="5" type="stmt"/>
      </file>
      <file name="Footer.jsx" path="/home/pablo/Projetos_trybe/Trybe-Project-recipes-app/sd-026-a-project-recipes-app/src/components/Footer.jsx">
        <metrics statements="7" coveredstatements="7" conditionals="0" coveredconditionals="0" methods="4" coveredmethods="4"/>
        <line num="9" count="32" type="stmt"/>
        <line num="10" count="32" type="stmt"/>
        <line num="13" count="2" type="stmt"/>
        <line num="14" count="2" type="stmt"/>
        <line num="16" count="32" type="stmt"/>
        <line num="18" count="1" type="stmt"/>
        <line num="21" count="1" type="stmt"/>
      </file>
      <file name="Header.jsx" path="/home/pablo/Projetos_trybe/Trybe-Project-recipes-app/sd-026-a-project-recipes-app/src/components/Header.jsx">
        <metrics statements="6" coveredstatements="6" conditionals="6" coveredconditionals="6" methods="3" coveredmethods="3"/>
        <line num="9" count="32" type="stmt"/>
        <line num="10" count="32" type="stmt"/>
        <line num="12" count="32" type="cond" truecount="2" falsecount="0"/>
        <line num="13" count="32" type="stmt"/>
        <line num="19" count="3" type="stmt"/>
        <line num="49" count="7" type="stmt"/>
      </file>
      <file name="IngredientInput.jsx" path="/home/pablo/Projetos_trybe/Trybe-Project-recipes-app/sd-026-a-project-recipes-app/src/components/IngredientInput.jsx">
        <metrics statements="2" coveredstatements="1" conditionals="2" coveredconditionals="0" methods="1" coveredmethods="0"/>
        <line num="5" count="0" type="stmt"/>
        <line num="24" count="3" type="stmt"/>
      </file>
      <file name="RecipeDetails.js" path="/home/pablo/Projetos_trybe/Trybe-Project-recipes-app/sd-026-a-project-recipes-app/src/components/RecipeDetails.js">
        <metrics statements="34" coveredstatements="29" conditionals="12" coveredconditionals="10" methods="14" coveredmethods="10"/>
        <line num="11" count="4" type="stmt"/>
        <line num="12" count="4" type="stmt"/>
        <line num="16" count="10" type="stmt"/>
        <line num="17" count="10" type="stmt"/>
        <line num="18" count="10" type="stmt"/>
        <line num="19" count="10" type="stmt"/>
        <line num="20" count="10" type="stmt"/>
        <line num="21" count="10" type="stmt"/>
        <line num="23" count="10" type="stmt"/>
        <line num="24" count="10" type="stmt"/>
        <line num="26" count="10" type="stmt"/>
        <line num="27" count="5" type="cond" truecount="2" falsecount="0"/>
        <line num="28" count="3" type="cond" truecount="2" falsecount="0"/>
        <line num="30" count="3" type="stmt"/>
        <line num="31" count="3" type="stmt"/>
        <line num="32" count="3" type="stmt"/>
        <line num="33" count="0" type="stmt"/>
        <line num="35" count="5" type="cond" truecount="2" falsecount="0"/>
        <line num="36" count="1" type="cond" truecount="1" falsecount="1"/>
        <line num="38" count="1" type="stmt"/>
        <line num="39" count="1" type="stmt"/>
        <line num="40" count="1" type="stmt"/>
        <line num="41" count="0" type="stmt"/>
        <line num="45" count="10" type="stmt"/>
        <line num="46" count="1" type="cond" truecount="1" falsecount="1"/>
        <line num="47" count="0" type="stmt"/>
        <line num="49" count="1" type="stmt"/>
        <line num="52" count="10" type="stmt"/>
        <line num="57" count="75" type="stmt"/>
        <line num="63" count="1500" type="stmt"/>
        <line num="101" count="0" type="stmt"/>
        <line num="107" count="0" type="stmt"/>
        <line num="138" count="1" type="stmt"/>
        <line num="149" count="4" type="stmt"/>
      </file>
      <file name="Recipes.jsx" path="/home/pablo/Projetos_trybe/Trybe-Project-recipes-app/sd-026-a-project-recipes-app/src/components/Recipes.jsx">
        <metrics statements="53" coveredstatements="40" conditionals="40" coveredconditionals="30" methods="20" coveredmethods="15"/>
        <line num="10" count="66" type="stmt"/>
        <line num="11" count="64" type="stmt"/>
        <line num="12" count="64" type="stmt"/>
        <line num="13" count="64" type="stmt"/>
        <line num="14" count="64" type="stmt"/>
        <line num="15" count="64" type="stmt"/>
        <line num="16" count="64" type="stmt"/>
        <line num="17" count="64" type="stmt"/>
        <line num="18" count="64" type="stmt"/>
        <line num="19" count="64" type="stmt"/>
        <line num="20" count="64" type="stmt"/>
        <line num="22" count="64" type="stmt"/>
        <line num="23" count="25" type="cond" truecount="2" falsecount="0"/>
        <line num="24" count="10" type="stmt"/>
        <line num="25" count="8" type="stmt"/>
        <line num="26" count="8" type="stmt"/>
        <line num="27" count="0" type="stmt"/>
        <line num="29" count="10" type="cond" truecount="2" falsecount="0"/>
        <line num="31" count="25" type="cond" truecount="2" falsecount="0"/>
        <line num="32" count="12" type="stmt"/>
        <line num="33" count="11" type="stmt"/>
        <line num="34" count="11" type="stmt"/>
        <line num="35" count="0" type="stmt"/>
        <line num="37" count="12" type="cond" truecount="2" falsecount="0"/>
        <line num="41" count="64" type="cond" truecount="2" falsecount="0"/>
        <line num="42" count="64" type="stmt"/>
        <line num="43" count="64" type="stmt"/>
        <line num="44" count="64" type="cond" truecount="2" falsecount="0"/>
        <line num="46" count="64" type="stmt"/>
        <line num="47" count="0" type="stmt"/>
        <line num="48" count="0" type="cond" truecount="0" falsecount="2"/>
        <line num="49" count="0" type="stmt"/>
        <line num="51" count="0" type="stmt"/>
        <line num="53" count="0" type="stmt"/>
        <line num="54" count="0" type="stmt"/>
        <line num="55" count="0" type="stmt"/>
        <line num="56" count="0" type="cond" truecount="0" falsecount="2"/>
        <line num="58" count="0" type="stmt"/>
        <line num="62" count="64" type="stmt"/>
        <line num="63" count="2" type="cond" truecount="2" falsecount="0"/>
        <line num="64" count="1" type="stmt"/>
        <line num="66" count="1" type="stmt"/>
        <line num="69" count="64" type="stmt"/>
        <line num="74" count="335" type="stmt"/>
        <line num="76" count="91" type="stmt"/>
        <line num="80" count="0" type="cond" truecount="0" falsecount="2"/>
        <line num="88" count="1" type="stmt"/>
        <line num="95" count="26" type="stmt"/>
        <line num="97" count="22" type="stmt"/>
        <line num="104" count="0" type="cond" truecount="0" falsecount="2"/>
        <line num="109" count="487" type="stmt"/>
        <line num="111" count="276" type="stmt"/>
        <line num="118" count="2" type="cond" truecount="2" falsecount="0"/>
      </file>
      <file name="RecipesFavorites.jsx" path="/home/pablo/Projetos_trybe/Trybe-Project-recipes-app/sd-026-a-project-recipes-app/src/components/RecipesFavorites.jsx">
        <metrics statements="5" coveredstatements="3" conditionals="6" coveredconditionals="5" methods="3" coveredmethods="1"/>
        <line num="11" count="11" type="stmt"/>
        <line num="13" count="11" type="stmt"/>
        <line num="39" count="0" type="stmt"/>
        <line num="48" count="0" type="stmt"/>
        <line num="62" count="4" type="stmt"/>
      </file>
      <file name="RecommendationsDrinks.jsx" path="/home/pablo/Projetos_trybe/Trybe-Project-recipes-app/sd-026-a-project-recipes-app/src/components/RecommendationsDrinks.jsx">
        <metrics statements="13" coveredstatements="9" conditionals="4" coveredconditionals="2" methods="5" coveredmethods="2"/>
        <line num="7" count="4" type="stmt"/>
        <line num="10" count="50" type="stmt"/>
        <line num="12" count="50" type="stmt"/>
        <line num="14" count="50" type="stmt"/>
        <line num="15" count="50" type="cond" truecount="1" falsecount="1"/>
        <line num="16" count="0" type="stmt"/>
        <line num="17" count="0" type="stmt"/>
        <line num="21" count="50" type="stmt"/>
        <line num="23" count="50" type="stmt"/>
        <line num="24" count="0" type="stmt"/>
        <line num="26" count="50" type="cond" truecount="1" falsecount="1"/>
        <line num="32" count="0" type="stmt"/>
        <line num="57" count="4" type="stmt"/>
      </file>
      <file name="RecommendationsMeals.jsx" path="/home/pablo/Projetos_trybe/Trybe-Project-recipes-app/sd-026-a-project-recipes-app/src/components/RecommendationsMeals.jsx">
        <metrics statements="13" coveredstatements="2" conditionals="4" coveredconditionals="0" methods="5" coveredmethods="0"/>
        <line num="7" count="4" type="stmt"/>
        <line num="10" count="0" type="stmt"/>
        <line num="12" count="0" type="stmt"/>
        <line num="14" count="0" type="stmt"/>
        <line num="15" count="0" type="cond" truecount="0" falsecount="2"/>
        <line num="16" count="0" type="stmt"/>
        <line num="17" count="0" type="stmt"/>
        <line num="21" count="0" type="stmt"/>
        <line num="23" count="0" type="stmt"/>
        <line num="24" count="0" type="stmt"/>
        <line num="26" count="0" type="cond" truecount="0" falsecount="2"/>
        <line num="32" count="0" type="stmt"/>
        <line num="57" count="4" type="stmt"/>
      </file>
      <file name="SearchBar.jsx" path="/home/pablo/Projetos_trybe/Trybe-Project-recipes-app/sd-026-a-project-recipes-app/src/components/SearchBar.jsx">
        <metrics statements="28" coveredstatements="28" conditionals="22" coveredconditionals="21" methods="5" coveredmethods="5"/>
        <line num="6" count="58" type="stmt"/>
        <line num="7" count="58" type="stmt"/>
        <line num="12" count="58" type="stmt"/>
        <line num="14" count="58" type="stmt"/>
        <line num="15" count="58" type="stmt"/>
        <line num="17" count="58" type="stmt"/>
        <line num="18" count="6" type="cond" truecount="1" falsecount="1"/>
        <line num="19" count="6" type="stmt"/>
        <line num="23" count="58" type="stmt"/>
        <line num="24" count="6" type="stmt"/>
        <line num="25" count="6" type="cond" truecount="4" falsecount="0"/>
        <line num="26" count="1" type="stmt"/>
        <line num="28" count="1" type="stmt"/>
        <line num="30" count="5" type="stmt"/>
        <line num="31" count="5" type="stmt"/>
        <line num="34" count="58" type="stmt"/>
        <line num="35" count="11" type="cond" truecount="4" falsecount="0"/>
        <line num="36" count="1" type="stmt"/>
        <line num="37" count="1" type="stmt"/>
        <line num="39" count="11" type="cond" truecount="4" falsecount="0"/>
        <line num="40" count="1" type="stmt"/>
        <line num="41" count="1" type="stmt"/>
        <line num="43" count="11" type="cond" truecount="4" falsecount="0"/>
        <line num="44" count="1" type="stmt"/>
        <line num="46" count="11" type="cond" truecount="4" falsecount="0"/>
        <line num="47" count="1" type="stmt"/>
        <line num="56" count="58" type="stmt"/>
        <line num="64" count="40" type="stmt"/>
      </file>
    </package>
    <package name="src.context">
      <metrics statements="35" coveredstatements="33" conditionals="16" coveredconditionals="14" methods="5" coveredmethods="5"/>
      <file name="RecipesContext.jsx" path="/home/pablo/Projetos_trybe/Trybe-Project-recipes-app/sd-026-a-project-recipes-app/src/context/RecipesContext.jsx">
        <metrics statements="1" coveredstatements="1" conditionals="0" coveredconditionals="0" methods="0" coveredmethods="0"/>
        <line num="3" count="8" type="stmt"/>
      </file>
      <file name="RecipesProvider.jsx" path="/home/pablo/Projetos_trybe/Trybe-Project-recipes-app/sd-026-a-project-recipes-app/src/context/RecipesProvider.jsx">
        <metrics statements="34" coveredstatements="32" conditionals="16" coveredconditionals="14" methods="5" coveredmethods="5"/>
        <line num="7" count="53" type="stmt"/>
        <line num="8" count="53" type="stmt"/>
        <line num="9" count="53" type="stmt"/>
        <line num="10" count="53" type="stmt"/>
        <line num="11" count="53" type="stmt"/>
        <line num="12" count="53" type="stmt"/>
        <line num="13" count="53" type="stmt"/>
        <line num="15" count="53" type="stmt"/>
        <line num="16" count="5" type="stmt"/>
        <line num="17" count="5" type="cond" truecount="2" falsecount="0"/>
        <line num="18" count="3" type="stmt"/>
        <line num="23" count="3" type="stmt"/>
        <line num="25" count="2" type="cond" truecount="1" falsecount="1"/>
        <line num="26" count="2" type="stmt"/>
        <line num="31" count="2" type="stmt"/>
        <line num="35" count="53" type="stmt"/>
        <line num="36" count="5" type="stmt"/>
        <line num="37" count="5" type="stmt"/>
        <line num="38" count="5" type="stmt"/>
        <line num="39" count="5" type="stmt"/>
        <line num="40" count="5" type="cond" truecount="4" falsecount="0"/>
        <line num="41" count="2" type="stmt"/>
        <line num="43" count="5" type="cond" truecount="4" falsecount="0"/>
        <line num="44" count="3" type="stmt"/>
        <line num="46" count="5" type="cond" truecount="3" falsecount="1"/>
        <line num="47" count="0" type="stmt"/>
        <line num="49" count="5" type="stmt"/>
        <line num="50" count="5" type="stmt"/>
        <line num="52" count="0" type="stmt"/>
        <line num="56" count="53" type="stmt"/>
        <line num="57" count="2" type="stmt"/>
        <line num="60" count="53" type="stmt"/>
        <line num="84" count="53" type="stmt"/>
        <line num="91" count="8" type="stmt"/>
      </file>
    </package>
    <package name="src.helpers">
      <metrics statements="12" coveredstatements="12" conditionals="4" coveredconditionals="3" methods="7" coveredmethods="7"/>
      <file name="combineIngredientsAndMeasures.js" path="/home/pablo/Projetos_trybe/Trybe-Project-recipes-app/sd-026-a-project-recipes-app/src/helpers/combineIngredientsAndMeasures.js">
        <metrics statements="12" coveredstatements="12" conditionals="4" coveredconditionals="3" methods="7" coveredmethods="7"/>
        <line num="1" count="4" type="stmt"/>
        <line num="3" count="75" type="stmt"/>
        <line num="4" count="3825" type="stmt"/>
        <line num="5" count="1500" type="stmt"/>
        <line num="10" count="75" type="stmt"/>
        <line num="11" count="3825" type="stmt"/>
        <line num="12" count="1500" type="stmt"/>
        <line num="16" count="75" type="stmt"/>
        <line num="18" count="75" type="stmt"/>
        <line num="19" count="1500" type="cond" truecount="1" falsecount="1"/>
        <line num="22" count="1500" type="cond" truecount="2" falsecount="0"/>
        <line num="24" count="75" type="stmt"/>
      </file>
    </package>
    <package name="src.pages">
      <metrics statements="78" coveredstatements="56" conditionals="27" coveredconditionals="7" methods="35" coveredmethods="24"/>
      <file name="DoneRecipes.jsx" path="/home/pablo/Projetos_trybe/Trybe-Project-recipes-app/sd-026-a-project-recipes-app/src/pages/DoneRecipes.jsx">
        <metrics statements="3" coveredstatements="1" conditionals="0" coveredconditionals="0" methods="2" coveredmethods="0"/>
        <line num="8" count="3" type="stmt"/>
        <line num="34" count="0" type="stmt"/>
        <line num="51" count="0" type="stmt"/>
      </file>
      <file name="Drinks.jsx" path="/home/pablo/Projetos_trybe/Trybe-Project-recipes-app/sd-026-a-project-recipes-app/src/pages/Drinks.jsx">
        <metrics statements="1" coveredstatements="1" conditionals="0" coveredconditionals="0" methods="1" coveredmethods="1"/>
        <line num="6" count="6" type="stmt"/>
      </file>
      <file name="FavoriteRecipes.jsx" path="/home/pablo/Projetos_trybe/Trybe-Project-recipes-app/sd-026-a-project-recipes-app/src/pages/FavoriteRecipes.jsx">
        <metrics statements="23" coveredstatements="16" conditionals="4" coveredconditionals="3" methods="11" coveredmethods="8"/>
        <line num="7" count="11" type="stmt"/>
        <line num="8" count="11" type="stmt"/>
        <line num="10" count="11" type="stmt"/>
        <line num="11" count="0" type="stmt"/>
        <line num="12" count="0" type="stmt"/>
        <line num="15" count="11" type="stmt"/>
        <line num="16" count="1" type="stmt"/>
        <line num="19" count="11" type="stmt"/>
        <line num="20" count="2" type="stmt"/>
        <line num="21" count="4" type="stmt"/>
        <line num="24" count="11" type="stmt"/>
        <line num="25" count="0" type="stmt"/>
        <line num="26" count="0" type="stmt"/>
        <line num="27" count="0" type="stmt"/>
        <line num="28" count="0" type="stmt"/>
        <line num="29" count="0" type="stmt"/>
        <line num="32" count="11" type="stmt"/>
        <line num="33" count="4" type="cond" truecount="1" falsecount="1"/>
        <line num="34" count="4" type="stmt"/>
        <line num="38" count="11" type="stmt"/>
        <line num="48" count="1" type="stmt"/>
        <line num="54" count="1" type="stmt"/>
        <line num="60" count="11" type="cond" truecount="2" falsecount="0"/>
      </file>
      <file name="Loading.jsx" path="/home/pablo/Projetos_trybe/Trybe-Project-recipes-app/sd-026-a-project-recipes-app/src/pages/Loading.jsx">
        <metrics statements="1" coveredstatements="0" conditionals="0" coveredconditionals="0" methods="1" coveredmethods="0"/>
        <line num="4" count="0" type="stmt"/>
      </file>
      <file name="Login.jsx" path="/home/pablo/Projetos_trybe/Trybe-Project-recipes-app/sd-026-a-project-recipes-app/src/pages/Login.jsx">
        <metrics statements="21" coveredstatements="21" conditionals="2" coveredconditionals="2" methods="5" coveredmethods="5"/>
        <line num="6" count="31" type="stmt"/>
        <line num="7" count="31" type="stmt"/>
        <line num="8" count="31" type="stmt"/>
        <line num="10" count="31" type="stmt"/>
        <line num="11" count="23" type="stmt"/>
        <line num="12" count="23" type="stmt"/>
        <line num="13" count="23" type="stmt"/>
        <line num="15" count="23" type="stmt"/>
        <line num="17" count="23" type="stmt"/>
        <line num="18" count="23" type="stmt"/>
        <line num="19" count="23" type="cond" truecount="2" falsecount="0"/>
        <line num="20" count="23" type="stmt"/>
        <line num="23" count="31" type="stmt"/>
        <line num="24" count="1" type="stmt"/>
        <line num="25" count="1" type="stmt"/>
        <line num="27" count="1" type="stmt"/>
        <line num="28" count="1" type="stmt"/>
        <line num="31" count="31" type="stmt"/>
        <line num="45" count="13" type="stmt"/>
        <line num="53" count="10" type="stmt"/>
        <line num="71" count="3" type="stmt"/>
      </file>
      <file name="Meals.jsx" path="/home/pablo/Projetos_trybe/Trybe-Project-recipes-app/sd-026-a-project-recipes-app/src/pages/Meals.jsx">
        <metrics statements="1" coveredstatements="1" conditionals="0" coveredconditionals="0" methods="1" coveredmethods="1"/>
        <line num="6" count="9" type="stmt"/>
      </file>
      <file name="Profile.jsx" path="/home/pablo/Projetos_trybe/Trybe-Project-recipes-app/sd-026-a-project-recipes-app/src/pages/Profile.jsx">
        <metrics statements="10" coveredstatements="10" conditionals="2" coveredconditionals="2" methods="7" coveredmethods="7"/>
        <line num="7" count="1" type="stmt"/>
        <line num="9" count="1" type="cond" truecount="2" falsecount="0"/>
        <line num="12" count="1" type="stmt"/>
        <line num="15" count="1" type="stmt"/>
        <line num="18" count="1" type="stmt"/>
        <line num="19" count="1" type="stmt"/>
        <line num="21" count="1" type="stmt"/>
        <line num="33" count="1" type="stmt"/>
        <line num="40" count="1" type="stmt"/>
        <line num="47" count="1" type="stmt"/>
      </file>
      <file name="RecipeInProgress.jsx" path="/home/pablo/Projetos_trybe/Trybe-Project-recipes-app/sd-026-a-project-recipes-app/src/pages/RecipeInProgress.jsx">
        <metrics statements="11" coveredstatements="0" conditionals="19" coveredconditionals="0" methods="4" coveredmethods="0"/>
        <line num="9" count="0" type="stmt"/>
        <line num="10" count="0" type="stmt"/>
        <line num="11" count="0" type="stmt"/>
        <line num="12" count="0" type="stmt"/>
        <line num="13" count="0" type="cond" truecount="0" falsecount="2"/>
        <line num="17" count="0" type="stmt"/>
        <line num="19" count="0" type="cond" truecount="0" falsecount="2"/>
        <line num="21" count="0" type="cond" truecount="0" falsecount="3"/>
        <line num="26" count="0" type="stmt"/>
        <line num="54" count="0" type="stmt"/>
        <line num="58" count="0" type="stmt"/>
      </file>
      <file name="SearchDrinks.jsx" path="/home/pablo/Projetos_trybe/Trybe-Project-recipes-app/sd-026-a-project-recipes-app/src/pages/SearchDrinks.jsx">
        <metrics statements="3" coveredstatements="3" conditionals="0" coveredconditionals="0" methods="1" coveredmethods="1"/>
        <line num="8" count="1" type="stmt"/>
        <line num="9" count="1" type="stmt"/>
        <line num="23" count="3" type="stmt"/>
      </file>
      <file name="SearchDrinksProgress.jsx" path="/home/pablo/Projetos_trybe/Trybe-Project-recipes-app/sd-026-a-project-recipes-app/src/pages/SearchDrinksProgress.jsx">
        <metrics statements="1" coveredstatements="0" conditionals="0" coveredconditionals="0" methods="1" coveredmethods="0"/>
        <line num="4" count="0" type="stmt"/>
      </file>
      <file name="SearchFoods.jsx" path="/home/pablo/Projetos_trybe/Trybe-Project-recipes-app/sd-026-a-project-recipes-app/src/pages/SearchFoods.jsx">
        <metrics statements="3" coveredstatements="3" conditionals="0" coveredconditionals="0" methods="1" coveredmethods="1"/>
        <line num="7" count="3" type="stmt"/>
        <line num="8" count="2" type="stmt"/>
        <line num="22" count="3" type="stmt"/>
      </file>
    </package>
  </project>
</coverage>
