{"/home/pablo/Projetos_trybe/Trybe-Project-recipes-app/sd-026-a-project-recipes-app/src/App.js": {"path":"/home/pablo/Projetos_trybe/Trybe-Project-recipes-app/sd-026-a-project-recipes-app/src/App.js","statementMap":{"0":{"start":{"line":16,"column":2},"end":{"line":31,"column":4}}},"fnMap":{"0":{"name":"App","decl":{"start":{"line":15,"column":9},"end":{"line":15,"column":12}},"loc":{"start":{"line":15,"column":15},"end":{"line":32,"column":1}},"line":15}},"branchMap":{},"s":{"0":11},"f":{"0":11},"b":{},"_coverageSchema":"1a1c01bbd47fc00a2c39e90264f33305004495a9","hash":"18b99e899f72098ea4908550c7a5cf461ec33468"}
,"/home/pablo/Projetos_trybe/Trybe-Project-recipes-app/sd-026-a-project-recipes-app/src/renderWithRouter.js": {"path":"/home/pablo/Projetos_trybe/Trybe-Project-recipes-app/sd-026-a-project-recipes-app/src/renderWithRouter.js","statementMap":{"0":{"start":{"line":7,"column":25},"end":{"line":17,"column":1}},"1":{"start":{"line":8,"column":18},"end":{"line":8,"column":39}},"2":{"start":{"line":9,"column":2},"end":{"line":16,"column":4}}},"fnMap":{"0":{"name":"(anonymous_0)","decl":{"start":{"line":7,"column":25},"end":{"line":7,"column":26}},"loc":{"start":{"line":7,"column":40},"end":{"line":17,"column":1}},"line":7}},"branchMap":{},"s":{"0":8,"1":19,"2":19},"f":{"0":19},"b":{},"_coverageSchema":"1a1c01bbd47fc00a2c39e90264f33305004495a9","hash":"2322b34511a6a812982ec766fc017b6f2ec13c9c"}
,"/home/pablo/Projetos_trybe/Trybe-Project-recipes-app/sd-026-a-project-recipes-app/src/components/Buttons.jsx": {"path":"/home/pablo/Projetos_trybe/Trybe-Project-recipes-app/sd-026-a-project-recipes-app/src/components/Buttons.jsx","statementMap":{"0":{"start":{"line":10,"column":26},"end":{"line":10,"column":41}},"1":{"start":{"line":13,"column":4},"end":{"line":13,"column":49}},"2":{"start":{"line":14,"column":4},"end":{"line":14,"column":18}},"3":{"start":{"line":16,"column":2},"end":{"line":33,"column":4}},"4":{"start":{"line":36,"column":0},"end":{"line":38,"column":13}}},"fnMap":{"0":{"name":"ShareButton","decl":{"start":{"line":9,"column":24},"end":{"line":9,"column":35}},"loc":{"start":{"line":9,"column":45},"end":{"line":34,"column":1}},"line":9},"1":{"name":"handleShare","decl":{"start":{"line":12,"column":11},"end":{"line":12,"column":22}},"loc":{"start":{"line":12,"column":25},"end":{"line":15,"column":3}},"line":12}},"branchMap":{"0":{"loc":{"start":{"line":25,"column":8},"end":{"line":25,"column":39}},"type":"cond-expr","locations":[{"start":{"line":25,"column":15},"end":{"line":25,"column":34}},{"start":{"line":25,"column":37},"end":{"line":25,"column":39}}],"line":25}},"s":{"0":3,"1":0,"2":0,"3":3,"4":3},"f":{"0":3,"1":0},"b":{"0":[0,3]},"_coverageSchema":"1a1c01bbd47fc00a2c39e90264f33305004495a9","hash":"9726cc350b9a68786ccb3d99326e68e038a2f498"}
,"/home/pablo/Projetos_trybe/Trybe-Project-recipes-app/sd-026-a-project-recipes-app/src/components/Card.jsx": {"path":"/home/pablo/Projetos_trybe/Trybe-Project-recipes-app/sd-026-a-project-recipes-app/src/components/Card.jsx","statementMap":{"0":{"start":{"line":5,"column":2},"end":{"line":15,"column":4}},"1":{"start":{"line":18,"column":0},"end":{"line":18,"column":48}}},"fnMap":{"0":{"name":"Card","decl":{"start":{"line":4,"column":9},"end":{"line":4,"column":13}},"loc":{"start":{"line":4,"column":53},"end":{"line":16,"column":1}},"line":4}},"branchMap":{},"s":{"0":274,"1":5},"f":{"0":274},"b":{},"_coverageSchema":"1a1c01bbd47fc00a2c39e90264f33305004495a9","hash":"2c260ec6e61f9021f47b170b7dbebf0841dea523"}
,"/home/pablo/Projetos_trybe/Trybe-Project-recipes-app/sd-026-a-project-recipes-app/src/components/DoneCard.jsx": {"path":"/home/pablo/Projetos_trybe/Trybe-Project-recipes-app/sd-026-a-project-recipes-app/src/components/DoneCard.jsx","statementMap":{"0":{"start":{"line":15,"column":2},"end":{"line":51,"column":4}},"1":{"start":{"line":45,"column":10},"end":{"line":47,"column":17}},"2":{"start":{"line":56,"column":0},"end":{"line":63,"column":13}}},"fnMap":{"0":{"name":"DoneCard","decl":{"start":{"line":5,"column":9},"end":{"line":5,"column":17}},"loc":{"start":{"line":14,"column":3},"end":{"line":52,"column":1}},"line":14},"1":{"name":"(anonymous_1)","decl":{"start":{"line":44,"column":18},"end":{"line":44,"column":19}},"loc":{"start":{"line":45,"column":10},"end":{"line":47,"column":17}},"line":45}},"branchMap":{"0":{"loc":{"start":{"line":27,"column":13},"end":{"line":27,"column":65}},"type":"cond-expr","locations":[{"start":{"line":27,"column":34},"end":{"line":27,"column":45}},{"start":{"line":27,"column":48},"end":{"line":27,"column":65}}],"line":27}},"s":{"0":0,"1":0,"2":3},"f":{"0":0,"1":0},"b":{"0":[0,0]},"_coverageSchema":"1a1c01bbd47fc00a2c39e90264f33305004495a9","hash":"edcdfe247ad2321bdf4c9d719c080e12e8b6d757"}
,"/home/pablo/Projetos_trybe/Trybe-Project-recipes-app/sd-026-a-project-recipes-app/src/components/FilterButton.jsx": {"path":"/home/pablo/Projetos_trybe/Trybe-Project-recipes-app/sd-026-a-project-recipes-app/src/components/FilterButton.jsx","statementMap":{"0":{"start":{"line":4,"column":2},"end":{"line":12,"column":4}},"1":{"start":{"line":17,"column":0},"end":{"line":17,"column":41}}},"fnMap":{"0":{"name":"FilterButton","decl":{"start":{"line":3,"column":9},"end":{"line":3,"column":21}},"loc":{"start":{"line":3,"column":63},"end":{"line":13,"column":1}},"line":3}},"branchMap":{},"s":{"0":142,"1":5},"f":{"0":142},"b":{},"_coverageSchema":"1a1c01bbd47fc00a2c39e90264f33305004495a9","hash":"a0735b176e91a4da8b59d8eeb532dcdc94e09279"}
,"/home/pablo/Projetos_trybe/Trybe-Project-recipes-app/sd-026-a-project-recipes-app/src/components/Footer.jsx": {"path":"/home/pablo/Projetos_trybe/Trybe-Project-recipes-app/sd-026-a-project-recipes-app/src/components/Footer.jsx","statementMap":{"0":{"start":{"line":9,"column":18},"end":{"line":9,"column":30}},"1":{"start":{"line":10,"column":30},"end":{"line":10,"column":56}},"2":{"start":{"line":13,"column":4},"end":{"line":13,"column":22}},"3":{"start":{"line":14,"column":4},"end":{"line":14,"column":23}},"4":{"start":{"line":16,"column":2},"end":{"line":25,"column":4}},"5":{"start":{"line":18,"column":44},"end":{"line":18,"column":69}},"6":{"start":{"line":21,"column":44},"end":{"line":21,"column":68}}},"fnMap":{"0":{"name":"Footer","decl":{"start":{"line":8,"column":9},"end":{"line":8,"column":15}},"loc":{"start":{"line":8,"column":18},"end":{"line":26,"column":1}},"line":8},"1":{"name":"toggleRedirect","decl":{"start":{"line":12,"column":11},"end":{"line":12,"column":25}},"loc":{"start":{"line":12,"column":32},"end":{"line":15,"column":3}},"line":12},"2":{"name":"(anonymous_2)","decl":{"start":{"line":18,"column":38},"end":{"line":18,"column":39}},"loc":{"start":{"line":18,"column":44},"end":{"line":18,"column":69}},"line":18},"3":{"name":"(anonymous_3)","decl":{"start":{"line":21,"column":38},"end":{"line":21,"column":39}},"loc":{"start":{"line":21,"column":44},"end":{"line":21,"column":68}},"line":21}},"branchMap":{},"s":{"0":32,"1":32,"2":2,"3":2,"4":32,"5":1,"6":1},"f":{"0":32,"1":2,"2":1,"3":1},"b":{},"_coverageSchema":"1a1c01bbd47fc00a2c39e90264f33305004495a9","hash":"2cc70d9fb51f3f231e8651cdcbc2bfecf5cd199e"}
,"/home/pablo/Projetos_trybe/Trybe-Project-recipes-app/sd-026-a-project-recipes-app/src/components/Header.jsx": {"path":"/home/pablo/Projetos_trybe/Trybe-Project-recipes-app/sd-026-a-project-recipes-app/src/components/Header.jsx","statementMap":{"0":{"start":{"line":9,"column":18},"end":{"line":9,"column":30}},"1":{"start":{"line":10,"column":30},"end":{"line":10,"column":45}},"2":{"start":{"line":12,"column":23},"end":{"line":12,"column":74}},"3":{"start":{"line":12,"column":30},"end":{"line":12,"column":73}},"4":{"start":{"line":13,"column":2},"end":{"line":44,"column":4}},"5":{"start":{"line":19,"column":26},"end":{"line":19,"column":50}},"6":{"start":{"line":49,"column":0},"end":{"line":52,"column":3}}},"fnMap":{"0":{"name":"Header","decl":{"start":{"line":8,"column":9},"end":{"line":8,"column":15}},"loc":{"start":{"line":8,"column":43},"end":{"line":45,"column":1}},"line":8},"1":{"name":"(anonymous_1)","decl":{"start":{"line":12,"column":23},"end":{"line":12,"column":24}},"loc":{"start":{"line":12,"column":30},"end":{"line":12,"column":73}},"line":12},"2":{"name":"(anonymous_2)","decl":{"start":{"line":19,"column":20},"end":{"line":19,"column":21}},"loc":{"start":{"line":19,"column":26},"end":{"line":19,"column":50}},"line":19}},"branchMap":{"0":{"loc":{"start":{"line":12,"column":30},"end":{"line":12,"column":73}},"type":"cond-expr","locations":[{"start":{"line":12,"column":39},"end":{"line":12,"column":55}},{"start":{"line":12,"column":58},"end":{"line":12,"column":73}}],"line":12},"1":{"loc":{"start":{"line":28,"column":8},"end":{"line":40,"column":18}},"type":"binary-expr","locations":[{"start":{"line":28,"column":8},"end":{"line":28,"column":22}},{"start":{"line":30,"column":8},"end":{"line":40,"column":17}}],"line":28},"2":{"loc":{"start":{"line":41,"column":8},"end":{"line":42,"column":22}},"type":"binary-expr","locations":[{"start":{"line":41,"column":8},"end":{"line":41,"column":14}},{"start":{"line":42,"column":9},"end":{"line":42,"column":22}}],"line":41}},"s":{"0":32,"1":32,"2":32,"3":8,"4":32,"5":3,"6":7},"f":{"0":32,"1":8,"2":3},"b":{"0":[1,7],"1":[32,20],"2":[32,7]},"_coverageSchema":"1a1c01bbd47fc00a2c39e90264f33305004495a9","hash":"81d76fa47f3618f91989fa6bd4bae8f4d1d792e5"}
,"/home/pablo/Projetos_trybe/Trybe-Project-recipes-app/sd-026-a-project-recipes-app/src/components/IngredientInput.jsx": {"path":"/home/pablo/Projetos_trybe/Trybe-Project-recipes-app/sd-026-a-project-recipes-app/src/components/IngredientInput.jsx","statementMap":{"0":{"start":{"line":5,"column":2},"end":{"line":21,"column":4}},"1":{"start":{"line":24,"column":0},"end":{"line":27,"column":13}}},"fnMap":{"0":{"name":"IngredientInput","decl":{"start":{"line":4,"column":9},"end":{"line":4,"column":24}},"loc":{"start":{"line":4,"column":67},"end":{"line":22,"column":1}},"line":4}},"branchMap":{"0":{"loc":{"start":{"line":9,"column":18},"end":{"line":9,"column":50}},"type":"cond-expr","locations":[{"start":{"line":9,"column":28},"end":{"line":9,"column":39}},{"start":{"line":9,"column":42},"end":{"line":9,"column":50}}],"line":9}},"s":{"0":0,"1":3},"f":{"0":0},"b":{"0":[0,0]},"_coverageSchema":"1a1c01bbd47fc00a2c39e90264f33305004495a9","hash":"835b3654b008383a636fbd943461f8df65b800e2"}
,"/home/pablo/Projetos_trybe/Trybe-Project-recipes-app/sd-026-a-project-recipes-app/src/components/RecipeDetails.js": {"path":"/home/pablo/Projetos_trybe/Trybe-Project-recipes-app/sd-026-a-project-recipes-app/src/components/RecipeDetails.js","statementMap":{"0":{"start":{"line":11,"column":18},"end":{"line":11,"column":20}},"1":{"start":{"line":12,"column":15},"end":{"line":12,"column":17}},"2":{"start":{"line":16,"column":42},"end":{"line":16,"column":54}},"3":{"start":{"line":17,"column":44},"end":{"line":17,"column":56}},"4":{"start":{"line":18,"column":26},"end":{"line":18,"column":54}},"5":{"start":{"line":19,"column":27},"end":{"line":19,"column":56}},"6":{"start":{"line":20,"column":41},"end":{"line":20,"column":106}},"7":{"start":{"line":21,"column":42},"end":{"line":21,"column":111}},"8":{"start":{"line":23,"column":62},"end":{"line":23,"column":88}},"9":{"start":{"line":24,"column":18},"end":{"line":24,"column":30}},"10":{"start":{"line":26,"column":2},"end":{"line":43,"column":87}},"11":{"start":{"line":27,"column":4},"end":{"line":34,"column":5}},"12":{"start":{"line":28,"column":6},"end":{"line":28,"column":85}},"13":{"start":{"line":30,"column":6},"end":{"line":33,"column":48}},"14":{"start":{"line":31,"column":23},"end":{"line":31,"column":33}},"15":{"start":{"line":32,"column":23},"end":{"line":32,"column":49}},"16":{"start":{"line":33,"column":26},"end":{"line":33,"column":46}},"17":{"start":{"line":35,"column":4},"end":{"line":42,"column":5}},"18":{"start":{"line":36,"column":6},"end":{"line":36,"column":81}},"19":{"start":{"line":38,"column":6},"end":{"line":41,"column":48}},"20":{"start":{"line":39,"column":23},"end":{"line":39,"column":33}},"21":{"start":{"line":40,"column":23},"end":{"line":40,"column":51}},"22":{"start":{"line":41,"column":26},"end":{"line":41,"column":46}},"23":{"start":{"line":45,"column":19},"end":{"line":50,"column":3}},"24":{"start":{"line":46,"column":4},"end":{"line":48,"column":5}},"25":{"start":{"line":47,"column":6},"end":{"line":47,"column":60}},"26":{"start":{"line":49,"column":4},"end":{"line":49,"column":59}},"27":{"start":{"line":52,"column":2},"end":{"line":144,"column":4}},"28":{"start":{"line":57,"column":10},"end":{"line":99,"column":16}},"29":{"start":{"line":63,"column":18},"end":{"line":68,"column":23}},"30":{"start":{"line":101,"column":12},"end":{"line":133,"column":18}},"31":{"start":{"line":107,"column":20},"end":{"line":112,"column":25}},"32":{"start":{"line":138,"column":24},"end":{"line":138,"column":34}},"33":{"start":{"line":149,"column":0},"end":{"line":152,"column":2}}},"fnMap":{"0":{"name":"RecipeDetails","decl":{"start":{"line":15,"column":9},"end":{"line":15,"column":22}},"loc":{"start":{"line":15,"column":42},"end":{"line":145,"column":1}},"line":15},"1":{"name":"(anonymous_1)","decl":{"start":{"line":26,"column":12},"end":{"line":26,"column":13}},"loc":{"start":{"line":26,"column":18},"end":{"line":43,"column":3}},"line":26},"2":{"name":"(anonymous_2)","decl":{"start":{"line":31,"column":14},"end":{"line":31,"column":15}},"loc":{"start":{"line":31,"column":23},"end":{"line":31,"column":33}},"line":31},"3":{"name":"(anonymous_3)","decl":{"start":{"line":32,"column":14},"end":{"line":32,"column":15}},"loc":{"start":{"line":32,"column":23},"end":{"line":32,"column":49}},"line":32},"4":{"name":"(anonymous_4)","decl":{"start":{"line":33,"column":15},"end":{"line":33,"column":16}},"loc":{"start":{"line":33,"column":26},"end":{"line":33,"column":46}},"line":33},"5":{"name":"(anonymous_5)","decl":{"start":{"line":39,"column":14},"end":{"line":39,"column":15}},"loc":{"start":{"line":39,"column":23},"end":{"line":39,"column":33}},"line":39},"6":{"name":"(anonymous_6)","decl":{"start":{"line":40,"column":14},"end":{"line":40,"column":15}},"loc":{"start":{"line":40,"column":23},"end":{"line":40,"column":51}},"line":40},"7":{"name":"(anonymous_7)","decl":{"start":{"line":41,"column":15},"end":{"line":41,"column":16}},"loc":{"start":{"line":41,"column":26},"end":{"line":41,"column":46}},"line":41},"8":{"name":"(anonymous_8)","decl":{"start":{"line":45,"column":19},"end":{"line":45,"column":20}},"loc":{"start":{"line":45,"column":25},"end":{"line":50,"column":3}},"line":45},"9":{"name":"(anonymous_9)","decl":{"start":{"line":56,"column":43},"end":{"line":56,"column":44}},"loc":{"start":{"line":57,"column":10},"end":{"line":99,"column":16}},"line":57},"10":{"name":"(anonymous_10)","decl":{"start":{"line":62,"column":21},"end":{"line":62,"column":22}},"loc":{"start":{"line":63,"column":18},"end":{"line":68,"column":23}},"line":63},"11":{"name":"(anonymous_11)","decl":{"start":{"line":100,"column":30},"end":{"line":100,"column":31}},"loc":{"start":{"line":101,"column":12},"end":{"line":133,"column":18}},"line":101},"12":{"name":"(anonymous_12)","decl":{"start":{"line":106,"column":23},"end":{"line":106,"column":24}},"loc":{"start":{"line":107,"column":20},"end":{"line":112,"column":25}},"line":107},"13":{"name":"(anonymous_13)","decl":{"start":{"line":138,"column":18},"end":{"line":138,"column":19}},"loc":{"start":{"line":138,"column":24},"end":{"line":138,"column":34}},"line":138}},"branchMap":{"0":{"loc":{"start":{"line":27,"column":4},"end":{"line":34,"column":5}},"type":"if","locations":[{"start":{"line":27,"column":4},"end":{"line":34,"column":5}},{"start":{},"end":{}}],"line":27},"1":{"loc":{"start":{"line":28,"column":30},"end":{"line":28,"column":83}},"type":"binary-expr","locations":[{"start":{"line":28,"column":30},"end":{"line":28,"column":51}},{"start":{"line":28,"column":55},"end":{"line":28,"column":83}}],"line":28},"2":{"loc":{"start":{"line":35,"column":4},"end":{"line":42,"column":5}},"type":"if","locations":[{"start":{"line":35,"column":4},"end":{"line":42,"column":5}},{"start":{},"end":{}}],"line":35},"3":{"loc":{"start":{"line":36,"column":29},"end":{"line":36,"column":79}},"type":"binary-expr","locations":[{"start":{"line":36,"column":29},"end":{"line":36,"column":49}},{"start":{"line":36,"column":53},"end":{"line":36,"column":79}}],"line":36},"4":{"loc":{"start":{"line":46,"column":4},"end":{"line":48,"column":5}},"type":"if","locations":[{"start":{"line":46,"column":4},"end":{"line":48,"column":5}},{"start":{},"end":{}}],"line":46},"5":{"loc":{"start":{"line":56,"column":8},"end":{"line":133,"column":20}},"type":"cond-expr","locations":[{"start":{"line":56,"column":26},"end":{"line":99,"column":18}},{"start":{"line":100,"column":12},"end":{"line":133,"column":20}}],"line":56}},"s":{"0":4,"1":4,"2":10,"3":10,"4":10,"5":10,"6":10,"7":10,"8":10,"9":10,"10":10,"11":5,"12":3,"13":3,"14":3,"15":3,"16":0,"17":5,"18":1,"19":1,"20":1,"21":1,"22":0,"23":10,"24":1,"25":0,"26":1,"27":10,"28":75,"29":1500,"30":0,"31":0,"32":1,"33":4},"f":{"0":10,"1":5,"2":3,"3":3,"4":0,"5":1,"6":1,"7":0,"8":1,"9":75,"10":1500,"11":0,"12":0,"13":1},"b":{"0":[3,2],"1":[3,1],"2":[1,4],"3":[1,0],"4":[0,1],"5":[6,4]},"_coverageSchema":"1a1c01bbd47fc00a2c39e90264f33305004495a9","hash":"1838f997d0823fbdf617699fef60ef4c02d34a28"}
,"/home/pablo/Projetos_trybe/Trybe-Project-recipes-app/sd-026-a-project-recipes-app/src/components/Recipes.jsx": {"path":"/home/pablo/Projetos_trybe/Trybe-Project-recipes-app/sd-026-a-project-recipes-app/src/components/Recipes.jsx","statementMap":{"0":{"start":{"line":10,"column":40},"end":{"line":10,"column":66}},"1":{"start":{"line":11,"column":32},"end":{"line":11,"column":44}},"2":{"start":{"line":12,"column":35},"end":{"line":12,"column":102}},"3":{"start":{"line":13,"column":36},"end":{"line":13,"column":107}},"4":{"start":{"line":14,"column":38},"end":{"line":14,"column":50}},"5":{"start":{"line":15,"column":32},"end":{"line":15,"column":47}},"6":{"start":{"line":16,"column":19},"end":{"line":16,"column":32}},"7":{"start":{"line":17,"column":18},"end":{"line":17,"column":30}},"8":{"start":{"line":18,"column":26},"end":{"line":18,"column":62}},"9":{"start":{"line":19,"column":27},"end":{"line":19,"column":64}},"10":{"start":{"line":20,"column":56},"end":{"line":20,"column":75}},"11":{"start":{"line":22,"column":2},"end":{"line":39,"column":84}},"12":{"start":{"line":23,"column":4},"end":{"line":30,"column":5}},"13":{"start":{"line":24,"column":6},"end":{"line":27,"column":48}},"14":{"start":{"line":25,"column":23},"end":{"line":25,"column":33}},"15":{"start":{"line":26,"column":23},"end":{"line":26,"column":44}},"16":{"start":{"line":27,"column":26},"end":{"line":27,"column":46}},"17":{"start":{"line":29,"column":6},"end":{"line":29,"column":60}},"18":{"start":{"line":31,"column":4},"end":{"line":38,"column":5}},"19":{"start":{"line":32,"column":6},"end":{"line":35,"column":48}},"20":{"start":{"line":33,"column":23},"end":{"line":33,"column":33}},"21":{"start":{"line":34,"column":23},"end":{"line":34,"column":45}},"22":{"start":{"line":35,"column":26},"end":{"line":35,"column":46}},"23":{"start":{"line":37,"column":6},"end":{"line":37,"column":63}},"24":{"start":{"line":41,"column":39},"end":{"line":41,"column":88}},"25":{"start":{"line":42,"column":22},"end":{"line":42,"column":24}},"26":{"start":{"line":43,"column":25},"end":{"line":43,"column":26}},"27":{"start":{"line":44,"column":23},"end":{"line":44,"column":67}},"28":{"start":{"line":46,"column":27},"end":{"line":60,"column":3}},"29":{"start":{"line":47,"column":17},"end":{"line":47,"column":19}},"30":{"start":{"line":48,"column":4},"end":{"line":52,"column":5}},"31":{"start":{"line":49,"column":6},"end":{"line":49,"column":80}},"32":{"start":{"line":51,"column":6},"end":{"line":51,"column":84}},"33":{"start":{"line":53,"column":4},"end":{"line":59,"column":5}},"34":{"start":{"line":54,"column":22},"end":{"line":54,"column":41}},"35":{"start":{"line":55,"column":23},"end":{"line":55,"column":43}},"36":{"start":{"line":56,"column":6},"end":{"line":56,"column":69}},"37":{"start":{"line":58,"column":6},"end":{"line":58,"column":27}},"38":{"start":{"line":62,"column":28},"end":{"line":67,"column":3}},"39":{"start":{"line":63,"column":4},"end":{"line":65,"column":5}},"40":{"start":{"line":64,"column":6},"end":{"line":64,"column":42}},"41":{"start":{"line":66,"column":4},"end":{"line":66,"column":41}},"42":{"start":{"line":69,"column":2},"end":{"line":124,"column":4}},"43":{"start":{"line":74,"column":33},"end":{"line":74,"column":55}},"44":{"start":{"line":76,"column":12},"end":{"line":84,"column":14}},"45":{"start":{"line":80,"column":41},"end":{"line":83,"column":56}},"46":{"start":{"line":88,"column":32},"end":{"line":88,"column":52}},"47":{"start":{"line":95,"column":36},"end":{"line":95,"column":55}},"48":{"start":{"line":97,"column":14},"end":{"line":106,"column":16}},"49":{"start":{"line":104,"column":38},"end":{"line":105,"column":51}},"50":{"start":{"line":109,"column":39},"end":{"line":109,"column":58}},"51":{"start":{"line":111,"column":14},"end":{"line":120,"column":16}},"52":{"start":{"line":118,"column":38},"end":{"line":119,"column":51}}},"fnMap":{"0":{"name":"Recipes","decl":{"start":{"line":9,"column":9},"end":{"line":9,"column":16}},"loc":{"start":{"line":9,"column":19},"end":{"line":125,"column":1}},"line":9},"1":{"name":"(anonymous_1)","decl":{"start":{"line":22,"column":12},"end":{"line":22,"column":13}},"loc":{"start":{"line":22,"column":18},"end":{"line":39,"column":3}},"line":22},"2":{"name":"(anonymous_2)","decl":{"start":{"line":25,"column":14},"end":{"line":25,"column":15}},"loc":{"start":{"line":25,"column":23},"end":{"line":25,"column":33}},"line":25},"3":{"name":"(anonymous_3)","decl":{"start":{"line":26,"column":14},"end":{"line":26,"column":15}},"loc":{"start":{"line":26,"column":23},"end":{"line":26,"column":44}},"line":26},"4":{"name":"(anonymous_4)","decl":{"start":{"line":27,"column":15},"end":{"line":27,"column":16}},"loc":{"start":{"line":27,"column":26},"end":{"line":27,"column":46}},"line":27},"5":{"name":"(anonymous_5)","decl":{"start":{"line":33,"column":14},"end":{"line":33,"column":15}},"loc":{"start":{"line":33,"column":23},"end":{"line":33,"column":33}},"line":33},"6":{"name":"(anonymous_6)","decl":{"start":{"line":34,"column":14},"end":{"line":34,"column":15}},"loc":{"start":{"line":34,"column":23},"end":{"line":34,"column":45}},"line":34},"7":{"name":"(anonymous_7)","decl":{"start":{"line":35,"column":15},"end":{"line":35,"column":16}},"loc":{"start":{"line":35,"column":26},"end":{"line":35,"column":46}},"line":35},"8":{"name":"(anonymous_8)","decl":{"start":{"line":46,"column":27},"end":{"line":46,"column":28}},"loc":{"start":{"line":46,"column":45},"end":{"line":60,"column":3}},"line":46},"9":{"name":"(anonymous_9)","decl":{"start":{"line":62,"column":28},"end":{"line":62,"column":29}},"loc":{"start":{"line":62,"column":36},"end":{"line":67,"column":3}},"line":62},"10":{"name":"(anonymous_10)","decl":{"start":{"line":74,"column":18},"end":{"line":74,"column":19}},"loc":{"start":{"line":74,"column":33},"end":{"line":74,"column":55}},"line":74},"11":{"name":"(anonymous_11)","decl":{"start":{"line":75,"column":15},"end":{"line":75,"column":16}},"loc":{"start":{"line":76,"column":12},"end":{"line":84,"column":14}},"line":76},"12":{"name":"(anonymous_12)","decl":{"start":{"line":80,"column":30},"end":{"line":80,"column":31}},"loc":{"start":{"line":80,"column":41},"end":{"line":83,"column":56}},"line":80},"13":{"name":"(anonymous_13)","decl":{"start":{"line":88,"column":26},"end":{"line":88,"column":27}},"loc":{"start":{"line":88,"column":32},"end":{"line":88,"column":52}},"line":88},"14":{"name":"(anonymous_14)","decl":{"start":{"line":95,"column":20},"end":{"line":95,"column":21}},"loc":{"start":{"line":95,"column":36},"end":{"line":95,"column":55}},"line":95},"15":{"name":"(anonymous_15)","decl":{"start":{"line":96,"column":17},"end":{"line":96,"column":18}},"loc":{"start":{"line":97,"column":14},"end":{"line":106,"column":16}},"line":97},"16":{"name":"(anonymous_16)","decl":{"start":{"line":104,"column":32},"end":{"line":104,"column":33}},"loc":{"start":{"line":104,"column":38},"end":{"line":105,"column":51}},"line":104},"17":{"name":"(anonymous_17)","decl":{"start":{"line":109,"column":20},"end":{"line":109,"column":21}},"loc":{"start":{"line":109,"column":39},"end":{"line":109,"column":58}},"line":109},"18":{"name":"(anonymous_18)","decl":{"start":{"line":110,"column":17},"end":{"line":110,"column":18}},"loc":{"start":{"line":111,"column":14},"end":{"line":120,"column":16}},"line":111},"19":{"name":"(anonymous_19)","decl":{"start":{"line":118,"column":32},"end":{"line":118,"column":33}},"loc":{"start":{"line":118,"column":38},"end":{"line":119,"column":51}},"line":118}},"branchMap":{"0":{"loc":{"start":{"line":23,"column":4},"end":{"line":30,"column":5}},"type":"if","locations":[{"start":{"line":23,"column":4},"end":{"line":30,"column":5}},{"start":{},"end":{}}],"line":23},"1":{"loc":{"start":{"line":29,"column":20},"end":{"line":29,"column":58}},"type":"binary-expr","locations":[{"start":{"line":29,"column":20},"end":{"line":29,"column":34}},{"start":{"line":29,"column":38},"end":{"line":29,"column":58}}],"line":29},"2":{"loc":{"start":{"line":31,"column":4},"end":{"line":38,"column":5}},"type":"if","locations":[{"start":{"line":31,"column":4},"end":{"line":38,"column":5}},{"start":{},"end":{}}],"line":31},"3":{"loc":{"start":{"line":37,"column":20},"end":{"line":37,"column":61}},"type":"binary-expr","locations":[{"start":{"line":37,"column":20},"end":{"line":37,"column":35}},{"start":{"line":37,"column":39},"end":{"line":37,"column":61}}],"line":37},"4":{"loc":{"start":{"line":41,"column":39},"end":{"line":41,"column":88}},"type":"binary-expr","locations":[{"start":{"line":41,"column":39},"end":{"line":41,"column":61}},{"start":{"line":41,"column":65},"end":{"line":41,"column":88}}],"line":41},"5":{"loc":{"start":{"line":44,"column":23},"end":{"line":44,"column":67}},"type":"cond-expr","locations":[{"start":{"line":44,"column":41},"end":{"line":44,"column":52}},{"start":{"line":44,"column":55},"end":{"line":44,"column":67}}],"line":44},"6":{"loc":{"start":{"line":48,"column":4},"end":{"line":52,"column":5}},"type":"if","locations":[{"start":{"line":48,"column":4},"end":{"line":52,"column":5}},{"start":{"line":50,"column":11},"end":{"line":52,"column":5}}],"line":48},"7":{"loc":{"start":{"line":56,"column":17},"end":{"line":56,"column":67}},"type":"cond-expr","locations":[{"start":{"line":56,"column":35},"end":{"line":56,"column":49}},{"start":{"line":56,"column":52},"end":{"line":56,"column":67}}],"line":56},"8":{"loc":{"start":{"line":63,"column":4},"end":{"line":65,"column":5}},"type":"if","locations":[{"start":{"line":63,"column":4},"end":{"line":65,"column":5}},{"start":{},"end":{}}],"line":63},"9":{"loc":{"start":{"line":73,"column":9},"end":{"line":85,"column":12}},"type":"binary-expr","locations":[{"start":{"line":73,"column":9},"end":{"line":73,"column":19}},{"start":{"line":73,"column":23},"end":{"line":85,"column":12}}],"line":73},"10":{"loc":{"start":{"line":80,"column":41},"end":{"line":83,"column":56}},"type":"cond-expr","locations":[{"start":{"line":81,"column":19},"end":{"line":81,"column":39}},{"start":{"line":82,"column":19},"end":{"line":83,"column":55}}],"line":80},"11":{"loc":{"start":{"line":82,"column":19},"end":{"line":83,"column":55}},"type":"binary-expr","locations":[{"start":{"line":82,"column":19},"end":{"line":82,"column":51}},{"start":{"line":83,"column":17},"end":{"line":83,"column":55}}],"line":82},"12":{"loc":{"start":{"line":93,"column":9},"end":{"line":121,"column":14}},"type":"cond-expr","locations":[{"start":{"line":94,"column":12},"end":{"line":107,"column":14}},{"start":{"line":108,"column":12},"end":{"line":121,"column":14}}],"line":93},"13":{"loc":{"start":{"line":101,"column":18},"end":{"line":101,"column":78}},"type":"cond-expr","locations":[{"start":{"line":101,"column":36},"end":{"line":101,"column":55}},{"start":{"line":101,"column":58},"end":{"line":101,"column":78}}],"line":101},"14":{"loc":{"start":{"line":103,"column":23},"end":{"line":103,"column":73}},"type":"cond-expr","locations":[{"start":{"line":103,"column":41},"end":{"line":103,"column":55}},{"start":{"line":103,"column":58},"end":{"line":103,"column":73}}],"line":103},"15":{"loc":{"start":{"line":104,"column":56},"end":{"line":105,"column":50}},"type":"cond-expr","locations":[{"start":{"line":105,"column":20},"end":{"line":105,"column":33}},{"start":{"line":105,"column":36},"end":{"line":105,"column":50}}],"line":104},"16":{"loc":{"start":{"line":108,"column":13},"end":{"line":109,"column":59}},"type":"binary-expr","locations":[{"start":{"line":108,"column":13},"end":{"line":108,"column":20}},{"start":{"line":108,"column":24},"end":{"line":109,"column":59}}],"line":108},"17":{"loc":{"start":{"line":115,"column":18},"end":{"line":115,"column":78}},"type":"cond-expr","locations":[{"start":{"line":115,"column":36},"end":{"line":115,"column":55}},{"start":{"line":115,"column":58},"end":{"line":115,"column":78}}],"line":115},"18":{"loc":{"start":{"line":117,"column":23},"end":{"line":117,"column":73}},"type":"cond-expr","locations":[{"start":{"line":117,"column":41},"end":{"line":117,"column":55}},{"start":{"line":117,"column":58},"end":{"line":117,"column":73}}],"line":117},"19":{"loc":{"start":{"line":118,"column":56},"end":{"line":119,"column":50}},"type":"cond-expr","locations":[{"start":{"line":119,"column":20},"end":{"line":119,"column":33}},{"start":{"line":119,"column":36},"end":{"line":119,"column":50}}],"line":118}},"s":{"0":66,"1":64,"2":64,"3":64,"4":64,"5":64,"6":64,"7":64,"8":64,"9":64,"10":64,"11":64,"12":25,"13":10,"14":8,"15":8,"16":0,"17":10,"18":25,"19":12,"20":11,"21":11,"22":0,"23":12,"24":64,"25":64,"26":64,"27":64,"28":64,"29":0,"30":0,"31":0,"32":0,"33":0,"34":0,"35":0,"36":0,"37":0,"38":64,"39":2,"40":1,"41":1,"42":64,"43":335,"44":91,"45":0,"46":1,"47":26,"48":22,"49":0,"50":487,"51":276,"52":2},"f":{"0":66,"1":25,"2":8,"3":8,"4":0,"5":11,"6":11,"7":0,"8":0,"9":2,"10":335,"11":91,"12":0,"13":1,"14":26,"15":22,"16":0,"17":487,"18":276,"19":2},"b":{"0":[10,15],"1":[10,4],"2":[12,13],"3":[12,6],"4":[64,63],"5":[27,37],"6":[0,0],"7":[0,0],"8":[1,1],"9":[64,41],"10":[0,0],"11":[0,0],"12":[2,62],"13":[10,12],"14":[10,12],"15":[0,0],"16":[62,62],"17":[116,160],"18":[116,160],"19":[1,1]},"_coverageSchema":"1a1c01bbd47fc00a2c39e90264f33305004495a9","hash":"f20b11e3c76a64a784a4a526231921fe6be703ca"}
,"/home/pablo/Projetos_trybe/Trybe-Project-recipes-app/sd-026-a-project-recipes-app/src/components/RecipesFavorites.jsx": {"path":"/home/pablo/Projetos_trybe/Trybe-Project-recipes-app/sd-026-a-project-recipes-app/src/components/RecipesFavorites.jsx","statementMap":{"0":{"start":{"line":11,"column":15},"end":{"line":11,"column":53}},"1":{"start":{"line":13,"column":2},"end":{"line":59,"column":4}},"2":{"start":{"line":39,"column":26},"end":{"line":39,"column":42}},"3":{"start":{"line":48,"column":26},"end":{"line":48,"column":40}},"4":{"start":{"line":62,"column":0},"end":{"line":74,"column":13}}},"fnMap":{"0":{"name":"RecipesFavorites","decl":{"start":{"line":8,"column":9},"end":{"line":8,"column":25}},"loc":{"start":{"line":10,"column":52},"end":{"line":60,"column":1}},"line":10},"1":{"name":"(anonymous_1)","decl":{"start":{"line":39,"column":20},"end":{"line":39,"column":21}},"loc":{"start":{"line":39,"column":26},"end":{"line":39,"column":42}},"line":39},"2":{"name":"(anonymous_2)","decl":{"start":{"line":48,"column":20},"end":{"line":48,"column":21}},"loc":{"start":{"line":48,"column":26},"end":{"line":48,"column":40}},"line":48}},"branchMap":{"0":{"loc":{"start":{"line":24,"column":8},"end":{"line":29,"column":13}},"type":"binary-expr","locations":[{"start":{"line":24,"column":8},"end":{"line":24,"column":19}},{"start":{"line":25,"column":8},"end":{"line":29,"column":12}}],"line":24},"1":{"loc":{"start":{"line":30,"column":7},"end":{"line":36,"column":7}},"type":"binary-expr","locations":[{"start":{"line":30,"column":7},"end":{"line":30,"column":14}},{"start":{"line":31,"column":8},"end":{"line":35,"column":12}}],"line":30},"2":{"loc":{"start":{"line":56,"column":9},"end":{"line":56,"column":44}},"type":"binary-expr","locations":[{"start":{"line":56,"column":9},"end":{"line":56,"column":21}},{"start":{"line":56,"column":25},"end":{"line":56,"column":44}}],"line":56}},"s":{"0":11,"1":11,"2":0,"3":0,"4":4},"f":{"0":11,"1":0,"2":0},"b":{"0":[11,5],"1":[11,6],"2":[11,0]},"_coverageSchema":"1a1c01bbd47fc00a2c39e90264f33305004495a9","hash":"7c611b1deb2c3e53492ddaf6cdbb553a2cf108e5"}
,"/home/pablo/Projetos_trybe/Trybe-Project-recipes-app/sd-026-a-project-recipes-app/src/components/RecommendationsDrinks.jsx": {"path":"/home/pablo/Projetos_trybe/Trybe-Project-recipes-app/sd-026-a-project-recipes-app/src/components/RecommendationsDrinks.jsx","statementMap":{"0":{"start":{"line":7,"column":12},"end":{"line":7,"column":13}},"1":{"start":{"line":10,"column":26},"end":{"line":10,"column":38}},"2":{"start":{"line":12,"column":35},"end":{"line":12,"column":61}},"3":{"start":{"line":14,"column":2},"end":{"line":19,"column":29}},"4":{"start":{"line":15,"column":4},"end":{"line":18,"column":5}},"5":{"start":{"line":16,"column":26},"end":{"line":16,"column":84}},"6":{"start":{"line":16,"column":72},"end":{"line":16,"column":83}},"7":{"start":{"line":17,"column":6},"end":{"line":17,"column":27}},"8":{"start":{"line":21,"column":29},"end":{"line":21,"column":40}},"9":{"start":{"line":23,"column":23},"end":{"line":25,"column":3}},"10":{"start":{"line":24,"column":4},"end":{"line":24,"column":28}},"11":{"start":{"line":26,"column":2},"end":{"line":52,"column":4}},"12":{"start":{"line":32,"column":12},"end":{"line":48,"column":28}},"13":{"start":{"line":57,"column":0},"end":{"line":57,"column":65}}},"fnMap":{"0":{"name":"RecommendationsDrinks","decl":{"start":{"line":9,"column":9},"end":{"line":9,"column":30}},"loc":{"start":{"line":9,"column":33},"end":{"line":53,"column":1}},"line":9},"1":{"name":"(anonymous_1)","decl":{"start":{"line":14,"column":12},"end":{"line":14,"column":13}},"loc":{"start":{"line":14,"column":18},"end":{"line":19,"column":3}},"line":14},"2":{"name":"(anonymous_2)","decl":{"start":{"line":16,"column":54},"end":{"line":16,"column":55}},"loc":{"start":{"line":16,"column":72},"end":{"line":16,"column":83}},"line":16},"3":{"name":"(anonymous_3)","decl":{"start":{"line":23,"column":23},"end":{"line":23,"column":24}},"loc":{"start":{"line":23,"column":42},"end":{"line":25,"column":3}},"line":23},"4":{"name":"(anonymous_4)","decl":{"start":{"line":31,"column":19},"end":{"line":31,"column":20}},"loc":{"start":{"line":32,"column":12},"end":{"line":48,"column":28}},"line":32}},"branchMap":{"0":{"loc":{"start":{"line":15,"column":4},"end":{"line":18,"column":5}},"type":"if","locations":[{"start":{"line":15,"column":4},"end":{"line":18,"column":5}},{"start":{},"end":{}}],"line":15},"1":{"loc":{"start":{"line":26,"column":10},"end":{"line":51,"column":11}},"type":"binary-expr","locations":[{"start":{"line":26,"column":10},"end":{"line":26,"column":25}},{"start":{"line":28,"column":4},"end":{"line":51,"column":10}}],"line":26}},"s":{"0":4,"1":50,"2":50,"3":50,"4":50,"5":0,"6":0,"7":0,"8":50,"9":50,"10":0,"11":50,"12":0,"13":4},"f":{"0":50,"1":50,"2":0,"3":0,"4":0},"b":{"0":[0,50],"1":[50,0]},"_coverageSchema":"1a1c01bbd47fc00a2c39e90264f33305004495a9","hash":"25fcbc764167b46c543d1b1e574420cfa596e406"}
,"/home/pablo/Projetos_trybe/Trybe-Project-recipes-app/sd-026-a-project-recipes-app/src/components/RecommendationsMeals.jsx": {"path":"/home/pablo/Projetos_trybe/Trybe-Project-recipes-app/sd-026-a-project-recipes-app/src/components/RecommendationsMeals.jsx","statementMap":{"0":{"start":{"line":7,"column":12},"end":{"line":7,"column":13}},"1":{"start":{"line":10,"column":26},"end":{"line":10,"column":38}},"2":{"start":{"line":12,"column":34},"end":{"line":12,"column":60}},"3":{"start":{"line":14,"column":2},"end":{"line":19,"column":28}},"4":{"start":{"line":15,"column":4},"end":{"line":18,"column":5}},"5":{"start":{"line":16,"column":26},"end":{"line":16,"column":83}},"6":{"start":{"line":16,"column":71},"end":{"line":16,"column":82}},"7":{"start":{"line":17,"column":6},"end":{"line":17,"column":27}},"8":{"start":{"line":21,"column":29},"end":{"line":21,"column":40}},"9":{"start":{"line":23,"column":23},"end":{"line":25,"column":3}},"10":{"start":{"line":24,"column":4},"end":{"line":24,"column":28}},"11":{"start":{"line":26,"column":2},"end":{"line":52,"column":4}},"12":{"start":{"line":32,"column":12},"end":{"line":48,"column":28}},"13":{"start":{"line":57,"column":0},"end":{"line":57,"column":64}}},"fnMap":{"0":{"name":"RecommendationsMeals","decl":{"start":{"line":9,"column":9},"end":{"line":9,"column":29}},"loc":{"start":{"line":9,"column":32},"end":{"line":53,"column":1}},"line":9},"1":{"name":"(anonymous_1)","decl":{"start":{"line":14,"column":12},"end":{"line":14,"column":13}},"loc":{"start":{"line":14,"column":18},"end":{"line":19,"column":3}},"line":14},"2":{"name":"(anonymous_2)","decl":{"start":{"line":16,"column":53},"end":{"line":16,"column":54}},"loc":{"start":{"line":16,"column":71},"end":{"line":16,"column":82}},"line":16},"3":{"name":"(anonymous_3)","decl":{"start":{"line":23,"column":23},"end":{"line":23,"column":24}},"loc":{"start":{"line":23,"column":42},"end":{"line":25,"column":3}},"line":23},"4":{"name":"(anonymous_4)","decl":{"start":{"line":31,"column":19},"end":{"line":31,"column":20}},"loc":{"start":{"line":32,"column":12},"end":{"line":48,"column":28}},"line":32}},"branchMap":{"0":{"loc":{"start":{"line":15,"column":4},"end":{"line":18,"column":5}},"type":"if","locations":[{"start":{"line":15,"column":4},"end":{"line":18,"column":5}},{"start":{},"end":{}}],"line":15},"1":{"loc":{"start":{"line":26,"column":10},"end":{"line":51,"column":11}},"type":"binary-expr","locations":[{"start":{"line":26,"column":10},"end":{"line":26,"column":25}},{"start":{"line":28,"column":4},"end":{"line":51,"column":10}}],"line":26}},"s":{"0":4,"1":0,"2":0,"3":0,"4":0,"5":0,"6":0,"7":0,"8":0,"9":0,"10":0,"11":0,"12":0,"13":4},"f":{"0":0,"1":0,"2":0,"3":0,"4":0},"b":{"0":[0,0],"1":[0,0]},"_coverageSchema":"1a1c01bbd47fc00a2c39e90264f33305004495a9","hash":"8028271ebe687c18a43791a3178ffd5f1762f6c0"}
,"/home/pablo/Projetos_trybe/Trybe-Project-recipes-app/sd-026-a-project-recipes-app/src/components/SearchBar.jsx": {"path":"/home/pablo/Projetos_trybe/Trybe-Project-recipes-app/sd-026-a-project-recipes-app/src/components/SearchBar.jsx","statementMap":{"0":{"start":{"line":6,"column":30},"end":{"line":6,"column":42}},"1":{"start":{"line":7,"column":23},"end":{"line":7,"column":33}},"2":{"start":{"line":12,"column":23},"end":{"line":12,"column":49}},"3":{"start":{"line":14,"column":18},"end":{"line":14,"column":30}},"4":{"start":{"line":15,"column":19},"end":{"line":15,"column":32}},"5":{"start":{"line":17,"column":22},"end":{"line":21,"column":3}},"6":{"start":{"line":18,"column":4},"end":{"line":20,"column":5}},"7":{"start":{"line":19,"column":6},"end":{"line":19,"column":42}},"8":{"start":{"line":23,"column":23},"end":{"line":32,"column":3}},"9":{"start":{"line":24,"column":16},"end":{"line":24,"column":17}},"10":{"start":{"line":25,"column":4},"end":{"line":29,"column":5}},"11":{"start":{"line":26,"column":6},"end":{"line":26,"column":67}},"12":{"start":{"line":28,"column":6},"end":{"line":28,"column":20}},"13":{"start":{"line":30,"column":4},"end":{"line":30,"column":46}},"14":{"start":{"line":31,"column":4},"end":{"line":31,"column":18}},"15":{"start":{"line":34,"column":2},"end":{"line":54,"column":21}},"16":{"start":{"line":35,"column":4},"end":{"line":38,"column":5}},"17":{"start":{"line":36,"column":22},"end":{"line":36,"column":42}},"18":{"start":{"line":37,"column":6},"end":{"line":37,"column":40}},"19":{"start":{"line":39,"column":4},"end":{"line":42,"column":5}},"20":{"start":{"line":40,"column":23},"end":{"line":40,"column":44}},"21":{"start":{"line":41,"column":6},"end":{"line":41,"column":42}},"22":{"start":{"line":43,"column":4},"end":{"line":45,"column":5}},"23":{"start":{"line":44,"column":6},"end":{"line":44,"column":34}},"24":{"start":{"line":46,"column":4},"end":{"line":48,"column":5}},"25":{"start":{"line":47,"column":6},"end":{"line":47,"column":33}},"26":{"start":{"line":56,"column":2},"end":{"line":112,"column":4}},"27":{"start":{"line":64,"column":37},"end":{"line":64,"column":60}}},"fnMap":{"0":{"name":"SearchBar","decl":{"start":{"line":5,"column":9},"end":{"line":5,"column":18}},"loc":{"start":{"line":5,"column":21},"end":{"line":113,"column":1}},"line":5},"1":{"name":"(anonymous_1)","decl":{"start":{"line":17,"column":22},"end":{"line":17,"column":23}},"loc":{"start":{"line":17,"column":38},"end":{"line":21,"column":3}},"line":17},"2":{"name":"(anonymous_2)","decl":{"start":{"line":23,"column":23},"end":{"line":23,"column":24}},"loc":{"start":{"line":23,"column":29},"end":{"line":32,"column":3}},"line":23},"3":{"name":"(anonymous_3)","decl":{"start":{"line":34,"column":12},"end":{"line":34,"column":13}},"loc":{"start":{"line":34,"column":18},"end":{"line":49,"column":3}},"line":34},"4":{"name":"(anonymous_4)","decl":{"start":{"line":64,"column":21},"end":{"line":64,"column":22}},"loc":{"start":{"line":64,"column":37},"end":{"line":64,"column":60}},"line":64}},"branchMap":{"0":{"loc":{"start":{"line":18,"column":4},"end":{"line":20,"column":5}},"type":"if","locations":[{"start":{"line":18,"column":4},"end":{"line":20,"column":5}},{"start":{},"end":{}}],"line":18},"1":{"loc":{"start":{"line":25,"column":4},"end":{"line":29,"column":5}},"type":"if","locations":[{"start":{"line":25,"column":4},"end":{"line":29,"column":5}},{"start":{},"end":{}}],"line":25},"2":{"loc":{"start":{"line":25,"column":8},"end":{"line":25,"column":69}},"type":"binary-expr","locations":[{"start":{"line":25,"column":8},"end":{"line":25,"column":46}},{"start":{"line":25,"column":50},"end":{"line":25,"column":69}}],"line":25},"3":{"loc":{"start":{"line":35,"column":4},"end":{"line":38,"column":5}},"type":"if","locations":[{"start":{"line":35,"column":4},"end":{"line":38,"column":5}},{"start":{},"end":{}}],"line":35},"4":{"loc":{"start":{"line":35,"column":8},"end":{"line":35,"column":70}},"type":"binary-expr","locations":[{"start":{"line":35,"column":8},"end":{"line":35,"column":43}},{"start":{"line":35,"column":47},"end":{"line":35,"column":70}}],"line":35},"5":{"loc":{"start":{"line":39,"column":4},"end":{"line":42,"column":5}},"type":"if","locations":[{"start":{"line":39,"column":4},"end":{"line":42,"column":5}},{"start":{},"end":{}}],"line":39},"6":{"loc":{"start":{"line":39,"column":8},"end":{"line":39,"column":71}},"type":"binary-expr","locations":[{"start":{"line":39,"column":8},"end":{"line":39,"column":44}},{"start":{"line":39,"column":48},"end":{"line":39,"column":71}}],"line":39},"7":{"loc":{"start":{"line":43,"column":4},"end":{"line":45,"column":5}},"type":"if","locations":[{"start":{"line":43,"column":4},"end":{"line":45,"column":5}},{"start":{},"end":{}}],"line":43},"8":{"loc":{"start":{"line":43,"column":8},"end":{"line":43,"column":69}},"type":"binary-expr","locations":[{"start":{"line":43,"column":8},"end":{"line":43,"column":44}},{"start":{"line":43,"column":48},"end":{"line":43,"column":69}}],"line":43},"9":{"loc":{"start":{"line":46,"column":4},"end":{"line":48,"column":5}},"type":"if","locations":[{"start":{"line":46,"column":4},"end":{"line":48,"column":5}},{"start":{},"end":{}}],"line":46},"10":{"loc":{"start":{"line":46,"column":8},"end":{"line":46,"column":68}},"type":"binary-expr","locations":[{"start":{"line":46,"column":8},"end":{"line":46,"column":43}},{"start":{"line":46,"column":47},"end":{"line":46,"column":68}}],"line":46}},"s":{"0":58,"1":58,"2":58,"3":58,"4":58,"5":58,"6":6,"7":6,"8":58,"9":6,"10":6,"11":1,"12":1,"13":5,"14":5,"15":58,"16":11,"17":1,"18":1,"19":11,"20":1,"21":1,"22":11,"23":1,"24":11,"25":1,"26":58,"27":40},"f":{"0":58,"1":6,"2":6,"3":11,"4":40},"b":{"0":[6,0],"1":[1,5],"2":[6,1],"3":[1,10],"4":[11,5],"5":[1,10],"6":[11,5],"7":[1,10],"8":[11,5],"9":[1,10],"10":[11,5]},"_coverageSchema":"1a1c01bbd47fc00a2c39e90264f33305004495a9","hash":"b2ef8508a3cff88b1fd47b2425a9c76fa5b06b30"}
,"/home/pablo/Projetos_trybe/Trybe-Project-recipes-app/sd-026-a-project-recipes-app/src/context/RecipesContext.jsx": {"path":"/home/pablo/Projetos_trybe/Trybe-Project-recipes-app/sd-026-a-project-recipes-app/src/context/RecipesContext.jsx","statementMap":{"0":{"start":{"line":3,"column":23},"end":{"line":3,"column":38}}},"fnMap":{},"branchMap":{},"s":{"0":8},"f":{},"b":{},"_coverageSchema":"1a1c01bbd47fc00a2c39e90264f33305004495a9","hash":"8d480809ec079e5a7f886fffbe1c3dd04adb92c9"}
,"/home/pablo/Projetos_trybe/Trybe-Project-recipes-app/sd-026-a-project-recipes-app/src/context/RecipesProvider.jsx": {"path":"/home/pablo/Projetos_trybe/Trybe-Project-recipes-app/sd-026-a-project-recipes-app/src/context/RecipesProvider.jsx","statementMap":{"0":{"start":{"line":7,"column":38},"end":{"line":7,"column":50}},"1":{"start":{"line":8,"column":42},"end":{"line":8,"column":54}},"2":{"start":{"line":9,"column":40},"end":{"line":9,"column":52}},"3":{"start":{"line":10,"column":36},"end":{"line":10,"column":51}},"4":{"start":{"line":11,"column":56},"end":{"line":11,"column":68}},"5":{"start":{"line":12,"column":58},"end":{"line":12,"column":70}},"6":{"start":{"line":13,"column":19},"end":{"line":13,"column":32}},"7":{"start":{"line":15,"column":25},"end":{"line":33,"column":16}},"8":{"start":{"line":16,"column":4},"end":{"line":16,"column":23}},"9":{"start":{"line":17,"column":4},"end":{"line":24,"column":5}},"10":{"start":{"line":18,"column":23},"end":{"line":22,"column":7}},"11":{"start":{"line":23,"column":6},"end":{"line":23,"column":34}},"12":{"start":{"line":25,"column":4},"end":{"line":32,"column":5}},"13":{"start":{"line":26,"column":24},"end":{"line":30,"column":7}},"14":{"start":{"line":31,"column":6},"end":{"line":31,"column":35}},"15":{"start":{"line":35,"column":22},"end":{"line":54,"column":44}},"16":{"start":{"line":36,"column":4},"end":{"line":53,"column":5}},"17":{"start":{"line":37,"column":21},"end":{"line":37,"column":59}},"18":{"start":{"line":38,"column":27},"end":{"line":38,"column":46}},"19":{"start":{"line":39,"column":22},"end":{"line":39,"column":47}},"20":{"start":{"line":40,"column":6},"end":{"line":42,"column":7}},"21":{"start":{"line":41,"column":8},"end":{"line":41,"column":38}},"22":{"start":{"line":43,"column":6},"end":{"line":45,"column":7}},"23":{"start":{"line":44,"column":8},"end":{"line":44,"column":37}},"24":{"start":{"line":46,"column":6},"end":{"line":48,"column":7}},"25":{"start":{"line":47,"column":8},"end":{"line":47,"column":80}},"26":{"start":{"line":49,"column":6},"end":{"line":49,"column":26}},"27":{"start":{"line":50,"column":6},"end":{"line":50,"column":24}},"28":{"start":{"line":52,"column":6},"end":{"line":52,"column":25}},"29":{"start":{"line":56,"column":26},"end":{"line":58,"column":3}},"30":{"start":{"line":57,"column":4},"end":{"line":57,"column":22}},"31":{"start":{"line":60,"column":16},"end":{"line":82,"column":4}},"32":{"start":{"line":60,"column":31},"end":{"line":74,"column":3}},"33":{"start":{"line":84,"column":2},"end":{"line":88,"column":4}},"34":{"start":{"line":91,"column":0},"end":{"line":93,"column":2}}},"fnMap":{"0":{"name":"RecipesProvider","decl":{"start":{"line":6,"column":9},"end":{"line":6,"column":24}},"loc":{"start":{"line":6,"column":39},"end":{"line":89,"column":1}},"line":6},"1":{"name":"(anonymous_1)","decl":{"start":{"line":15,"column":37},"end":{"line":15,"column":38}},"loc":{"start":{"line":15,"column":65},"end":{"line":33,"column":3}},"line":15},"2":{"name":"(anonymous_2)","decl":{"start":{"line":35,"column":34},"end":{"line":35,"column":35}},"loc":{"start":{"line":35,"column":68},"end":{"line":54,"column":3}},"line":35},"3":{"name":"(anonymous_3)","decl":{"start":{"line":56,"column":26},"end":{"line":56,"column":27}},"loc":{"start":{"line":56,"column":32},"end":{"line":58,"column":3}},"line":56},"4":{"name":"(anonymous_4)","decl":{"start":{"line":60,"column":24},"end":{"line":60,"column":25}},"loc":{"start":{"line":60,"column":31},"end":{"line":74,"column":3}},"line":60}},"branchMap":{"0":{"loc":{"start":{"line":17,"column":4},"end":{"line":24,"column":5}},"type":"if","locations":[{"start":{"line":17,"column":4},"end":{"line":24,"column":5}},{"start":{},"end":{}}],"line":17},"1":{"loc":{"start":{"line":25,"column":4},"end":{"line":32,"column":5}},"type":"if","locations":[{"start":{"line":25,"column":4},"end":{"line":32,"column":5}},{"start":{},"end":{}}],"line":25},"2":{"loc":{"start":{"line":40,"column":6},"end":{"line":42,"column":7}},"type":"if","locations":[{"start":{"line":40,"column":6},"end":{"line":42,"column":7}},{"start":{},"end":{}}],"line":40},"3":{"loc":{"start":{"line":40,"column":10},"end":{"line":40,"column":73}},"type":"binary-expr","locations":[{"start":{"line":40,"column":10},"end":{"line":40,"column":46}},{"start":{"line":40,"column":50},"end":{"line":40,"column":73}}],"line":40},"4":{"loc":{"start":{"line":43,"column":6},"end":{"line":45,"column":7}},"type":"if","locations":[{"start":{"line":43,"column":6},"end":{"line":45,"column":7}},{"start":{},"end":{}}],"line":43},"5":{"loc":{"start":{"line":43,"column":10},"end":{"line":43,"column":71}},"type":"binary-expr","locations":[{"start":{"line":43,"column":10},"end":{"line":43,"column":45}},{"start":{"line":43,"column":49},"end":{"line":43,"column":71}}],"line":43},"6":{"loc":{"start":{"line":46,"column":6},"end":{"line":48,"column":7}},"type":"if","locations":[{"start":{"line":46,"column":6},"end":{"line":48,"column":7}},{"start":{},"end":{}}],"line":46},"7":{"loc":{"start":{"line":46,"column":10},"end":{"line":46,"column":59}},"type":"binary-expr","locations":[{"start":{"line":46,"column":10},"end":{"line":46,"column":33}},{"start":{"line":46,"column":37},"end":{"line":46,"column":59}}],"line":46}},"s":{"0":53,"1":53,"2":53,"3":53,"4":53,"5":53,"6":53,"7":53,"8":5,"9":5,"10":3,"11":3,"12":2,"13":2,"14":2,"15":53,"16":5,"17":5,"18":5,"19":5,"20":5,"21":2,"22":5,"23":3,"24":5,"25":0,"26":5,"27":5,"28":0,"29":53,"30":2,"31":53,"32":53,"33":53,"34":8},"f":{"0":53,"1":5,"2":5,"3":2,"4":53},"b":{"0":[3,2],"1":[2,0],"2":[2,3],"3":[5,2],"4":[3,2],"5":[5,3],"6":[0,5],"7":[5,5]},"_coverageSchema":"1a1c01bbd47fc00a2c39e90264f33305004495a9","hash":"dfe51dc5cc07825c1fc464bee56f68737974a181"}
,"/home/pablo/Projetos_trybe/Trybe-Project-recipes-app/sd-026-a-project-recipes-app/src/helpers/combineIngredientsAndMeasures.js": {"path":"/home/pablo/Projetos_trybe/Trybe-Project-recipes-app/sd-026-a-project-recipes-app/src/helpers/combineIngredientsAndMeasures.js","statementMap":{"0":{"start":{"line":1,"column":38},"end":{"line":25,"column":1}},"1":{"start":{"line":3,"column":22},"end":{"line":7,"column":11}},"2":{"start":{"line":4,"column":21},"end":{"line":4,"column":50}},"3":{"start":{"line":5,"column":26},"end":{"line":7,"column":6}},"4":{"start":{"line":10,"column":19},"end":{"line":14,"column":11}},"5":{"start":{"line":11,"column":21},"end":{"line":11,"column":47}},"6":{"start":{"line":12,"column":26},"end":{"line":14,"column":6}},"7":{"start":{"line":16,"column":24},"end":{"line":16,"column":47}},"8":{"start":{"line":18,"column":25},"end":{"line":22,"column":80}},"9":{"start":{"line":19,"column":32},"end":{"line":21,"column":30}},"10":{"start":{"line":22,"column":29},"end":{"line":22,"column":79}},"11":{"start":{"line":24,"column":2},"end":{"line":24,"column":24}}},"fnMap":{"0":{"name":"(anonymous_0)","decl":{"start":{"line":1,"column":38},"end":{"line":1,"column":39}},"loc":{"start":{"line":1,"column":56},"end":{"line":25,"column":1}},"line":1},"1":{"name":"(anonymous_1)","decl":{"start":{"line":4,"column":12},"end":{"line":4,"column":13}},"loc":{"start":{"line":4,"column":21},"end":{"line":4,"column":50}},"line":4},"2":{"name":"(anonymous_2)","decl":{"start":{"line":5,"column":12},"end":{"line":5,"column":13}},"loc":{"start":{"line":5,"column":26},"end":{"line":7,"column":6}},"line":5},"3":{"name":"(anonymous_3)","decl":{"start":{"line":11,"column":12},"end":{"line":11,"column":13}},"loc":{"start":{"line":11,"column":21},"end":{"line":11,"column":47}},"line":11},"4":{"name":"(anonymous_4)","decl":{"start":{"line":12,"column":12},"end":{"line":12,"column":13}},"loc":{"start":{"line":12,"column":26},"end":{"line":14,"column":6}},"line":12},"5":{"name":"(anonymous_5)","decl":{"start":{"line":19,"column":9},"end":{"line":19,"column":10}},"loc":{"start":{"line":19,"column":32},"end":{"line":21,"column":30}},"line":19},"6":{"name":"(anonymous_6)","decl":{"start":{"line":22,"column":12},"end":{"line":22,"column":13}},"loc":{"start":{"line":22,"column":29},"end":{"line":22,"column":79}},"line":22}},"branchMap":{"0":{"loc":{"start":{"line":19,"column":49},"end":{"line":21,"column":28}},"type":"cond-expr","locations":[{"start":{"line":20,"column":8},"end":{"line":20,"column":10}},{"start":{"line":21,"column":8},"end":{"line":21,"column":28}}],"line":19},"1":{"loc":{"start":{"line":22,"column":29},"end":{"line":22,"column":79}},"type":"binary-expr","locations":[{"start":{"line":22,"column":29},"end":{"line":22,"column":56}},{"start":{"line":22,"column":60},"end":{"line":22,"column":79}}],"line":22}},"s":{"0":4,"1":75,"2":3825,"3":1500,"4":75,"5":3825,"6":1500,"7":75,"8":75,"9":1500,"10":1500,"11":75},"f":{"0":75,"1":3825,"2":1500,"3":3825,"4":1500,"5":1500,"6":1500},"b":{"0":[0,1500],"1":[1500,1500]},"_coverageSchema":"1a1c01bbd47fc00a2c39e90264f33305004495a9","hash":"3aae867166488e0b87bc8a017731324c894fa252"}
,"/home/pablo/Projetos_trybe/Trybe-Project-recipes-app/sd-026-a-project-recipes-app/src/pages/DoneRecipes.jsx": {"path":"/home/pablo/Projetos_trybe/Trybe-Project-recipes-app/sd-026-a-project-recipes-app/src/pages/DoneRecipes.jsx","statementMap":{"0":{"start":{"line":8,"column":20},"end":{"line":31,"column":1}},"1":{"start":{"line":34,"column":2},"end":{"line":66,"column":4}},"2":{"start":{"line":51,"column":12},"end":{"line":61,"column":14}}},"fnMap":{"0":{"name":"DoneRecipes","decl":{"start":{"line":33,"column":9},"end":{"line":33,"column":20}},"loc":{"start":{"line":33,"column":23},"end":{"line":67,"column":1}},"line":33},"1":{"name":"(anonymous_1)","decl":{"start":{"line":50,"column":28},"end":{"line":50,"column":29}},"loc":{"start":{"line":51,"column":12},"end":{"line":61,"column":14}},"line":51}},"branchMap":{},"s":{"0":3,"1":0,"2":0},"f":{"0":0,"1":0},"b":{},"_coverageSchema":"1a1c01bbd47fc00a2c39e90264f33305004495a9","hash":"2fa0442c407c59b1336548f9ce902eed97caae94"}
,"/home/pablo/Projetos_trybe/Trybe-Project-recipes-app/sd-026-a-project-recipes-app/src/pages/Drinks.jsx": {"path":"/home/pablo/Projetos_trybe/Trybe-Project-recipes-app/sd-026-a-project-recipes-app/src/pages/Drinks.jsx","statementMap":{"0":{"start":{"line":6,"column":2},"end":{"line":17,"column":4}}},"fnMap":{"0":{"name":"Drinks","decl":{"start":{"line":5,"column":9},"end":{"line":5,"column":15}},"loc":{"start":{"line":5,"column":18},"end":{"line":18,"column":1}},"line":5}},"branchMap":{},"s":{"0":6},"f":{"0":6},"b":{},"_coverageSchema":"1a1c01bbd47fc00a2c39e90264f33305004495a9","hash":"95427c3c420e1a34c759ae42275942d3ece12ef0"}
,"/home/pablo/Projetos_trybe/Trybe-Project-recipes-app/sd-026-a-project-recipes-app/src/pages/FavoriteRecipes.jsx": {"path":"/home/pablo/Projetos_trybe/Trybe-Project-recipes-app/sd-026-a-project-recipes-app/src/pages/FavoriteRecipes.jsx","statementMap":{"0":{"start":{"line":7,"column":26},"end":{"line":7,"column":38}},"1":{"start":{"line":8,"column":30},"end":{"line":8,"column":42}},"2":{"start":{"line":10,"column":22},"end":{"line":13,"column":3}},"3":{"start":{"line":11,"column":4},"end":{"line":11,"column":15}},"4":{"start":{"line":12,"column":4},"end":{"line":12,"column":18}},"5":{"start":{"line":15,"column":22},"end":{"line":17,"column":3}},"6":{"start":{"line":16,"column":4},"end":{"line":16,"column":65}},"7":{"start":{"line":19,"column":20},"end":{"line":22,"column":3}},"8":{"start":{"line":20,"column":19},"end":{"line":20,"column":70}},"9":{"start":{"line":21,"column":4},"end":{"line":21,"column":51}},"10":{"start":{"line":21,"column":33},"end":{"line":21,"column":48}},"11":{"start":{"line":24,"column":21},"end":{"line":30,"column":3}},"12":{"start":{"line":25,"column":19},"end":{"line":25,"column":70}},"13":{"start":{"line":26,"column":20},"end":{"line":26,"column":53}},"14":{"start":{"line":26,"column":41},"end":{"line":26,"column":52}},"15":{"start":{"line":27,"column":4},"end":{"line":27,"column":47}},"16":{"start":{"line":28,"column":4},"end":{"line":28,"column":21}},"17":{"start":{"line":29,"column":4},"end":{"line":29,"column":69}},"18":{"start":{"line":32,"column":2},"end":{"line":36,"column":9}},"19":{"start":{"line":33,"column":4},"end":{"line":35,"column":5}},"20":{"start":{"line":34,"column":6},"end":{"line":34,"column":67}},"21":{"start":{"line":38,"column":2},"end":{"line":76,"column":4}},"22":{"start":{"line":48,"column":26},"end":{"line":48,"column":43}},"23":{"start":{"line":54,"column":26},"end":{"line":54,"column":44}},"24":{"start":{"line":60,"column":56},"end":{"line":73,"column":10}}},"fnMap":{"0":{"name":"FavoriteRecipes","decl":{"start":{"line":6,"column":24},"end":{"line":6,"column":39}},"loc":{"start":{"line":6,"column":42},"end":{"line":77,"column":1}},"line":6},"1":{"name":"(anonymous_1)","decl":{"start":{"line":10,"column":22},"end":{"line":10,"column":23}},"loc":{"start":{"line":10,"column":36},"end":{"line":13,"column":3}},"line":10},"2":{"name":"(anonymous_2)","decl":{"start":{"line":15,"column":22},"end":{"line":15,"column":23}},"loc":{"start":{"line":15,"column":28},"end":{"line":17,"column":3}},"line":15},"3":{"name":"(anonymous_3)","decl":{"start":{"line":19,"column":20},"end":{"line":19,"column":21}},"loc":{"start":{"line":19,"column":30},"end":{"line":22,"column":3}},"line":19},"4":{"name":"(anonymous_4)","decl":{"start":{"line":21,"column":26},"end":{"line":21,"column":27}},"loc":{"start":{"line":21,"column":33},"end":{"line":21,"column":48}},"line":21},"5":{"name":"(anonymous_5)","decl":{"start":{"line":24,"column":21},"end":{"line":24,"column":22}},"loc":{"start":{"line":24,"column":29},"end":{"line":30,"column":3}},"line":24},"6":{"name":"(anonymous_6)","decl":{"start":{"line":26,"column":34},"end":{"line":26,"column":35}},"loc":{"start":{"line":26,"column":41},"end":{"line":26,"column":52}},"line":26},"7":{"name":"(anonymous_7)","decl":{"start":{"line":32,"column":12},"end":{"line":32,"column":13}},"loc":{"start":{"line":32,"column":18},"end":{"line":36,"column":3}},"line":32},"8":{"name":"(anonymous_8)","decl":{"start":{"line":48,"column":20},"end":{"line":48,"column":21}},"loc":{"start":{"line":48,"column":26},"end":{"line":48,"column":43}},"line":48},"9":{"name":"(anonymous_9)","decl":{"start":{"line":54,"column":20},"end":{"line":54,"column":21}},"loc":{"start":{"line":54,"column":26},"end":{"line":54,"column":44}},"line":54},"10":{"name":"(anonymous_10)","decl":{"start":{"line":60,"column":38},"end":{"line":60,"column":39}},"loc":{"start":{"line":60,"column":56},"end":{"line":73,"column":10}},"line":60}},"branchMap":{"0":{"loc":{"start":{"line":33,"column":4},"end":{"line":35,"column":5}},"type":"if","locations":[{"start":{"line":33,"column":4},"end":{"line":35,"column":5}},{"start":{},"end":{}}],"line":33},"1":{"loc":{"start":{"line":60,"column":10},"end":{"line":73,"column":12}},"type":"binary-expr","locations":[{"start":{"line":60,"column":10},"end":{"line":60,"column":25}},{"start":{"line":60,"column":29},"end":{"line":73,"column":12}}],"line":60}},"s":{"0":11,"1":11,"2":11,"3":0,"4":0,"5":11,"6":1,"7":11,"8":2,"9":2,"10":4,"11":11,"12":0,"13":0,"14":0,"15":0,"16":0,"17":0,"18":11,"19":4,"20":4,"21":11,"22":1,"23":1,"24":11},"f":{"0":11,"1":0,"2":1,"3":2,"4":4,"5":0,"6":0,"7":4,"8":1,"9":1,"10":11},"b":{"0":[4,0],"1":[11,6]},"_coverageSchema":"1a1c01bbd47fc00a2c39e90264f33305004495a9","hash":"a0d2f8131dcb8609deb89fff700f77a7e6d22032"}
,"/home/pablo/Projetos_trybe/Trybe-Project-recipes-app/sd-026-a-project-recipes-app/src/pages/Loading.jsx": {"path":"/home/pablo/Projetos_trybe/Trybe-Project-recipes-app/sd-026-a-project-recipes-app/src/pages/Loading.jsx","statementMap":{"0":{"start":{"line":4,"column":2},"end":{"line":6,"column":4}}},"fnMap":{"0":{"name":"Loading","decl":{"start":{"line":3,"column":24},"end":{"line":3,"column":31}},"loc":{"start":{"line":3,"column":34},"end":{"line":7,"column":1}},"line":3}},"branchMap":{},"s":{"0":0},"f":{"0":0},"b":{}}
,"/home/pablo/Projetos_trybe/Trybe-Project-recipes-app/sd-026-a-project-recipes-app/src/pages/Login.jsx": {"path":"/home/pablo/Projetos_trybe/Trybe-Project-recipes-app/sd-026-a-project-recipes-app/src/pages/Login.jsx","statementMap":{"0":{"start":{"line":6,"column":28},"end":{"line":6,"column":40}},"1":{"start":{"line":7,"column":34},"end":{"line":7,"column":46}},"2":{"start":{"line":8,"column":36},"end":{"line":8,"column":50}},"3":{"start":{"line":10,"column":23},"end":{"line":21,"column":3}},"4":{"start":{"line":11,"column":22},"end":{"line":11,"column":28}},"5":{"start":{"line":12,"column":4},"end":{"line":12,"column":20}},"6":{"start":{"line":13,"column":16},"end":{"line":13,"column":17}},"7":{"start":{"line":15,"column":6},"end":{"line":15,"column":51}},"8":{"start":{"line":17,"column":22},"end":{"line":17,"column":44}},"9":{"start":{"line":18,"column":21},"end":{"line":18,"column":43}},"10":{"start":{"line":19,"column":18},"end":{"line":19,"column":41}},"11":{"start":{"line":20,"column":4},"end":{"line":20,"column":23}},"12":{"start":{"line":23,"column":20},"end":{"line":29,"column":3}},"13":{"start":{"line":24,"column":20},"end":{"line":24,"column":29}},"14":{"start":{"line":25,"column":35},"end":{"line":26,"column":47}},"15":{"start":{"line":27,"column":4},"end":{"line":27,"column":27}},"16":{"start":{"line":28,"column":4},"end":{"line":28,"column":34}},"17":{"start":{"line":31,"column":2},"end":{"line":66,"column":4}},"18":{"start":{"line":45,"column":35},"end":{"line":45,"column":65}},"19":{"start":{"line":53,"column":35},"end":{"line":53,"column":68}},"20":{"start":{"line":71,"column":0},"end":{"line":73,"column":2}}},"fnMap":{"0":{"name":"Login","decl":{"start":{"line":5,"column":9},"end":{"line":5,"column":14}},"loc":{"start":{"line":5,"column":28},"end":{"line":67,"column":1}},"line":5},"1":{"name":"(anonymous_1)","decl":{"start":{"line":10,"column":23},"end":{"line":10,"column":24}},"loc":{"start":{"line":10,"column":45},"end":{"line":21,"column":3}},"line":10},"2":{"name":"(anonymous_2)","decl":{"start":{"line":23,"column":20},"end":{"line":23,"column":21}},"loc":{"start":{"line":23,"column":26},"end":{"line":29,"column":3}},"line":23},"3":{"name":"(anonymous_3)","decl":{"start":{"line":45,"column":19},"end":{"line":45,"column":20}},"loc":{"start":{"line":45,"column":35},"end":{"line":45,"column":65}},"line":45},"4":{"name":"(anonymous_4)","decl":{"start":{"line":53,"column":19},"end":{"line":53,"column":20}},"loc":{"start":{"line":53,"column":35},"end":{"line":53,"column":68}},"line":53}},"branchMap":{"0":{"loc":{"start":{"line":19,"column":18},"end":{"line":19,"column":41}},"type":"binary-expr","locations":[{"start":{"line":19,"column":18},"end":{"line":19,"column":28}},{"start":{"line":19,"column":32},"end":{"line":19,"column":41}}],"line":19}},"s":{"0":31,"1":31,"2":31,"3":31,"4":23,"5":23,"6":23,"7":23,"8":23,"9":23,"10":23,"11":23,"12":31,"13":1,"14":1,"15":1,"16":1,"17":31,"18":13,"19":10,"20":3},"f":{"0":31,"1":23,"2":1,"3":13,"4":10},"b":{"0":[23,11]},"_coverageSchema":"1a1c01bbd47fc00a2c39e90264f33305004495a9","hash":"7dd156b76334878edaf127f0536f2758d76b4c96"}
,"/home/pablo/Projetos_trybe/Trybe-Project-recipes-app/sd-026-a-project-recipes-app/src/pages/Meals.jsx": {"path":"/home/pablo/Projetos_trybe/Trybe-Project-recipes-app/sd-026-a-project-recipes-app/src/pages/Meals.jsx","statementMap":{"0":{"start":{"line":6,"column":2},"end":{"line":15,"column":4}}},"fnMap":{"0":{"name":"Meals","decl":{"start":{"line":5,"column":9},"end":{"line":5,"column":14}},"loc":{"start":{"line":5,"column":17},"end":{"line":16,"column":1}},"line":5}},"branchMap":{},"s":{"0":9},"f":{"0":9},"b":{},"_coverageSchema":"1a1c01bbd47fc00a2c39e90264f33305004495a9","hash":"ce9e1a96d97cb34bd68535a2fd066f0018f92e7f"}
,"/home/pablo/Projetos_trybe/Trybe-Project-recipes-app/sd-026-a-project-recipes-app/src/pages/Profile.jsx": {"path":"/home/pablo/Projetos_trybe/Trybe-Project-recipes-app/sd-026-a-project-recipes-app/src/pages/Profile.jsx","statementMap":{"0":{"start":{"line":7,"column":18},"end":{"line":7,"column":30}},"1":{"start":{"line":9,"column":15},"end":{"line":9,"column":61}},"2":{"start":{"line":12,"column":4},"end":{"line":12,"column":23}},"3":{"start":{"line":15,"column":4},"end":{"line":15,"column":23}},"4":{"start":{"line":18,"column":4},"end":{"line":18,"column":23}},"5":{"start":{"line":19,"column":4},"end":{"line":19,"column":38}},"6":{"start":{"line":21,"column":2},"end":{"line":55,"column":4}},"7":{"start":{"line":33,"column":26},"end":{"line":33,"column":60}},"8":{"start":{"line":40,"column":26},"end":{"line":40,"column":68}},"9":{"start":{"line":47,"column":26},"end":{"line":47,"column":43}}},"fnMap":{"0":{"name":"Profile","decl":{"start":{"line":6,"column":9},"end":{"line":6,"column":16}},"loc":{"start":{"line":6,"column":19},"end":{"line":56,"column":1}},"line":6},"1":{"name":"toggleDoneRecipes","decl":{"start":{"line":11,"column":11},"end":{"line":11,"column":28}},"loc":{"start":{"line":11,"column":35},"end":{"line":13,"column":3}},"line":11},"2":{"name":"toggleFavoriteRecipes","decl":{"start":{"line":14,"column":11},"end":{"line":14,"column":32}},"loc":{"start":{"line":14,"column":39},"end":{"line":16,"column":3}},"line":14},"3":{"name":"toggleLogout","decl":{"start":{"line":17,"column":11},"end":{"line":17,"column":23}},"loc":{"start":{"line":17,"column":30},"end":{"line":20,"column":3}},"line":17},"4":{"name":"(anonymous_4)","decl":{"start":{"line":33,"column":20},"end":{"line":33,"column":21}},"loc":{"start":{"line":33,"column":26},"end":{"line":33,"column":60}},"line":33},"5":{"name":"(anonymous_5)","decl":{"start":{"line":40,"column":20},"end":{"line":40,"column":21}},"loc":{"start":{"line":40,"column":26},"end":{"line":40,"column":68}},"line":40},"6":{"name":"(anonymous_6)","decl":{"start":{"line":47,"column":20},"end":{"line":47,"column":21}},"loc":{"start":{"line":47,"column":26},"end":{"line":47,"column":43}},"line":47}},"branchMap":{"0":{"loc":{"start":{"line":9,"column":15},"end":{"line":9,"column":61}},"type":"binary-expr","locations":[{"start":{"line":9,"column":15},"end":{"line":9,"column":55}},{"start":{"line":9,"column":59},"end":{"line":9,"column":61}}],"line":9}},"s":{"0":1,"1":1,"2":1,"3":1,"4":1,"5":1,"6":1,"7":1,"8":1,"9":1},"f":{"0":1,"1":1,"2":1,"3":1,"4":1,"5":1,"6":1},"b":{"0":[1,1]},"_coverageSchema":"1a1c01bbd47fc00a2c39e90264f33305004495a9","hash":"31566ccb793dfc85d8a34acd5ce918ff2182321b"}
,"/home/pablo/Projetos_trybe/Trybe-Project-recipes-app/sd-026-a-project-recipes-app/src/pages/RecipeInProgress.jsx": {"path":"/home/pablo/Projetos_trybe/Trybe-Project-recipes-app/sd-026-a-project-recipes-app/src/pages/RecipeInProgress.jsx","statementMap":{"0":{"start":{"line":9,"column":34},"end":{"line":9,"column":49}},"1":{"start":{"line":10,"column":19},"end":{"line":10,"column":32}},"2":{"start":{"line":11,"column":26},"end":{"line":11,"column":62}},"3":{"start":{"line":12,"column":26},"end":{"line":12,"column":37}},"4":{"start":{"line":13,"column":14},"end":{"line":15,"column":75}},"5":{"start":{"line":17,"column":36},"end":{"line":17,"column":49}},"6":{"start":{"line":19,"column":21},"end":{"line":19,"column":61}},"7":{"start":{"line":21,"column":26},"end":{"line":24,"column":50}},"8":{"start":{"line":21,"column":42},"end":{"line":24,"column":50}},"9":{"start":{"line":26,"column":2},"end":{"line":68,"column":4}},"10":{"start":{"line":54,"column":14},"end":{"line":60,"column":16}},"11":{"start":{"line":58,"column":42},"end":{"line":58,"column":69}}},"fnMap":{"0":{"name":"RecipeInProgress","decl":{"start":{"line":8,"column":9},"end":{"line":8,"column":25}},"loc":{"start":{"line":8,"column":28},"end":{"line":69,"column":1}},"line":8},"1":{"name":"(anonymous_1)","decl":{"start":{"line":21,"column":26},"end":{"line":21,"column":27}},"loc":{"start":{"line":21,"column":42},"end":{"line":24,"column":50}},"line":21},"2":{"name":"(anonymous_2)","decl":{"start":{"line":53,"column":18},"end":{"line":53,"column":19}},"loc":{"start":{"line":54,"column":14},"end":{"line":60,"column":16}},"line":54},"3":{"name":"(anonymous_3)","decl":{"start":{"line":58,"column":26},"end":{"line":58,"column":27}},"loc":{"start":{"line":58,"column":42},"end":{"line":58,"column":69}},"line":58}},"branchMap":{"0":{"loc":{"start":{"line":13,"column":14},"end":{"line":15,"column":75}},"type":"cond-expr","locations":[{"start":{"line":14,"column":6},"end":{"line":14,"column":71}},{"start":{"line":15,"column":6},"end":{"line":15,"column":75}}],"line":13},"1":{"loc":{"start":{"line":19,"column":21},"end":{"line":19,"column":61}},"type":"cond-expr","locations":[{"start":{"line":19,"column":39},"end":{"line":19,"column":48}},{"start":{"line":19,"column":51},"end":{"line":19,"column":61}}],"line":19},"2":{"loc":{"start":{"line":21,"column":27},"end":{"line":21,"column":37}},"type":"default-arg","locations":[{"start":{"line":21,"column":35},"end":{"line":21,"column":37}}],"line":21},"3":{"loc":{"start":{"line":21,"column":42},"end":{"line":24,"column":50}},"type":"binary-expr","locations":[{"start":{"line":21,"column":42},"end":{"line":21,"column":48}},{"start":{"line":22,"column":8},"end":{"line":24,"column":49}}],"line":21},"4":{"loc":{"start":{"line":22,"column":8},"end":{"line":24,"column":49}},"type":"cond-expr","locations":[{"start":{"line":23,"column":8},"end":{"line":23,"column":48}},{"start":{"line":24,"column":8},"end":{"line":24,"column":49}}],"line":22},"5":{"loc":{"start":{"line":28,"column":7},"end":{"line":28,"column":34}},"type":"binary-expr","locations":[{"start":{"line":28,"column":7},"end":{"line":28,"column":14}},{"start":{"line":28,"column":18},"end":{"line":28,"column":34}}],"line":28},"6":{"loc":{"start":{"line":29,"column":7},"end":{"line":66,"column":7}},"type":"binary-expr","locations":[{"start":{"line":29,"column":7},"end":{"line":29,"column":13}},{"start":{"line":30,"column":8},"end":{"line":65,"column":14}}],"line":29},"7":{"loc":{"start":{"line":41,"column":13},"end":{"line":43,"column":44}},"type":"cond-expr","locations":[{"start":{"line":42,"column":16},"end":{"line":42,"column":43}},{"start":{"line":43,"column":16},"end":{"line":43,"column":44}}],"line":41},"8":{"loc":{"start":{"line":46,"column":13},"end":{"line":48,"column":48}},"type":"cond-expr","locations":[{"start":{"line":47,"column":16},"end":{"line":47,"column":47}},{"start":{"line":48,"column":16},"end":{"line":48,"column":48}}],"line":46},"9":{"loc":{"start":{"line":52,"column":14},"end":{"line":52,"column":60}},"type":"cond-expr","locations":[{"start":{"line":52,"column":32},"end":{"line":52,"column":44}},{"start":{"line":52,"column":47},"end":{"line":52,"column":60}}],"line":52}},"s":{"0":0,"1":0,"2":0,"3":0,"4":0,"5":0,"6":0,"7":0,"8":0,"9":0,"10":0,"11":0},"f":{"0":0,"1":0,"2":0,"3":0},"b":{"0":[0,0],"1":[0,0],"2":[0],"3":[0,0],"4":[0,0],"5":[0,0],"6":[0,0],"7":[0,0],"8":[0,0],"9":[0,0]},"_coverageSchema":"1a1c01bbd47fc00a2c39e90264f33305004495a9","hash":"3c12fcadc36cfb2b873ad91739f426c704977519"}
,"/home/pablo/Projetos_trybe/Trybe-Project-recipes-app/sd-026-a-project-recipes-app/src/pages/SearchDrinks.jsx": {"path":"/home/pablo/Projetos_trybe/Trybe-Project-recipes-app/sd-026-a-project-recipes-app/src/pages/SearchDrinks.jsx","statementMap":{"0":{"start":{"line":8,"column":45},"end":{"line":8,"column":50}},"1":{"start":{"line":9,"column":2},"end":{"line":18,"column":4}},"2":{"start":{"line":23,"column":0},"end":{"line":30,"column":13}}},"fnMap":{"0":{"name":"SearchDrinks","decl":{"start":{"line":6,"column":9},"end":{"line":6,"column":21}},"loc":{"start":{"line":6,"column":29},"end":{"line":19,"column":1}},"line":6}},"branchMap":{},"s":{"0":1,"1":1,"2":3},"f":{"0":1},"b":{},"_coverageSchema":"1a1c01bbd47fc00a2c39e90264f33305004495a9","hash":"d8e94928516bf80d772292725231a67069fcb5de"}
,"/home/pablo/Projetos_trybe/Trybe-Project-recipes-app/sd-026-a-project-recipes-app/src/pages/SearchDrinksProgress.jsx": {"path":"/home/pablo/Projetos_trybe/Trybe-Project-recipes-app/sd-026-a-project-recipes-app/src/pages/SearchDrinksProgress.jsx","statementMap":{"0":{"start":{"line":4,"column":2},"end":{"line":6,"column":4}}},"fnMap":{"0":{"name":"SearchDrinksProgress","decl":{"start":{"line":3,"column":9},"end":{"line":3,"column":29}},"loc":{"start":{"line":3,"column":32},"end":{"line":7,"column":1}},"line":3}},"branchMap":{},"s":{"0":0},"f":{"0":0},"b":{}}
,"/home/pablo/Projetos_trybe/Trybe-Project-recipes-app/sd-026-a-project-recipes-app/src/pages/SearchFoods.jsx": {"path":"/home/pablo/Projetos_trybe/Trybe-Project-recipes-app/sd-026-a-project-recipes-app/src/pages/SearchFoods.jsx","statementMap":{"0":{"start":{"line":7,"column":45},"end":{"line":7,"column":50}},"1":{"start":{"line":8,"column":2},"end":{"line":17,"column":4}},"2":{"start":{"line":22,"column":0},"end":{"line":29,"column":13}}},"fnMap":{"0":{"name":"SearchFoods","decl":{"start":{"line":6,"column":9},"end":{"line":6,"column":20}},"loc":{"start":{"line":6,"column":28},"end":{"line":18,"column":1}},"line":6}},"branchMap":{},"s":{"0":3,"1":2,"2":3},"f":{"0":3},"b":{},"_coverageSchema":"1a1c01bbd47fc00a2c39e90264f33305004495a9","hash":"107d3e2652d6c7e21075c8828616861e7947428d"}
}
