{"total": {"lines":{"total":320,"covered":246,"skipped":0,"pct":76.87},"statements":{"total":336,"covered":251,"skipped":0,"pct":74.7},"functions":{"total":116,"covered":81,"skipped":0,"pct":69.82},"branches":{"total":196,"covered":136,"skipped":0,"pct":69.38},"branchesTrue":{"total":0,"covered":0,"skipped":0,"pct":100}}
,"/home/pablo/Projetos_trybe/Trybe-Project-recipes-app/sd-026-a-project-recipes-app/src/App.js": {"lines":{"total":1,"covered":1,"skipped":0,"pct":100},"functions":{"total":1,"covered":1,"skipped":0,"pct":100},"statements":{"total":1,"covered":1,"skipped":0,"pct":100},"branches":{"total":0,"covered":0,"skipped":0,"pct":100}}
,"/home/pablo/Projetos_trybe/Trybe-Project-recipes-app/sd-026-a-project-recipes-app/src/renderWithRouter.js": {"lines":{"total":3,"covered":3,"skipped":0,"pct":100},"functions":{"total":1,"covered":1,"skipped":0,"pct":100},"statements":{"total":3,"covered":3,"skipped":0,"pct":100},"branches":{"total":0,"covered":0,"skipped":0,"pct":100}}
,"/home/pablo/Projetos_trybe/Trybe-Project-recipes-app/sd-026-a-project-recipes-app/src/components/Button.jsx": {"lines":{"total":2,"covered":2,"skipped":0,"pct":100},"functions":{"total":1,"covered":1,"skipped":0,"pct":100},"statements":{"total":2,"covered":2,"skipped":0,"pct":100},"branches":{"total":4,"covered":4,"skipped":0,"pct":100}}
,"/home/pablo/Projetos_trybe/Trybe-Project-recipes-app/sd-026-a-project-recipes-app/src/components/Card.jsx": {"lines":{"total":2,"covered":2,"skipped":0,"pct":100},"functions":{"total":1,"covered":1,"skipped":0,"pct":100},"statements":{"total":2,"covered":2,"skipped":0,"pct":100},"branches":{"total":0,"covered":0,"skipped":0,"pct":100}}
,"/home/pablo/Projetos_trybe/Trybe-Project-recipes-app/sd-026-a-project-recipes-app/src/components/DoneCard.jsx": {"lines":{"total":3,"covered":1,"skipped":0,"pct":33.33},"functions":{"total":2,"covered":0,"skipped":0,"pct":0},"statements":{"total":3,"covered":1,"skipped":0,"pct":33.33},"branches":{"total":2,"covered":0,"skipped":0,"pct":0}}
,"/home/pablo/Projetos_trybe/Trybe-Project-recipes-app/sd-026-a-project-recipes-app/src/components/FilterButton.jsx": {"lines":{"total":2,"covered":2,"skipped":0,"pct":100},"functions":{"total":1,"covered":1,"skipped":0,"pct":100},"statements":{"total":2,"covered":2,"skipped":0,"pct":100},"branches":{"total":0,"covered":0,"skipped":0,"pct":100}}
,"/home/pablo/Projetos_trybe/Trybe-Project-recipes-app/sd-026-a-project-recipes-app/src/components/Footer.jsx": {"lines":{"total":7,"covered":7,"skipped":0,"pct":100},"functions":{"total":4,"covered":4,"skipped":0,"pct":100},"statements":{"total":7,"covered":7,"skipped":0,"pct":100},"branches":{"total":0,"covered":0,"skipped":0,"pct":100}}
,"/home/pablo/Projetos_trybe/Trybe-Project-recipes-app/sd-026-a-project-recipes-app/src/components/Header.jsx": {"lines":{"total":6,"covered":6,"skipped":0,"pct":100},"functions":{"total":3,"covered":3,"skipped":0,"pct":100},"statements":{"total":7,"covered":7,"skipped":0,"pct":100},"branches":{"total":6,"covered":6,"skipped":0,"pct":100}}
,"/home/pablo/Projetos_trybe/Trybe-Project-recipes-app/sd-026-a-project-recipes-app/src/components/IngredientInput.jsx": {"lines":{"total":4,"covered":4,"skipped":0,"pct":100},"functions":{"total":2,"covered":2,"skipped":0,"pct":100},"statements":{"total":4,"covered":4,"skipped":0,"pct":100},"branches":{"total":2,"covered":2,"skipped":0,"pct":100}}
,"/home/pablo/Projetos_trybe/Trybe-Project-recipes-app/sd-026-a-project-recipes-app/src/components/RecipeDetails.jsx": {"lines":{"total":30,"covered":24,"skipped":0,"pct":80},"functions":{"total":9,"covered":6,"skipped":0,"pct":66.66},"statements":{"total":30,"covered":24,"skipped":0,"pct":80},"branches":{"total":22,"covered":14,"skipped":0,"pct":63.63}}
,"/home/pablo/Projetos_trybe/Trybe-Project-recipes-app/sd-026-a-project-recipes-app/src/components/Recipes.jsx": {"lines":{"total":41,"covered":29,"skipped":0,"pct":70.73},"functions":{"total":15,"covered":11,"skipped":0,"pct":73.33},"statements":{"total":42,"covered":30,"skipped":0,"pct":71.42},"branches":{"total":42,"covered":34,"skipped":0,"pct":80.95}}
,"/home/pablo/Projetos_trybe/Trybe-Project-recipes-app/sd-026-a-project-recipes-app/src/components/RecipesFavorites.jsx": {"lines":{"total":5,"covered":3,"skipped":0,"pct":60},"functions":{"total":3,"covered":1,"skipped":0,"pct":33.33},"statements":{"total":5,"covered":3,"skipped":0,"pct":60},"branches":{"total":6,"covered":5,"skipped":0,"pct":83.33}}
,"/home/pablo/Projetos_trybe/Trybe-Project-recipes-app/sd-026-a-project-recipes-app/src/components/RecommendationsDrinks.jsx": {"lines":{"total":12,"covered":8,"skipped":0,"pct":66.66},"functions":{"total":5,"covered":2,"skipped":0,"pct":40},"statements":{"total":13,"covered":8,"skipped":0,"pct":61.53},"branches":{"total":4,"covered":2,"skipped":0,"pct":50}}
,"/home/pablo/Projetos_trybe/Trybe-Project-recipes-app/sd-026-a-project-recipes-app/src/components/RecommendationsMeals.jsx": {"lines":{"total":12,"covered":2,"skipped":0,"pct":16.66},"functions":{"total":5,"covered":0,"skipped":0,"pct":0},"statements":{"total":13,"covered":2,"skipped":0,"pct":15.38},"branches":{"total":4,"covered":0,"skipped":0,"pct":0}}
,"/home/pablo/Projetos_trybe/Trybe-Project-recipes-app/sd-026-a-project-recipes-app/src/components/SearchBar.jsx": {"lines":{"total":28,"covered":28,"skipped":0,"pct":100},"functions":{"total":5,"covered":5,"skipped":0,"pct":100},"statements":{"total":28,"covered":28,"skipped":0,"pct":100},"branches":{"total":22,"covered":21,"skipped":0,"pct":95.45}}
,"/home/pablo/Projetos_trybe/Trybe-Project-recipes-app/sd-026-a-project-recipes-app/src/components/ShareAndFavoriteButtons.jsx": {"lines":{"total":38,"covered":12,"skipped":0,"pct":31.57},"functions":{"total":13,"covered":3,"skipped":0,"pct":23.07},"statements":{"total":46,"covered":12,"skipped":0,"pct":26.08},"branches":{"total":34,"covered":9,"skipped":0,"pct":26.47}}
,"/home/pablo/Projetos_trybe/Trybe-Project-recipes-app/sd-026-a-project-recipes-app/src/context/RecipesContext.jsx": {"lines":{"total":1,"covered":1,"skipped":0,"pct":100},"functions":{"total":0,"covered":0,"skipped":0,"pct":100},"statements":{"total":1,"covered":1,"skipped":0,"pct":100},"branches":{"total":0,"covered":0,"skipped":0,"pct":100}}
,"/home/pablo/Projetos_trybe/Trybe-Project-recipes-app/sd-026-a-project-recipes-app/src/context/RecipesProvider.jsx": {"lines":{"total":36,"covered":34,"skipped":0,"pct":94.44},"functions":{"total":5,"covered":5,"skipped":0,"pct":100},"statements":{"total":37,"covered":35,"skipped":0,"pct":94.59},"branches":{"total":16,"covered":14,"skipped":0,"pct":87.5}}
,"/home/pablo/Projetos_trybe/Trybe-Project-recipes-app/sd-026-a-project-recipes-app/src/helpers/combineIngredientsAndMeasures.js": {"lines":{"total":12,"covered":12,"skipped":0,"pct":100},"functions":{"total":7,"covered":7,"skipped":0,"pct":100},"statements":{"total":12,"covered":12,"skipped":0,"pct":100},"branches":{"total":5,"covered":5,"skipped":0,"pct":100}}
,"/home/pablo/Projetos_trybe/Trybe-Project-recipes-app/sd-026-a-project-recipes-app/src/pages/DoneRecipes.jsx": {"lines":{"total":3,"covered":1,"skipped":0,"pct":33.33},"functions":{"total":2,"covered":0,"skipped":0,"pct":0},"statements":{"total":3,"covered":1,"skipped":0,"pct":33.33},"branches":{"total":0,"covered":0,"skipped":0,"pct":100}}
,"/home/pablo/Projetos_trybe/Trybe-Project-recipes-app/sd-026-a-project-recipes-app/src/pages/Drinks.jsx": {"lines":{"total":1,"covered":1,"skipped":0,"pct":100},"functions":{"total":1,"covered":1,"skipped":0,"pct":100},"statements":{"total":1,"covered":1,"skipped":0,"pct":100},"branches":{"total":0,"covered":0,"skipped":0,"pct":100}}
,"/home/pablo/Projetos_trybe/Trybe-Project-recipes-app/sd-026-a-project-recipes-app/src/pages/FavoriteRecipes.jsx": {"lines":{"total":23,"covered":16,"skipped":0,"pct":69.56},"functions":{"total":11,"covered":8,"skipped":0,"pct":72.72},"statements":{"total":25,"covered":17,"skipped":0,"pct":68},"branches":{"total":4,"covered":3,"skipped":0,"pct":75}}
,"/home/pablo/Projetos_trybe/Trybe-Project-recipes-app/sd-026-a-project-recipes-app/src/pages/Loading.jsx": {"lines":{"total":1,"covered":0,"skipped":0,"pct":0},"functions":{"total":1,"covered":0,"skipped":0,"pct":0},"statements":{"total":1,"covered":0,"skipped":0,"pct":0},"branches":{"total":0,"covered":0,"skipped":0,"pct":100}}
,"/home/pablo/Projetos_trybe/Trybe-Project-recipes-app/sd-026-a-project-recipes-app/src/pages/Login.jsx": {"lines":{"total":21,"covered":21,"skipped":0,"pct":100},"functions":{"total":5,"covered":5,"skipped":0,"pct":100},"statements":{"total":21,"covered":21,"skipped":0,"pct":100},"branches":{"total":2,"covered":2,"skipped":0,"pct":100}}
,"/home/pablo/Projetos_trybe/Trybe-Project-recipes-app/sd-026-a-project-recipes-app/src/pages/Meals.jsx": {"lines":{"total":1,"covered":1,"skipped":0,"pct":100},"functions":{"total":1,"covered":1,"skipped":0,"pct":100},"statements":{"total":1,"covered":1,"skipped":0,"pct":100},"branches":{"total":0,"covered":0,"skipped":0,"pct":100}}
,"/home/pablo/Projetos_trybe/Trybe-Project-recipes-app/sd-026-a-project-recipes-app/src/pages/Profile.jsx": {"lines":{"total":10,"covered":10,"skipped":0,"pct":100},"functions":{"total":7,"covered":7,"skipped":0,"pct":100},"statements":{"total":10,"covered":10,"skipped":0,"pct":100},"branches":{"total":2,"covered":2,"skipped":0,"pct":100}}
,"/home/pablo/Projetos_trybe/Trybe-Project-recipes-app/sd-026-a-project-recipes-app/src/pages/RecipeInProgress.jsx": {"lines":{"total":9,"covered":9,"skipped":0,"pct":100},"functions":{"total":3,"covered":3,"skipped":0,"pct":100},"statements":{"total":10,"covered":10,"skipped":0,"pct":100},"branches":{"total":19,"covered":13,"skipped":0,"pct":68.42}}
,"/home/pablo/Projetos_trybe/Trybe-Project-recipes-app/sd-026-a-project-recipes-app/src/pages/SearchDrinks.jsx": {"lines":{"total":3,"covered":3,"skipped":0,"pct":100},"functions":{"total":1,"covered":1,"skipped":0,"pct":100},"statements":{"total":3,"covered":3,"skipped":0,"pct":100},"branches":{"total":0,"covered":0,"skipped":0,"pct":100}}
,"/home/pablo/Projetos_trybe/Trybe-Project-recipes-app/sd-026-a-project-recipes-app/src/pages/SearchFoods.jsx": {"lines":{"total":3,"covered":3,"skipped":0,"pct":100},"functions":{"total":1,"covered":1,"skipped":0,"pct":100},"statements":{"total":3,"covered":3,"skipped":0,"pct":100},"branches":{"total":0,"covered":0,"skipped":0,"pct":100}}
}
