TN:
SF:src/App.js
FN:15,App
FNF:1
FNH:1
FNDA:11,App
DA:16,11
LF:1
LH:1
BRF:0
BRH:0
end_of_record
TN:
SF:src/renderWithRouter.js
FN:7,(anonymous_0)
FNF:1
FNH:1
FNDA:19,(anonymous_0)
DA:7,8
DA:8,19
DA:9,19
LF:3
LH:3
BRF:0
BRH:0
end_of_record
TN:
SF:src/components/Buttons.jsx
FN:9,ShareButton
FN:12,handleShare
FNF:2
FNH:1
FNDA:3,ShareButton
FNDA:0,handleShare
DA:10,3
DA:13,0
DA:14,0
DA:16,3
DA:36,3
LF:5
LH:3
BRDA:25,0,0,0
BRDA:25,0,1,3
BRF:2
BRH:1
end_of_record
TN:
SF:src/components/Card.jsx
FN:4,Card
FNF:1
FNH:1
FNDA:274,Card
DA:5,274
DA:18,5
LF:2
LH:2
BRF:0
BRH:0
end_of_record
TN:
SF:src/components/DoneCard.jsx
FN:5,DoneCard
FN:44,(anonymous_1)
FNF:2
FNH:0
FNDA:0,DoneCard
FNDA:0,(anonymous_1)
DA:15,0
DA:45,0
DA:56,3
LF:3
LH:1
BRDA:27,0,0,0
BRDA:27,0,1,0
BRF:2
BRH:0
end_of_record
TN:
SF:src/components/FilterButton.jsx
FN:3,FilterButton
FNF:1
FNH:1
FNDA:142,FilterButton
DA:4,142
DA:17,5
LF:2
LH:2
BRF:0
BRH:0
end_of_record
TN:
SF:src/components/Footer.jsx
FN:8,Footer
FN:12,toggleRedirect
FN:18,(anonymous_2)
FN:21,(anonymous_3)
FNF:4
FNH:4
FNDA:32,Footer
FNDA:2,toggleRedirect
FNDA:1,(anonymous_2)
FNDA:1,(anonymous_3)
DA:9,32
DA:10,32
DA:13,2
DA:14,2
DA:16,32
DA:18,1
DA:21,1
LF:7
LH:7
BRF:0
BRH:0
end_of_record
TN:
SF:src/components/Header.jsx
FN:8,Header
FN:12,(anonymous_1)
FN:19,(anonymous_2)
FNF:3
FNH:3
FNDA:32,Header
FNDA:8,(anonymous_1)
FNDA:3,(anonymous_2)
DA:9,32
DA:10,32
DA:12,32
DA:13,32
DA:19,3
DA:49,7
LF:6
LH:6
BRDA:12,0,0,1
BRDA:12,0,1,7
BRDA:28,1,0,32
BRDA:28,1,1,20
BRDA:41,2,0,32
BRDA:41,2,1,7
BRF:6
BRH:6
end_of_record
TN:
SF:src/components/IngredientInput.jsx
FN:4,IngredientInput
FNF:1
FNH:0
FNDA:0,IngredientInput
DA:5,0
DA:24,3
LF:2
LH:1
BRDA:9,0,0,0
BRDA:9,0,1,0
BRF:2
BRH:0
end_of_record
TN:
SF:src/components/RecipeDetails.js
FN:15,RecipeDetails
FN:26,(anonymous_1)
FN:31,(anonymous_2)
FN:32,(anonymous_3)
FN:33,(anonymous_4)
FN:39,(anonymous_5)
FN:40,(anonymous_6)
FN:41,(anonymous_7)
FN:45,(anonymous_8)
FN:56,(anonymous_9)
FN:62,(anonymous_10)
FN:100,(anonymous_11)
FN:106,(anonymous_12)
FN:138,(anonymous_13)
FNF:14
FNH:10
FNDA:10,RecipeDetails
FNDA:5,(anonymous_1)
FNDA:3,(anonymous_2)
FNDA:3,(anonymous_3)
FNDA:0,(anonymous_4)
FNDA:1,(anonymous_5)
FNDA:1,(anonymous_6)
FNDA:0,(anonymous_7)
FNDA:1,(anonymous_8)
FNDA:75,(anonymous_9)
FNDA:1500,(anonymous_10)
FNDA:0,(anonymous_11)
FNDA:0,(anonymous_12)
FNDA:1,(anonymous_13)
DA:11,4
DA:12,4
DA:16,10
DA:17,10
DA:18,10
DA:19,10
DA:20,10
DA:21,10
DA:23,10
DA:24,10
DA:26,10
DA:27,5
DA:28,3
DA:30,3
DA:31,3
DA:32,3
DA:33,0
DA:35,5
DA:36,1
DA:38,1
DA:39,1
DA:40,1
DA:41,0
DA:45,10
DA:46,1
DA:47,0
DA:49,1
DA:52,10
DA:57,75
DA:63,1500
DA:101,0
DA:107,0
DA:138,1
DA:149,4
LF:34
LH:29
BRDA:27,0,0,3
BRDA:27,0,1,2
BRDA:28,1,0,3
BRDA:28,1,1,1
BRDA:35,2,0,1
BRDA:35,2,1,4
BRDA:36,3,0,1
BRDA:36,3,1,0
BRDA:46,4,0,0
BRDA:46,4,1,1
BRDA:56,5,0,6
BRDA:56,5,1,4
BRF:12
BRH:10
end_of_record
TN:
SF:src/components/Recipes.jsx
FN:9,Recipes
FN:22,(anonymous_1)
FN:25,(anonymous_2)
FN:26,(anonymous_3)
FN:27,(anonymous_4)
FN:33,(anonymous_5)
FN:34,(anonymous_6)
FN:35,(anonymous_7)
FN:46,(anonymous_8)
FN:62,(anonymous_9)
FN:74,(anonymous_10)
FN:75,(anonymous_11)
FN:80,(anonymous_12)
FN:88,(anonymous_13)
FN:95,(anonymous_14)
FN:96,(anonymous_15)
FN:104,(anonymous_16)
FN:109,(anonymous_17)
FN:110,(anonymous_18)
FN:118,(anonymous_19)
FNF:20
FNH:15
FNDA:66,Recipes
FNDA:25,(anonymous_1)
FNDA:8,(anonymous_2)
FNDA:8,(anonymous_3)
FNDA:0,(anonymous_4)
FNDA:11,(anonymous_5)
FNDA:11,(anonymous_6)
FNDA:0,(anonymous_7)
FNDA:0,(anonymous_8)
FNDA:2,(anonymous_9)
FNDA:335,(anonymous_10)
FNDA:91,(anonymous_11)
FNDA:0,(anonymous_12)
FNDA:1,(anonymous_13)
FNDA:26,(anonymous_14)
FNDA:22,(anonymous_15)
FNDA:0,(anonymous_16)
FNDA:487,(anonymous_17)
FNDA:276,(anonymous_18)
FNDA:2,(anonymous_19)
DA:10,66
DA:11,64
DA:12,64
DA:13,64
DA:14,64
DA:15,64
DA:16,64
DA:17,64
DA:18,64
DA:19,64
DA:20,64
DA:22,64
DA:23,25
DA:24,10
DA:25,8
DA:26,8
DA:27,0
DA:29,10
DA:31,25
DA:32,12
DA:33,11
DA:34,11
DA:35,0
DA:37,12
DA:41,64
DA:42,64
DA:43,64
DA:44,64
DA:46,64
DA:47,0
DA:48,0
DA:49,0
DA:51,0
DA:53,0
DA:54,0
DA:55,0
DA:56,0
DA:58,0
DA:62,64
DA:63,2
DA:64,1
DA:66,1
DA:69,64
DA:74,335
DA:76,91
DA:80,0
DA:88,1
DA:95,26
DA:97,22
DA:104,0
DA:109,487
DA:111,276
DA:118,2
LF:53
LH:40
BRDA:23,0,0,10
BRDA:23,0,1,15
BRDA:29,1,0,10
BRDA:29,1,1,4
BRDA:31,2,0,12
BRDA:31,2,1,13
BRDA:37,3,0,12
BRDA:37,3,1,6
BRDA:41,4,0,64
BRDA:41,4,1,63
BRDA:44,5,0,27
BRDA:44,5,1,37
BRDA:48,6,0,0
BRDA:48,6,1,0
BRDA:56,7,0,0
BRDA:56,7,1,0
BRDA:63,8,0,1
BRDA:63,8,1,1
BRDA:73,9,0,64
BRDA:73,9,1,41
BRDA:80,10,0,0
BRDA:80,10,1,0
BRDA:82,11,0,0
BRDA:82,11,1,0
BRDA:93,12,0,2
BRDA:93,12,1,62
BRDA:101,13,0,10
BRDA:101,13,1,12
BRDA:103,14,0,10
BRDA:103,14,1,12
BRDA:104,15,0,0
BRDA:104,15,1,0
BRDA:108,16,0,62
BRDA:108,16,1,62
BRDA:115,17,0,116
BRDA:115,17,1,160
BRDA:117,18,0,116
BRDA:117,18,1,160
BRDA:118,19,0,1
BRDA:118,19,1,1
BRF:40
BRH:30
end_of_record
TN:
SF:src/components/RecipesFavorites.jsx
FN:8,RecipesFavorites
FN:39,(anonymous_1)
FN:48,(anonymous_2)
FNF:3
FNH:1
FNDA:11,RecipesFavorites
FNDA:0,(anonymous_1)
FNDA:0,(anonymous_2)
DA:11,11
DA:13,11
DA:39,0
DA:48,0
DA:62,4
LF:5
LH:3
BRDA:24,0,0,11
BRDA:24,0,1,5
BRDA:30,1,0,11
BRDA:30,1,1,6
BRDA:56,2,0,11
BRDA:56,2,1,0
BRF:6
BRH:5
end_of_record
TN:
SF:src/components/RecommendationsDrinks.jsx
FN:9,RecommendationsDrinks
FN:14,(anonymous_1)
FN:16,(anonymous_2)
FN:23,(anonymous_3)
FN:31,(anonymous_4)
FNF:5
FNH:2
FNDA:50,RecommendationsDrinks
FNDA:50,(anonymous_1)
FNDA:0,(anonymous_2)
FNDA:0,(anonymous_3)
FNDA:0,(anonymous_4)
DA:7,4
DA:10,50
DA:12,50
DA:14,50
DA:15,50
DA:16,0
DA:17,0
DA:21,50
DA:23,50
DA:24,0
DA:26,50
DA:32,0
DA:57,4
LF:13
LH:9
BRDA:15,0,0,0
BRDA:15,0,1,50
BRDA:26,1,0,50
BRDA:26,1,1,0
BRF:4
BRH:2
end_of_record
TN:
SF:src/components/RecommendationsMeals.jsx
FN:9,RecommendationsMeals
FN:14,(anonymous_1)
FN:16,(anonymous_2)
FN:23,(anonymous_3)
FN:31,(anonymous_4)
FNF:5
FNH:0
FNDA:0,RecommendationsMeals
FNDA:0,(anonymous_1)
FNDA:0,(anonymous_2)
FNDA:0,(anonymous_3)
FNDA:0,(anonymous_4)
DA:7,4
DA:10,0
DA:12,0
DA:14,0
DA:15,0
DA:16,0
DA:17,0
DA:21,0
DA:23,0
DA:24,0
DA:26,0
DA:32,0
DA:57,4
LF:13
LH:2
BRDA:15,0,0,0
BRDA:15,0,1,0
BRDA:26,1,0,0
BRDA:26,1,1,0
BRF:4
BRH:0
end_of_record
TN:
SF:src/components/SearchBar.jsx
FN:5,SearchBar
FN:17,(anonymous_1)
FN:23,(anonymous_2)
FN:34,(anonymous_3)
FN:64,(anonymous_4)
FNF:5
FNH:5
FNDA:58,SearchBar
FNDA:6,(anonymous_1)
FNDA:6,(anonymous_2)
FNDA:11,(anonymous_3)
FNDA:40,(anonymous_4)
DA:6,58
DA:7,58
DA:12,58
DA:14,58
DA:15,58
DA:17,58
DA:18,6
DA:19,6
DA:23,58
DA:24,6
DA:25,6
DA:26,1
DA:28,1
DA:30,5
DA:31,5
DA:34,58
DA:35,11
DA:36,1
DA:37,1
DA:39,11
DA:40,1
DA:41,1
DA:43,11
DA:44,1
DA:46,11
DA:47,1
DA:56,58
DA:64,40
LF:28
LH:28
BRDA:18,0,0,6
BRDA:18,0,1,0
BRDA:25,1,0,1
BRDA:25,1,1,5
BRDA:25,2,0,6
BRDA:25,2,1,1
BRDA:35,3,0,1
BRDA:35,3,1,10
BRDA:35,4,0,11
BRDA:35,4,1,5
BRDA:39,5,0,1
BRDA:39,5,1,10
BRDA:39,6,0,11
BRDA:39,6,1,5
BRDA:43,7,0,1
BRDA:43,7,1,10
BRDA:43,8,0,11
BRDA:43,8,1,5
BRDA:46,9,0,1
BRDA:46,9,1,10
BRDA:46,10,0,11
BRDA:46,10,1,5
BRF:22
BRH:21
end_of_record
TN:
SF:src/context/RecipesContext.jsx
FNF:0
FNH:0
DA:3,8
LF:1
LH:1
BRF:0
BRH:0
end_of_record
TN:
SF:src/context/RecipesProvider.jsx
FN:6,RecipesProvider
FN:15,(anonymous_1)
FN:35,(anonymous_2)
FN:56,(anonymous_3)
FN:60,(anonymous_4)
FNF:5
FNH:5
FNDA:53,RecipesProvider
FNDA:5,(anonymous_1)
FNDA:5,(anonymous_2)
FNDA:2,(anonymous_3)
FNDA:53,(anonymous_4)
DA:7,53
DA:8,53
DA:9,53
DA:10,53
DA:11,53
DA:12,53
DA:13,53
DA:15,53
DA:16,5
DA:17,5
DA:18,3
DA:23,3
DA:25,2
DA:26,2
DA:31,2
DA:35,53
DA:36,5
DA:37,5
DA:38,5
DA:39,5
DA:40,5
DA:41,2
DA:43,5
DA:44,3
DA:46,5
DA:47,0
DA:49,5
DA:50,5
DA:52,0
DA:56,53
DA:57,2
DA:60,53
DA:84,53
DA:91,8
LF:34
LH:32
BRDA:17,0,0,3
BRDA:17,0,1,2
BRDA:25,1,0,2
BRDA:25,1,1,0
BRDA:40,2,0,2
BRDA:40,2,1,3
BRDA:40,3,0,5
BRDA:40,3,1,2
BRDA:43,4,0,3
BRDA:43,4,1,2
BRDA:43,5,0,5
BRDA:43,5,1,3
BRDA:46,6,0,0
BRDA:46,6,1,5
BRDA:46,7,0,5
BRDA:46,7,1,5
BRF:16
BRH:14
end_of_record
TN:
SF:src/helpers/combineIngredientsAndMeasures.js
FN:1,(anonymous_0)
FN:4,(anonymous_1)
FN:5,(anonymous_2)
FN:11,(anonymous_3)
FN:12,(anonymous_4)
FN:19,(anonymous_5)
FN:22,(anonymous_6)
FNF:7
FNH:7
FNDA:75,(anonymous_0)
FNDA:3825,(anonymous_1)
FNDA:1500,(anonymous_2)
FNDA:3825,(anonymous_3)
FNDA:1500,(anonymous_4)
FNDA:1500,(anonymous_5)
FNDA:1500,(anonymous_6)
DA:1,4
DA:3,75
DA:4,3825
DA:5,1500
DA:10,75
DA:11,3825
DA:12,1500
DA:16,75
DA:18,75
DA:19,1500
DA:22,1500
DA:24,75
LF:12
LH:12
BRDA:19,0,0,0
BRDA:19,0,1,1500
BRDA:22,1,0,1500
BRDA:22,1,1,1500
BRF:4
BRH:3
end_of_record
TN:
SF:src/pages/DoneRecipes.jsx
FN:33,DoneRecipes
FN:50,(anonymous_1)
FNF:2
FNH:0
FNDA:0,DoneRecipes
FNDA:0,(anonymous_1)
DA:8,3
DA:34,0
DA:51,0
LF:3
LH:1
BRF:0
BRH:0
end_of_record
TN:
SF:src/pages/Drinks.jsx
FN:5,Drinks
FNF:1
FNH:1
FNDA:6,Drinks
DA:6,6
LF:1
LH:1
BRF:0
BRH:0
end_of_record
TN:
SF:src/pages/FavoriteRecipes.jsx
FN:6,FavoriteRecipes
FN:10,(anonymous_1)
FN:15,(anonymous_2)
FN:19,(anonymous_3)
FN:21,(anonymous_4)
FN:24,(anonymous_5)
FN:26,(anonymous_6)
FN:32,(anonymous_7)
FN:48,(anonymous_8)
FN:54,(anonymous_9)
FN:60,(anonymous_10)
FNF:11
FNH:8
FNDA:11,FavoriteRecipes
FNDA:0,(anonymous_1)
FNDA:1,(anonymous_2)
FNDA:2,(anonymous_3)
FNDA:4,(anonymous_4)
FNDA:0,(anonymous_5)
FNDA:0,(anonymous_6)
FNDA:4,(anonymous_7)
FNDA:1,(anonymous_8)
FNDA:1,(anonymous_9)
FNDA:11,(anonymous_10)
DA:7,11
DA:8,11
DA:10,11
DA:11,0
DA:12,0
DA:15,11
DA:16,1
DA:19,11
DA:20,2
DA:21,4
DA:24,11
DA:25,0
DA:26,0
DA:27,0
DA:28,0
DA:29,0
DA:32,11
DA:33,4
DA:34,4
DA:38,11
DA:48,1
DA:54,1
DA:60,11
LF:23
LH:16
BRDA:33,0,0,4
BRDA:33,0,1,0
BRDA:60,1,0,11
BRDA:60,1,1,6
BRF:4
BRH:3
end_of_record
TN:
SF:src/pages/Loading.jsx
FN:3,Loading
FNF:1
FNH:0
FNDA:0,Loading
DA:4,0
LF:1
LH:0
BRF:0
BRH:0
end_of_record
TN:
SF:src/pages/Login.jsx
FN:5,Login
FN:10,(anonymous_1)
FN:23,(anonymous_2)
FN:45,(anonymous_3)
FN:53,(anonymous_4)
FNF:5
FNH:5
FNDA:31,Login
FNDA:23,(anonymous_1)
FNDA:1,(anonymous_2)
FNDA:13,(anonymous_3)
FNDA:10,(anonymous_4)
DA:6,31
DA:7,31
DA:8,31
DA:10,31
DA:11,23
DA:12,23
DA:13,23
DA:15,23
DA:17,23
DA:18,23
DA:19,23
DA:20,23
DA:23,31
DA:24,1
DA:25,1
DA:27,1
DA:28,1
DA:31,31
DA:45,13
DA:53,10
DA:71,3
LF:21
LH:21
BRDA:19,0,0,23
BRDA:19,0,1,11
BRF:2
BRH:2
end_of_record
TN:
SF:src/pages/Meals.jsx
FN:5,Meals
FNF:1
FNH:1
FNDA:9,Meals
DA:6,9
LF:1
LH:1
BRF:0
BRH:0
end_of_record
TN:
SF:src/pages/Profile.jsx
FN:6,Profile
FN:11,toggleDoneRecipes
FN:14,toggleFavoriteRecipes
FN:17,toggleLogout
FN:33,(anonymous_4)
FN:40,(anonymous_5)
FN:47,(anonymous_6)
FNF:7
FNH:7
FNDA:1,Profile
FNDA:1,toggleDoneRecipes
FNDA:1,toggleFavoriteRecipes
FNDA:1,toggleLogout
FNDA:1,(anonymous_4)
FNDA:1,(anonymous_5)
FNDA:1,(anonymous_6)
DA:7,1
DA:9,1
DA:12,1
DA:15,1
DA:18,1
DA:19,1
DA:21,1
DA:33,1
DA:40,1
DA:47,1
LF:10
LH:10
BRDA:9,0,0,1
BRDA:9,0,1,1
BRF:2
BRH:2
end_of_record
TN:
SF:src/pages/RecipeInProgress.jsx
FN:8,RecipeInProgress
FN:21,(anonymous_1)
FN:53,(anonymous_2)
FN:58,(anonymous_3)
FNF:4
FNH:0
FNDA:0,RecipeInProgress
FNDA:0,(anonymous_1)
FNDA:0,(anonymous_2)
FNDA:0,(anonymous_3)
DA:9,0
DA:10,0
DA:11,0
DA:12,0
DA:13,0
DA:17,0
DA:19,0
DA:21,0
DA:26,0
DA:54,0
DA:58,0
LF:11
LH:0
BRDA:13,0,0,0
BRDA:13,0,1,0
BRDA:19,1,0,0
BRDA:19,1,1,0
BRDA:21,2,0,0
BRDA:21,3,0,0
BRDA:21,3,1,0
BRDA:22,4,0,0
BRDA:22,4,1,0
BRDA:28,5,0,0
BRDA:28,5,1,0
BRDA:29,6,0,0
BRDA:29,6,1,0
BRDA:41,7,0,0
BRDA:41,7,1,0
BRDA:46,8,0,0
BRDA:46,8,1,0
BRDA:52,9,0,0
BRDA:52,9,1,0
BRF:19
BRH:0
end_of_record
TN:
SF:src/pages/SearchDrinks.jsx
FN:6,SearchDrinks
FNF:1
FNH:1
FNDA:1,SearchDrinks
DA:8,1
DA:9,1
DA:23,3
LF:3
LH:3
BRF:0
BRH:0
end_of_record
TN:
SF:src/pages/SearchDrinksProgress.jsx
FN:3,SearchDrinksProgress
FNF:1
FNH:0
FNDA:0,SearchDrinksProgress
DA:4,0
LF:1
LH:0
BRF:0
BRH:0
end_of_record
TN:
SF:src/pages/SearchFoods.jsx
FN:6,SearchFoods
FNF:1
FNH:1
FNDA:3,SearchFoods
DA:7,3
DA:8,2
DA:22,3
LF:3
LH:3
BRF:0
BRH:0
end_of_record
