{
  "stats": {
    "suites": 5,
    "tests": 24,
    "passes": 8,
    "pending": 0,
    "failures": 16,
    "start": "2023-02-01T18:06:21.688Z",
    "end": "2023-02-01T18:08:50.587Z",
    "duration": 148899,
    "testsRegistered": 24,
    "passPercent": 33.33333333333333,
    "pendingPercent": 0,
    "other": 0,
    "hasOther": false,
    "skipped": 0,
    "hasSkipped": false
  },
  "results": [
    {
      "uuid": "92880049-7ee0-43f6-84a9-8fd94e36b171",
      "title": "",
      "fullFile": "cypress/e2e/19-23.recipes.cy.js",
      "file": "cypress/e2e/19-23.recipes.cy.js",
      "beforeHooks": [],
      "afterHooks": [],
      "tests": [],
      "suites": [
        {
          "uuid": "54696e22-4eab-4b5d-951f-3e85772bac6c",
          "title": "19 - Carregue as 12 primeiras receitas de comidas ou bebidas, uma em cada card",
          "fullFile": "",
          "file": "",
          "beforeHooks": [],
          "afterHooks": [],
          "tests": [
            {
              "title": "Caso as receitas sejam de comida, deve-se carregar as 12 primeiras receitas",
              "fullTitle": "19 - Carregue as 12 primeiras receitas de comidas ou bebidas, uma em cada card Caso as receitas sejam de comida, deve-se carregar as 12 primeiras receitas",
              "timedOut": null,
              "duration": 1001,
              "state": "passed",
              "speed": "fast",
              "pass": true,
              "fail": false,
              "pending": false,
              "context": null,
              "code": "cy.visit('http://localhost:3000/meals', {\n  onBeforeLoad(win) {\n    win.fetch = fetchMock;\n  }\n});\ncheckFirstTwelveRecipes(mealsMock.meals);",
              "err": {},
              "uuid": "8f45baaf-0b3f-4525-bf4e-7339971991bd",
              "parentUUID": "54696e22-4eab-4b5d-951f-3e85772bac6c",
              "isHook": false,
              "skipped": false
            },
            {
              "title": "Caso as receitas sejam de bebida, deve-se carregar as 12 primeiras receitas",
              "fullTitle": "19 - Carregue as 12 primeiras receitas de comidas ou bebidas, uma em cada card Caso as receitas sejam de bebida, deve-se carregar as 12 primeiras receitas",
              "timedOut": null,
              "duration": 596,
              "state": "passed",
              "speed": "fast",
              "pass": true,
              "fail": false,
              "pending": false,
              "context": null,
              "code": "cy.visit('http://localhost:3000/drinks', {\n  onBeforeLoad(win) {\n    win.fetch = fetchMock;\n  }\n});\ncheckFirstTwelveRecipes(drinksMock.drinks, false);",
              "err": {},
              "uuid": "81e6814e-8f94-4b27-b6d1-94f8778d5e57",
              "parentUUID": "54696e22-4eab-4b5d-951f-3e85772bac6c",
              "isHook": false,
              "skipped": false
            },
            {
              "title": "A tela tem os data-testids de todos os 12 cards da tela de comidas",
              "fullTitle": "19 - Carregue as 12 primeiras receitas de comidas ou bebidas, uma em cada card A tela tem os data-testids de todos os 12 cards da tela de comidas",
              "timedOut": null,
              "duration": 395,
              "state": "passed",
              "speed": "fast",
              "pass": true,
              "fail": false,
              "pending": false,
              "context": null,
              "code": "cy.visit('http://localhost:3000/meals', {\n  onBeforeLoad(win) {\n    win.fetch = fetchMock;\n  }\n});\nfor (let index = 0; index < 12; index += 1) {\n  cy.get(`[data-testid=\"${index}-recipe-card\"]`);\n  cy.get(`[data-testid=\"${index}-card-img\"]`);\n  cy.get(`[data-testid=\"${index}-card-name\"]`);\n}\ncy.get('[data-testid=\"12-recipe-card\"]').should('not.exist');\ncy.get('[data-testid=\"12-card-img\"]').should('not.exist');\ncy.get('[data-testid=\"12-card-name\"]').should('not.exist');",
              "err": {},
              "uuid": "09cb5210-9027-4c0e-910f-c445810170b5",
              "parentUUID": "54696e22-4eab-4b5d-951f-3e85772bac6c",
              "isHook": false,
              "skipped": false
            },
            {
              "title": "A tela tem os data-testids de todos os 12 cards da tela de bebidas",
              "fullTitle": "19 - Carregue as 12 primeiras receitas de comidas ou bebidas, uma em cada card A tela tem os data-testids de todos os 12 cards da tela de bebidas",
              "timedOut": null,
              "duration": 431,
              "state": "passed",
              "speed": "fast",
              "pass": true,
              "fail": false,
              "pending": false,
              "context": null,
              "code": "cy.visit('http://localhost:3000/drinks', {\n  onBeforeLoad(win) {\n    win.fetch = fetchMock;\n  }\n});\nfor (let index = 0; index < 12; index += 1) {\n  cy.get(`[data-testid=\"${index}-recipe-card\"]`);\n  cy.get(`[data-testid=\"${index}-card-img\"]`);\n  cy.get(`[data-testid=\"${index}-card-name\"]`);\n}\ncy.get('[data-testid=\"12-recipe-card\"]').should('not.exist');\ncy.get('[data-testid=\"12-card-img\"]').should('not.exist');\ncy.get('[data-testid=\"12-card-name\"]').should('not.exist');",
              "err": {},
              "uuid": "377c70bc-6038-47d8-8ffb-b19a0c228e57",
              "parentUUID": "54696e22-4eab-4b5d-951f-3e85772bac6c",
              "isHook": false,
              "skipped": false
            }
          ],
          "suites": [],
          "passes": [
            "8f45baaf-0b3f-4525-bf4e-7339971991bd",
            "81e6814e-8f94-4b27-b6d1-94f8778d5e57",
            "09cb5210-9027-4c0e-910f-c445810170b5",
            "377c70bc-6038-47d8-8ffb-b19a0c228e57"
          ],
          "failures": [],
          "pending": [],
          "skipped": [],
          "duration": 2423,
          "root": false,
          "rootEmpty": false,
          "_timeout": 2000
        },
        {
          "uuid": "2fc6bf24-3c95-4922-8d98-2f7900702f08",
          "title": "20 - Implemente os botões de categoria para serem utilizados como filtro",
          "fullFile": "",
          "file": "",
          "beforeHooks": [],
          "afterHooks": [],
          "tests": [
            {
              "title": "Caso as receitas sejam de comida, deve-se exibir as 5 primeiras categorias de comida",
              "fullTitle": "20 - Implemente os botões de categoria para serem utilizados como filtro Caso as receitas sejam de comida, deve-se exibir as 5 primeiras categorias de comida",
              "timedOut": null,
              "duration": 381,
              "state": "passed",
              "speed": "fast",
              "pass": true,
              "fail": false,
              "pending": false,
              "context": null,
              "code": "cy.visit('http://localhost:3000/meals', {\n  onBeforeLoad(win) {\n    win.fetch = fetchMock;\n  }\n});\nmealCategoriesMock.meals.slice(0, 5).forEach(({\n  strCategory: category\n}) => {\n  cy.get(`[data-testid=\"${category}-category-filter\"]`);\n});\nmealCategoriesMock.meals.slice(5).forEach(({\n  strCategory: category\n}) => {\n  cy.get(`[data-testid=\"${category}-category-filter\"]`).should('not.exist');\n});",
              "err": {},
              "uuid": "724e58c0-6753-48a8-b026-b66f7cc8e2b0",
              "parentUUID": "2fc6bf24-3c95-4922-8d98-2f7900702f08",
              "isHook": false,
              "skipped": false
            },
            {
              "title": "Caso as receitas sejam de bebida, deve-se exibir as 5 primeiras categorias de bebida",
              "fullTitle": "20 - Implemente os botões de categoria para serem utilizados como filtro Caso as receitas sejam de bebida, deve-se exibir as 5 primeiras categorias de bebida",
              "timedOut": null,
              "duration": 447,
              "state": "passed",
              "speed": "fast",
              "pass": true,
              "fail": false,
              "pending": false,
              "context": null,
              "code": "cy.visit('http://localhost:3000/drinks', {\n  onBeforeLoad(win) {\n    win.fetch = fetchMock;\n  }\n});\ndrinkCategoriesMock.drinks.slice(0, 5).forEach(({\n  strCategory: category\n}) => {\n  cy.get(`[data-testid=\"${category}-category-filter\"]`);\n});\ndrinkCategoriesMock.drinks.slice(5).forEach(({\n  strCategory: category\n}) => {\n  cy.get(`[data-testid=\"${category}-category-filter\"]`).should('not.exist');\n});",
              "err": {},
              "uuid": "79e4c438-9982-4bf3-a5b6-19679ab9e16c",
              "parentUUID": "2fc6bf24-3c95-4922-8d98-2f7900702f08",
              "isHook": false,
              "skipped": false
            },
            {
              "title": "Verifica a cobertura de 45% da tela de receitas",
              "fullTitle": "20 - Implemente os botões de categoria para serem utilizados como filtro Verifica a cobertura de 45% da tela de receitas",
              "timedOut": null,
              "duration": 6538,
              "state": "failed",
              "speed": null,
              "pass": false,
              "fail": true,
              "pending": false,
              "context": null,
              "code": "cy.task('getCoverage', getId()).its('Recipes.functions.pct', {\n  timeout: 0\n}).should('be.gte', 45.00);\ncy.task('getCoverage', getId()).its('Recipes.lines.pct', {\n  timeout: 0\n}).should('be.gte', 45.00);\ncy.task('getCoverage', getId()).its('Recipes.branches.pct', {\n  timeout: 0\n}).should('be.gte', 45.00);",
              "err": {
                "message": "CypressError: `cy.task('getCoverage')` failed with the following error:\n\n> stderr maxBuffer length exceeded\n\nhttps://on.cypress.io/api/task",
                "estack": "CypressError: `cy.task('getCoverage')` failed with the following error:\n\n> stderr maxBuffer length exceeded\n\nhttps://on.cypress.io/api/task\n    at <unknown> (http://localhost:3000/__cypress/runner/cypress_runner.js:145912:78)\n    at tryCatcher (http://localhost:3000/__cypress/runner/cypress_runner.js:11318:23)\n    at Promise._settlePromiseFromHandler (http://localhost:3000/__cypress/runner/cypress_runner.js:9253:31)\n    at Promise._settlePromise (http://localhost:3000/__cypress/runner/cypress_runner.js:9310:18)\n    at Promise._settlePromise0 (http://localhost:3000/__cypress/runner/cypress_runner.js:9355:10)\n    at Promise._settlePromises (http://localhost:3000/__cypress/runner/cypress_runner.js:9431:18)\n    at _drainQueueStep (http://localhost:3000/__cypress/runner/cypress_runner.js:6025:12)\n    at _drainQueue (http://localhost:3000/__cypress/runner/cypress_runner.js:6018:9)\n    at ../../node_modules/bluebird/js/release/async.js.Async._drainQueues (http://localhost:3000/__cypress/runner/cypress_runner.js:6034:5)\n    at Async.drainQueues (http://localhost:3000/__cypress/runner/cypress_runner.js:5904:14)\nFrom Your Spec Code:\n    at Context.eval (webpack:///./cypress/e2e/19-23.recipes.cy.js:133:7)\n\nFrom Node.js Internals:\n  RangeError: stderr maxBuffer length exceeded\n  RangeError [ERR_CHILD_PROCESS_STDIO_MAXBUFFER]: stderr maxBuffer length exceeded\n      at new NodeError (node:internal/errors:387:5)\n      at Socket.onChildStderr (node:child_process:497:14)\n      at Socket.emit (node:events:513:28)\n      at Socket.emit (node:domain:489:12)\n      at addChunk (node:internal/streams/readable:315:12)\n      at readableAddChunk (node:internal/streams/readable:285:11)\n      at Socket.Readable.push (node:internal/streams/readable:228:10)\n      at Pipe.onStreamRead (node:internal/stream_base_commons:190:23)",
                "diff": null
              },
              "uuid": "6733d738-9388-4a32-831e-8b62cce66e82",
              "parentUUID": "2fc6bf24-3c95-4922-8d98-2f7900702f08",
              "isHook": false,
              "skipped": false
            }
          ],
          "suites": [],
          "passes": [
            "724e58c0-6753-48a8-b026-b66f7cc8e2b0",
            "79e4c438-9982-4bf3-a5b6-19679ab9e16c"
          ],
          "failures": [
            "6733d738-9388-4a32-831e-8b62cce66e82"
          ],
          "pending": [],
          "skipped": [],
          "duration": 7366,
          "root": false,
          "rootEmpty": false,
          "_timeout": 2000
        },
        {
          "uuid": "86d55f6b-bb4d-48d6-ba4b-494cae6fcb90",
          "title": "21 - Implemente o filtro das receitas por meio da API ao clicar no filtro de categoria",
          "fullFile": "",
          "file": "",
          "beforeHooks": [],
          "afterHooks": [],
          "tests": [
            {
              "title": "Caso as receitas sejam de comida e a categoria seja \"Beef\", deve-se carregar as 12 primeiras receitas de \"Beef\"",
              "fullTitle": "21 - Implemente o filtro das receitas por meio da API ao clicar no filtro de categoria Caso as receitas sejam de comida e a categoria seja \"Beef\", deve-se carregar as 12 primeiras receitas de \"Beef\"",
              "timedOut": null,
              "duration": 10771,
              "state": "failed",
              "speed": null,
              "pass": false,
              "fail": true,
              "pending": false,
              "context": null,
              "code": "cy.visit('http://localhost:3000/meals', {\n  onBeforeLoad(win) {\n    win.fetch = fetchMock;\n  }\n});\ncy.get('[data-testid=\"Beef-category-filter\"]').click();\ncheckFirstTwelveRecipes(beefMealsMock.meals);",
              "err": {
                "message": "AssertionError: Timed out retrying after 10000ms: expected 'https://www.themealdb.com/images/media/meals/58oia61564916529.jpg' to include 'https://www.themealdb.com/images/media/meals/sytuqu1511553755.jpg'",
                "estack": "AssertionError: Timed out retrying after 10000ms: expected 'https://www.themealdb.com/images/media/meals/58oia61564916529.jpg' to include 'https://www.themealdb.com/images/media/meals/sytuqu1511553755.jpg'\n    at eval (webpack:///./cypress/e2e/19-23.recipes.cy.js:29:7)\nat Array.forEach (<anonymous>)\n    at checkFirstTwelveRecipes (webpack:///./cypress/e2e/19-23.recipes.cy.js:24:23)\n    at Context.eval (webpack:///./cypress/e2e/19-23.recipes.cy.js:149:4)",
                "diff": null
              },
              "uuid": "99f7fd78-715e-48aa-a36a-4b4c700af72c",
              "parentUUID": "86d55f6b-bb4d-48d6-ba4b-494cae6fcb90",
              "isHook": false,
              "skipped": false
            },
            {
              "title": "Caso as receitas sejam de comida e a categoria seja \"Breakfast\", deve-se carregar as 12 primeiras receitas de \"Breakfast\"",
              "fullTitle": "21 - Implemente o filtro das receitas por meio da API ao clicar no filtro de categoria Caso as receitas sejam de comida e a categoria seja \"Breakfast\", deve-se carregar as 12 primeiras receitas de \"Breakfast\"",
              "timedOut": null,
              "duration": 10429,
              "state": "failed",
              "speed": null,
              "pass": false,
              "fail": true,
              "pending": false,
              "context": null,
              "code": "cy.visit('http://localhost:3000/meals', {\n  onBeforeLoad(win) {\n    win.fetch = fetchMock;\n  }\n});\ncy.get('[data-testid=\"Breakfast-category-filter\"]').click();\ncheckFirstTwelveRecipes(breakfastMealsMock.meals);",
              "err": {
                "message": "AssertionError: Timed out retrying after 10000ms: expected 'https://www.themealdb.com/images/media/meals/58oia61564916529.jpg' to include 'https://www.themealdb.com/images/media/meals/1550441882.jpg'",
                "estack": "AssertionError: Timed out retrying after 10000ms: expected 'https://www.themealdb.com/images/media/meals/58oia61564916529.jpg' to include 'https://www.themealdb.com/images/media/meals/1550441882.jpg'\n    at eval (webpack:///./cypress/e2e/19-23.recipes.cy.js:29:7)\nat Array.forEach (<anonymous>)\n    at checkFirstTwelveRecipes (webpack:///./cypress/e2e/19-23.recipes.cy.js:24:23)\n    at Context.eval (webpack:///./cypress/e2e/19-23.recipes.cy.js:161:4)",
                "diff": null
              },
              "uuid": "68b2ccba-5ad4-40dc-82d9-1f15343a7ad5",
              "parentUUID": "86d55f6b-bb4d-48d6-ba4b-494cae6fcb90",
              "isHook": false,
              "skipped": false
            },
            {
              "title": "Caso as receitas sejam de comida e a categoria seja \"Chicken\", deve-se carregar as 12 primeiras receitas de \"Chicken\"",
              "fullTitle": "21 - Implemente o filtro das receitas por meio da API ao clicar no filtro de categoria Caso as receitas sejam de comida e a categoria seja \"Chicken\", deve-se carregar as 12 primeiras receitas de \"Chicken\"",
              "timedOut": null,
              "duration": 10418,
              "state": "failed",
              "speed": null,
              "pass": false,
              "fail": true,
              "pending": false,
              "context": null,
              "code": "cy.visit('http://localhost:3000/meals', {\n  onBeforeLoad(win) {\n    win.fetch = fetchMock;\n  }\n});\ncy.get('[data-testid=\"Chicken-category-filter\"]').click();\ncheckFirstTwelveRecipes(chickenMealsMock.meals);",
              "err": {
                "message": "AssertionError: Timed out retrying after 10000ms: expected 'https://www.themealdb.com/images/media/meals/58oia61564916529.jpg' to include 'https://www.themealdb.com/images/media/meals/sypxpx1515365095.jpg'",
                "estack": "AssertionError: Timed out retrying after 10000ms: expected 'https://www.themealdb.com/images/media/meals/58oia61564916529.jpg' to include 'https://www.themealdb.com/images/media/meals/sypxpx1515365095.jpg'\n    at eval (webpack:///./cypress/e2e/19-23.recipes.cy.js:29:7)\nat Array.forEach (<anonymous>)\n    at checkFirstTwelveRecipes (webpack:///./cypress/e2e/19-23.recipes.cy.js:24:23)\n    at Context.eval (webpack:///./cypress/e2e/19-23.recipes.cy.js:173:4)",
                "diff": null
              },
              "uuid": "91270ec6-7372-4ec0-aad8-aa1227151106",
              "parentUUID": "86d55f6b-bb4d-48d6-ba4b-494cae6fcb90",
              "isHook": false,
              "skipped": false
            },
            {
              "title": "Caso as receitas sejam de comida e a categoria seja \"Dessert\", deve-se carregar as 12 primeiras receitas de \"Dessert\"",
              "fullTitle": "21 - Implemente o filtro das receitas por meio da API ao clicar no filtro de categoria Caso as receitas sejam de comida e a categoria seja \"Dessert\", deve-se carregar as 12 primeiras receitas de \"Dessert\"",
              "timedOut": null,
              "duration": 10490,
              "state": "failed",
              "speed": null,
              "pass": false,
              "fail": true,
              "pending": false,
              "context": null,
              "code": "cy.visit('http://localhost:3000/meals', {\n  onBeforeLoad(win) {\n    win.fetch = fetchMock;\n  }\n});\ncy.get('[data-testid=\"Dessert-category-filter\"]').click();\ncheckFirstTwelveRecipes(dessertMealsMock.meals);",
              "err": {
                "message": "AssertionError: Timed out retrying after 10000ms: expected 'https://www.themealdb.com/images/media/meals/58oia61564916529.jpg' to include 'https://www.themealdb.com/images/media/meals/xvsurr1511719182.jpg'",
                "estack": "AssertionError: Timed out retrying after 10000ms: expected 'https://www.themealdb.com/images/media/meals/58oia61564916529.jpg' to include 'https://www.themealdb.com/images/media/meals/xvsurr1511719182.jpg'\n    at eval (webpack:///./cypress/e2e/19-23.recipes.cy.js:29:7)\nat Array.forEach (<anonymous>)\n    at checkFirstTwelveRecipes (webpack:///./cypress/e2e/19-23.recipes.cy.js:24:23)\n    at Context.eval (webpack:///./cypress/e2e/19-23.recipes.cy.js:185:4)",
                "diff": null
              },
              "uuid": "5aca1d21-d870-4d86-9126-2566925bcf5c",
              "parentUUID": "86d55f6b-bb4d-48d6-ba4b-494cae6fcb90",
              "isHook": false,
              "skipped": false
            },
            {
              "title": "Caso as receitas sejam de comida e a categoria seja \"Goat\", deve-se carregar as 12 primeiras receitas de \"Goat\"",
              "fullTitle": "21 - Implemente o filtro das receitas por meio da API ao clicar no filtro de categoria Caso as receitas sejam de comida e a categoria seja \"Goat\", deve-se carregar as 12 primeiras receitas de \"Goat\"",
              "timedOut": null,
              "duration": 10465,
              "state": "failed",
              "speed": null,
              "pass": false,
              "fail": true,
              "pending": false,
              "context": null,
              "code": "cy.visit('http://localhost:3000/meals', {\n  onBeforeLoad(win) {\n    win.fetch = fetchMock;\n  }\n});\ncy.get('[data-testid=\"Goat-category-filter\"]').click();\ncheckFirstTwelveRecipes(goatMealsMock.meals);",
              "err": {
                "message": "AssertionError: Timed out retrying after 10000ms: expected 'https://www.themealdb.com/images/media/meals/58oia61564916529.jpg' to include 'https://www.themealdb.com/images/media/meals/cuio7s1555492979.jpg'",
                "estack": "AssertionError: Timed out retrying after 10000ms: expected 'https://www.themealdb.com/images/media/meals/58oia61564916529.jpg' to include 'https://www.themealdb.com/images/media/meals/cuio7s1555492979.jpg'\n    at eval (webpack:///./cypress/e2e/19-23.recipes.cy.js:29:7)\nat Array.forEach (<anonymous>)\n    at checkFirstTwelveRecipes (webpack:///./cypress/e2e/19-23.recipes.cy.js:24:23)\n    at Context.eval (webpack:///./cypress/e2e/19-23.recipes.cy.js:197:4)",
                "diff": null
              },
              "uuid": "bdb83c4c-937d-4549-a5e5-0504604bf765",
              "parentUUID": "86d55f6b-bb4d-48d6-ba4b-494cae6fcb90",
              "isHook": false,
              "skipped": false
            },
            {
              "title": "Caso as receitas sejam de bebida e a categoria seja \"Ordinary Drink\", deve-se carregar as 12 primeiras receitas de \"Ordinary Drink\"",
              "fullTitle": "21 - Implemente o filtro das receitas por meio da API ao clicar no filtro de categoria Caso as receitas sejam de bebida e a categoria seja \"Ordinary Drink\", deve-se carregar as 12 primeiras receitas de \"Ordinary Drink\"",
              "timedOut": null,
              "duration": 10490,
              "state": "failed",
              "speed": null,
              "pass": false,
              "fail": true,
              "pending": false,
              "context": null,
              "code": "cy.visit('http://localhost:3000/drinks', {\n  onBeforeLoad(win) {\n    win.fetch = fetchMock;\n  }\n});\ncy.get('[data-testid=\"Ordinary Drink-category-filter\"]').click();\ncheckFirstTwelveRecipes(ordinaryDrinksMock.drinks, false);",
              "err": {
                "message": "AssertionError: Timed out retrying after 10000ms: expected 'https://www.thecocktaildb.com/images/media/drink/vyxwut1468875960.jpg' to include 'https://www.thecocktaildb.com/images/media/drink/rrtssw1472668972.jpg'",
                "estack": "AssertionError: Timed out retrying after 10000ms: expected 'https://www.thecocktaildb.com/images/media/drink/vyxwut1468875960.jpg' to include 'https://www.thecocktaildb.com/images/media/drink/rrtssw1472668972.jpg'\n    at eval (webpack:///./cypress/e2e/19-23.recipes.cy.js:29:7)\nat Array.forEach (<anonymous>)\n    at checkFirstTwelveRecipes (webpack:///./cypress/e2e/19-23.recipes.cy.js:24:23)\n    at Context.eval (webpack:///./cypress/e2e/19-23.recipes.cy.js:209:4)",
                "diff": null
              },
              "uuid": "aa84a888-3881-468e-95f0-772ed19d2a67",
              "parentUUID": "86d55f6b-bb4d-48d6-ba4b-494cae6fcb90",
              "isHook": false,
              "skipped": false
            },
            {
              "title": "Caso as receitas sejam de bebida e a categoria seja \"Cocktail\", deve-se carregar as 12 primeiras receitas de \"Cocktail\"",
              "fullTitle": "21 - Implemente o filtro das receitas por meio da API ao clicar no filtro de categoria Caso as receitas sejam de bebida e a categoria seja \"Cocktail\", deve-se carregar as 12 primeiras receitas de \"Cocktail\"",
              "timedOut": null,
              "duration": 10545,
              "state": "failed",
              "speed": null,
              "pass": false,
              "fail": true,
              "pending": false,
              "context": null,
              "code": "cy.visit('http://localhost:3000/drinks', {\n  onBeforeLoad(win) {\n    win.fetch = fetchMock;\n  }\n});\ncy.get('[data-testid=\"Cocktail-category-filter\"]').click();\ncheckFirstTwelveRecipes(cocktailDrinksMock.drinks, false);",
              "err": {
                "message": "AssertionError: Timed out retrying after 10000ms: expected 'https://www.thecocktaildb.com/images/media/drink/vyxwut1468875960.jpg' to include 'https://www.thecocktaildb.com/images/media/drink/qyyvtu1468878544.jpg'",
                "estack": "AssertionError: Timed out retrying after 10000ms: expected 'https://www.thecocktaildb.com/images/media/drink/vyxwut1468875960.jpg' to include 'https://www.thecocktaildb.com/images/media/drink/qyyvtu1468878544.jpg'\n    at eval (webpack:///./cypress/e2e/19-23.recipes.cy.js:29:7)\nat Array.forEach (<anonymous>)\n    at checkFirstTwelveRecipes (webpack:///./cypress/e2e/19-23.recipes.cy.js:24:23)\n    at Context.eval (webpack:///./cypress/e2e/19-23.recipes.cy.js:221:4)",
                "diff": null
              },
              "uuid": "7184da54-4d5f-45d9-894f-9a283b1a33e5",
              "parentUUID": "86d55f6b-bb4d-48d6-ba4b-494cae6fcb90",
              "isHook": false,
              "skipped": false
            },
            {
              "title": "Caso as receitas sejam de bebida e a categoria seja \"Shake\", deve-se carregar as 12 primeiras receitas de \"Shake\"",
              "fullTitle": "21 - Implemente o filtro das receitas por meio da API ao clicar no filtro de categoria Caso as receitas sejam de bebida e a categoria seja \"Shake\", deve-se carregar as 12 primeiras receitas de \"Shake\"",
              "timedOut": null,
              "duration": 10467,
              "state": "failed",
              "speed": null,
              "pass": false,
              "fail": true,
              "pending": false,
              "context": null,
              "code": "cy.visit('http://localhost:3000/drinks', {\n  onBeforeLoad(win) {\n    win.fetch = fetchMock;\n  }\n});\ncy.get('[data-testid=\"Shake-category-filter\"]').click();\ncheckFirstTwelveRecipes(milkDrinksMock.drinks, false);",
              "err": {
                "message": "AssertionError: Timed out retrying after 10000ms: expected 'https://www.thecocktaildb.com/images/media/drink/vyxwut1468875960.jpg' to include 'https://www.thecocktaildb.com/images/media/drink/rvwrvv1468877323.jpg'",
                "estack": "AssertionError: Timed out retrying after 10000ms: expected 'https://www.thecocktaildb.com/images/media/drink/vyxwut1468875960.jpg' to include 'https://www.thecocktaildb.com/images/media/drink/rvwrvv1468877323.jpg'\n    at eval (webpack:///./cypress/e2e/19-23.recipes.cy.js:29:7)\nat Array.forEach (<anonymous>)\n    at checkFirstTwelveRecipes (webpack:///./cypress/e2e/19-23.recipes.cy.js:24:23)\n    at Context.eval (webpack:///./cypress/e2e/19-23.recipes.cy.js:233:4)",
                "diff": null
              },
              "uuid": "4c7f512c-de22-4c33-b35b-19c0fc08236f",
              "parentUUID": "86d55f6b-bb4d-48d6-ba4b-494cae6fcb90",
              "isHook": false,
              "skipped": false
            },
            {
              "title": "Caso as receitas sejam de bebida e a categoria seja \"Other/Unknown\", deve-se carregar as 12 primeiras receitas de \"Other/Unknown\"",
              "fullTitle": "21 - Implemente o filtro das receitas por meio da API ao clicar no filtro de categoria Caso as receitas sejam de bebida e a categoria seja \"Other/Unknown\", deve-se carregar as 12 primeiras receitas de \"Other/Unknown\"",
              "timedOut": null,
              "duration": 10465,
              "state": "failed",
              "speed": null,
              "pass": false,
              "fail": true,
              "pending": false,
              "context": null,
              "code": "cy.visit('http://localhost:3000/drinks', {\n  onBeforeLoad(win) {\n    win.fetch = fetchMock;\n  }\n});\ncy.get('[data-testid=\"Other/Unknown-category-filter\"]').click();\ncheckFirstTwelveRecipes(otherDrinksMock.drinks, false);",
              "err": {
                "message": "AssertionError: Timed out retrying after 10000ms: expected 'https://www.thecocktaildb.com/images/media/drink/vyxwut1468875960.jpg' to include 'https://www.thecocktaildb.com/images/media/drink/tqxyxx1472719737.jpg'",
                "estack": "AssertionError: Timed out retrying after 10000ms: expected 'https://www.thecocktaildb.com/images/media/drink/vyxwut1468875960.jpg' to include 'https://www.thecocktaildb.com/images/media/drink/tqxyxx1472719737.jpg'\n    at eval (webpack:///./cypress/e2e/19-23.recipes.cy.js:29:7)\nat Array.forEach (<anonymous>)\n    at checkFirstTwelveRecipes (webpack:///./cypress/e2e/19-23.recipes.cy.js:24:23)\n    at Context.eval (webpack:///./cypress/e2e/19-23.recipes.cy.js:245:4)",
                "diff": null
              },
              "uuid": "945c53a6-477e-424a-a30d-41a9df371065",
              "parentUUID": "86d55f6b-bb4d-48d6-ba4b-494cae6fcb90",
              "isHook": false,
              "skipped": false
            },
            {
              "title": "Caso as receitas sejam de bebida e a categoria seja \"Cocoa\", deve-se carregar as 12 primeiras receitas de \"Cocoa\"",
              "fullTitle": "21 - Implemente o filtro das receitas por meio da API ao clicar no filtro de categoria Caso as receitas sejam de bebida e a categoria seja \"Cocoa\", deve-se carregar as 12 primeiras receitas de \"Cocoa\"",
              "timedOut": null,
              "duration": 10486,
              "state": "failed",
              "speed": null,
              "pass": false,
              "fail": true,
              "pending": false,
              "context": null,
              "code": "cy.visit('http://localhost:3000/drinks', {\n  onBeforeLoad(win) {\n    win.fetch = fetchMock;\n  }\n});\ncy.get('[data-testid=\"Cocoa-category-filter\"]').click();\ncheckFirstTwelveRecipes(cocoaDrinksMock.drinks, false);",
              "err": {
                "message": "AssertionError: Timed out retrying after 10000ms: expected 'https://www.thecocktaildb.com/images/media/drink/vyxwut1468875960.jpg' to include 'https://www.thecocktaildb.com/images/media/drink/3nbu4a1487603196.jpg'",
                "estack": "AssertionError: Timed out retrying after 10000ms: expected 'https://www.thecocktaildb.com/images/media/drink/vyxwut1468875960.jpg' to include 'https://www.thecocktaildb.com/images/media/drink/3nbu4a1487603196.jpg'\n    at eval (webpack:///./cypress/e2e/19-23.recipes.cy.js:29:7)\nat Array.forEach (<anonymous>)\n    at checkFirstTwelveRecipes (webpack:///./cypress/e2e/19-23.recipes.cy.js:24:23)\n    at Context.eval (webpack:///./cypress/e2e/19-23.recipes.cy.js:257:4)",
                "diff": null
              },
              "uuid": "97f0c56f-f639-4170-8f91-ffde644301aa",
              "parentUUID": "86d55f6b-bb4d-48d6-ba4b-494cae6fcb90",
              "isHook": false,
              "skipped": false
            },
            {
              "title": "Caso as receitas sejam de comida deve existir a opção de filtrar por todas as categorias",
              "fullTitle": "21 - Implemente o filtro das receitas por meio da API ao clicar no filtro de categoria Caso as receitas sejam de comida deve existir a opção de filtrar por todas as categorias",
              "timedOut": null,
              "duration": 10564,
              "state": "failed",
              "speed": null,
              "pass": false,
              "fail": true,
              "pending": false,
              "context": null,
              "code": "cy.visit('http://localhost:3000/meals', {\n  onBeforeLoad(win) {\n    win.fetch = fetchMock;\n  }\n});\ncy.get('[data-testid=\"Beef-category-filter\"]').click();\ncheckFirstTwelveRecipes(beefMealsMock.meals);\ncy.get('[data-testid=\"All-category-filter\"]').click();\ncheckFirstTwelveRecipes(mealsMock.meals);",
              "err": {
                "message": "AssertionError: Timed out retrying after 10000ms: expected 'https://www.themealdb.com/images/media/meals/58oia61564916529.jpg' to include 'https://www.themealdb.com/images/media/meals/sytuqu1511553755.jpg'",
                "estack": "AssertionError: Timed out retrying after 10000ms: expected 'https://www.themealdb.com/images/media/meals/58oia61564916529.jpg' to include 'https://www.themealdb.com/images/media/meals/sytuqu1511553755.jpg'\n    at eval (webpack:///./cypress/e2e/19-23.recipes.cy.js:29:7)\nat Array.forEach (<anonymous>)\n    at checkFirstTwelveRecipes (webpack:///./cypress/e2e/19-23.recipes.cy.js:24:23)\n    at Context.eval (webpack:///./cypress/e2e/19-23.recipes.cy.js:268:4)",
                "diff": null
              },
              "uuid": "7b7071ca-2098-4edf-ad99-d11b72de86ff",
              "parentUUID": "86d55f6b-bb4d-48d6-ba4b-494cae6fcb90",
              "isHook": false,
              "skipped": false
            },
            {
              "title": "Caso as receitas sejam de bebida deve existir a opção de filtrar por todas as categorias",
              "fullTitle": "21 - Implemente o filtro das receitas por meio da API ao clicar no filtro de categoria Caso as receitas sejam de bebida deve existir a opção de filtrar por todas as categorias",
              "timedOut": null,
              "duration": 10543,
              "state": "failed",
              "speed": null,
              "pass": false,
              "fail": true,
              "pending": false,
              "context": null,
              "code": "cy.visit('http://localhost:3000/drinks', {\n  onBeforeLoad(win) {\n    win.fetch = fetchMock;\n  }\n});\ncy.get('[data-testid=\"Ordinary Drink-category-filter\"]').click();\ncheckFirstTwelveRecipes(ordinaryDrinksMock.drinks, false);\ncy.get('[data-testid=\"All-category-filter\"]').click();\ncheckFirstTwelveRecipes(drinksMock.drinks, false);",
              "err": {
                "message": "AssertionError: Timed out retrying after 10000ms: expected 'https://www.thecocktaildb.com/images/media/drink/vyxwut1468875960.jpg' to include 'https://www.thecocktaildb.com/images/media/drink/rrtssw1472668972.jpg'",
                "estack": "AssertionError: Timed out retrying after 10000ms: expected 'https://www.thecocktaildb.com/images/media/drink/vyxwut1468875960.jpg' to include 'https://www.thecocktaildb.com/images/media/drink/rrtssw1472668972.jpg'\n    at eval (webpack:///./cypress/e2e/19-23.recipes.cy.js:29:7)\nat Array.forEach (<anonymous>)\n    at checkFirstTwelveRecipes (webpack:///./cypress/e2e/19-23.recipes.cy.js:24:23)\n    at Context.eval (webpack:///./cypress/e2e/19-23.recipes.cy.js:282:4)",
                "diff": null
              },
              "uuid": "19c03d62-4774-4ff2-9157-358acbdc9463",
              "parentUUID": "86d55f6b-bb4d-48d6-ba4b-494cae6fcb90",
              "isHook": false,
              "skipped": false
            }
          ],
          "suites": [],
          "passes": [],
          "failures": [
            "99f7fd78-715e-48aa-a36a-4b4c700af72c",
            "68b2ccba-5ad4-40dc-82d9-1f15343a7ad5",
            "91270ec6-7372-4ec0-aad8-aa1227151106",
            "5aca1d21-d870-4d86-9126-2566925bcf5c",
            "bdb83c4c-937d-4549-a5e5-0504604bf765",
            "aa84a888-3881-468e-95f0-772ed19d2a67",
            "7184da54-4d5f-45d9-894f-9a283b1a33e5",
            "4c7f512c-de22-4c33-b35b-19c0fc08236f",
            "945c53a6-477e-424a-a30d-41a9df371065",
            "97f0c56f-f639-4170-8f91-ffde644301aa",
            "7b7071ca-2098-4edf-ad99-d11b72de86ff",
            "19c03d62-4774-4ff2-9157-358acbdc9463"
          ],
          "pending": [],
          "skipped": [],
          "duration": 126133,
          "root": false,
          "rootEmpty": false,
          "_timeout": 2000
        },
        {
          "uuid": "3be736cf-c712-40f8-838d-77ba057eb8ef",
          "title": "22 - Implemente o filtro como um toggle, o qual se for selecionado novamente, o app deve retornar as receitas sem nenhum filtro",
          "fullFile": "",
          "file": "",
          "beforeHooks": [],
          "afterHooks": [],
          "tests": [
            {
              "title": "Caso as receitas sejam de comida e o filtro tenha sido selecionado novamente, deve-se retornar as 12 primeiras receitas sem filtro",
              "fullTitle": "22 - Implemente o filtro como um toggle, o qual se for selecionado novamente, o app deve retornar as receitas sem nenhum filtro Caso as receitas sejam de comida e o filtro tenha sido selecionado novamente, deve-se retornar as 12 primeiras receitas sem filtro",
              "timedOut": null,
              "duration": 808,
              "state": "passed",
              "speed": "fast",
              "pass": true,
              "fail": false,
              "pending": false,
              "context": null,
              "code": "cy.visit('http://localhost:3000/meals', {\n  onBeforeLoad(win) {\n    win.fetch = fetchMock;\n  }\n});\ncy.get('[data-testid=\"Beef-category-filter\"]').click();\ncy.get('[data-testid=\"Beef-category-filter\"]').click();\ncheckFirstTwelveRecipes(mealsMock.meals);",
              "err": {},
              "uuid": "bc26003d-6533-4d81-9028-0f4a21f7f7d7",
              "parentUUID": "3be736cf-c712-40f8-838d-77ba057eb8ef",
              "isHook": false,
              "skipped": false
            },
            {
              "title": "Caso as receitas sejam de bebida e o filtro tenha sido selecionado novamente, deve-se retornar as 12 primeiras receitas sem filtro",
              "fullTitle": "22 - Implemente o filtro como um toggle, o qual se for selecionado novamente, o app deve retornar as receitas sem nenhum filtro Caso as receitas sejam de bebida e o filtro tenha sido selecionado novamente, deve-se retornar as 12 primeiras receitas sem filtro",
              "timedOut": null,
              "duration": 855,
              "state": "passed",
              "speed": "fast",
              "pass": true,
              "fail": false,
              "pending": false,
              "context": null,
              "code": "cy.visit('http://localhost:3000/drinks', {\n  onBeforeLoad(win) {\n    win.fetch = fetchMock;\n  }\n});\ncy.get('[data-testid=\"Ordinary Drink-category-filter\"]').click();\ncy.get('[data-testid=\"Ordinary Drink-category-filter\"]').click();\ncheckFirstTwelveRecipes(drinksMock.drinks, false);",
              "err": {},
              "uuid": "2e3a79e0-4cc7-4e43-b8e3-1cce61b03ed7",
              "parentUUID": "3be736cf-c712-40f8-838d-77ba057eb8ef",
              "isHook": false,
              "skipped": false
            }
          ],
          "suites": [],
          "passes": [
            "bc26003d-6533-4d81-9028-0f4a21f7f7d7",
            "2e3a79e0-4cc7-4e43-b8e3-1cce61b03ed7"
          ],
          "failures": [],
          "pending": [],
          "skipped": [],
          "duration": 1663,
          "root": false,
          "rootEmpty": false,
          "_timeout": 2000
        },
        {
          "uuid": "83f7f460-beb6-4170-9a53-9843ac826e4c",
          "title": "23 - Redirecione a pessoa usuária ao clicar no card para a tela de detalhes, que deve mudar a rota e conter o id da receita na URL",
          "fullFile": "",
          "file": "",
          "beforeHooks": [],
          "afterHooks": [],
          "tests": [
            {
              "title": "Caso as receitas sejam de comida a rota deve mudar para a tela de detalhes da receita",
              "fullTitle": "23 - Redirecione a pessoa usuária ao clicar no card para a tela de detalhes, que deve mudar a rota e conter o id da receita na URL Caso as receitas sejam de comida a rota deve mudar para a tela de detalhes da receita",
              "timedOut": null,
              "duration": 530,
              "state": "failed",
              "speed": null,
              "pass": false,
              "fail": true,
              "pending": false,
              "context": null,
              "code": "cy.visit('http://localhost:3000/meals', {\n  onBeforeLoad(win) {\n    win.fetch = fetchMock;\n  }\n});\ncy.get('[data-testid=\"0-recipe-card\"]').click();\ncy.location().should(loc => expect(loc.pathname).to.eq('/meals/52977'));",
              "err": {
                "message": "TypeError: The following error originated from your application code, not from Cypress.\n\n  > Cannot read properties of undefined (reading '0')\n\nWhen Cypress detects uncaught errors originating from your application it will automatically fail the current test.\n\nThis behavior is configurable, and you can choose to turn this off by listening to the `uncaught:exception` event.\n\nhttps://on.cypress.io/uncaught-exception-from-application",
                "estack": "TypeError: The following error originated from your application code, not from Cypress.\n\n  > Cannot read properties of undefined (reading '0')\n\nWhen Cypress detects uncaught errors originating from your application it will automatically fail the current test.\n\nThis behavior is configurable, and you can choose to turn this off by listening to the `uncaught:exception` event.\n\nhttps://on.cypress.io/uncaught-exception-from-application\n    at Recommendations (http://localhost:3000/static/js/bundle.js:1749:30)\n    at renderWithHooks (http://localhost:3000/static/js/bundle.js:29802:22)\n    at mountIndeterminateComponent (http://localhost:3000/static/js/bundle.js:33088:17)\n    at beginWork (http://localhost:3000/static/js/bundle.js:34384:20)\n    at HTMLUnknownElement.callCallback (http://localhost:3000/static/js/bundle.js:19394:18)\n    at Object.invokeGuardedCallbackDev (http://localhost:3000/static/js/bundle.js:19438:20)\n    at invokeGuardedCallback (http://localhost:3000/static/js/bundle.js:19495:35)\n    at beginWork$1 (http://localhost:3000/static/js/bundle.js:39369:11)\n    at performUnitOfWork (http://localhost:3000/static/js/bundle.js:38616:16)\n    at workLoopSync (http://localhost:3000/static/js/bundle.js:38539:9)",
                "diff": null
              },
              "uuid": "7186bf05-03a6-4057-84cc-6ed49c987c9d",
              "parentUUID": "83f7f460-beb6-4170-9a53-9843ac826e4c",
              "isHook": false,
              "skipped": false
            },
            {
              "title": "Caso as receitas sejam de bebida a rota deve mudar para a tela de detalhes da receita",
              "fullTitle": "23 - Redirecione a pessoa usuária ao clicar no card para a tela de detalhes, que deve mudar a rota e conter o id da receita na URL Caso as receitas sejam de bebida a rota deve mudar para a tela de detalhes da receita",
              "timedOut": null,
              "duration": 458,
              "state": "failed",
              "speed": null,
              "pass": false,
              "fail": true,
              "pending": false,
              "context": null,
              "code": "cy.visit('http://localhost:3000/drinks', {\n  onBeforeLoad(win) {\n    win.fetch = fetchMock;\n  }\n});\ncy.get('[data-testid=\"0-recipe-card\"]').click();\ncy.location().should(loc => expect(loc.pathname).to.eq('/drinks/15997'));",
              "err": {
                "message": "TypeError: The following error originated from your application code, not from Cypress.\n\n  > Cannot read properties of undefined (reading '0')\n\nWhen Cypress detects uncaught errors originating from your application it will automatically fail the current test.\n\nThis behavior is configurable, and you can choose to turn this off by listening to the `uncaught:exception` event.\n\nhttps://on.cypress.io/uncaught-exception-from-application",
                "estack": "TypeError: The following error originated from your application code, not from Cypress.\n\n  > Cannot read properties of undefined (reading '0')\n\nWhen Cypress detects uncaught errors originating from your application it will automatically fail the current test.\n\nThis behavior is configurable, and you can choose to turn this off by listening to the `uncaught:exception` event.\n\nhttps://on.cypress.io/uncaught-exception-from-application\n    at Recommendations (http://localhost:3000/static/js/bundle.js:1749:30)\n    at renderWithHooks (http://localhost:3000/static/js/bundle.js:29802:22)\n    at mountIndeterminateComponent (http://localhost:3000/static/js/bundle.js:33088:17)\n    at beginWork (http://localhost:3000/static/js/bundle.js:34384:20)\n    at HTMLUnknownElement.callCallback (http://localhost:3000/static/js/bundle.js:19394:18)\n    at Object.invokeGuardedCallbackDev (http://localhost:3000/static/js/bundle.js:19438:20)\n    at invokeGuardedCallback (http://localhost:3000/static/js/bundle.js:19495:35)\n    at beginWork$1 (http://localhost:3000/static/js/bundle.js:39369:11)\n    at performUnitOfWork (http://localhost:3000/static/js/bundle.js:38616:16)\n    at workLoopSync (http://localhost:3000/static/js/bundle.js:38539:9)",
                "diff": null
              },
              "uuid": "79862bc8-00dc-46fd-849f-5ed3056f077d",
              "parentUUID": "83f7f460-beb6-4170-9a53-9843ac826e4c",
              "isHook": false,
              "skipped": false
            },
            {
              "title": "Verifica a cobertura de 90% da Tela de Receitas",
              "fullTitle": "23 - Redirecione a pessoa usuária ao clicar no card para a tela de detalhes, que deve mudar a rota e conter o id da receita na URL Verifica a cobertura de 90% da Tela de Receitas",
              "timedOut": null,
              "duration": 6497,
              "state": "failed",
              "speed": null,
              "pass": false,
              "fail": true,
              "pending": false,
              "context": null,
              "code": "cy.task('getCoverage', getId()).its('Recipes.functions.pct', {\n  timeout: 0\n}).should('be.gte', 90.00);\ncy.task('getCoverage', getId()).its('Recipes.lines.pct', {\n  timeout: 0\n}).should('be.gte', 90.00);\ncy.task('getCoverage', getId()).its('Recipes.branches.pct', {\n  timeout: 0\n}).should('be.gte', 90.00);",
              "err": {
                "message": "CypressError: `cy.task('getCoverage')` failed with the following error:\n\n> stderr maxBuffer length exceeded\n\nhttps://on.cypress.io/api/task",
                "estack": "CypressError: `cy.task('getCoverage')` failed with the following error:\n\n> stderr maxBuffer length exceeded\n\nhttps://on.cypress.io/api/task\n    at <unknown> (http://localhost:3000/__cypress/runner/cypress_runner.js:145912:78)\n    at tryCatcher (http://localhost:3000/__cypress/runner/cypress_runner.js:11318:23)\n    at Promise._settlePromiseFromHandler (http://localhost:3000/__cypress/runner/cypress_runner.js:9253:31)\n    at Promise._settlePromise (http://localhost:3000/__cypress/runner/cypress_runner.js:9310:18)\n    at Promise._settlePromise0 (http://localhost:3000/__cypress/runner/cypress_runner.js:9355:10)\n    at Promise._settlePromises (http://localhost:3000/__cypress/runner/cypress_runner.js:9431:18)\n    at _drainQueueStep (http://localhost:3000/__cypress/runner/cypress_runner.js:6025:12)\n    at _drainQueue (http://localhost:3000/__cypress/runner/cypress_runner.js:6018:9)\n    at ../../node_modules/bluebird/js/release/async.js.Async._drainQueues (http://localhost:3000/__cypress/runner/cypress_runner.js:6034:5)\n    at Async.drainQueues (http://localhost:3000/__cypress/runner/cypress_runner.js:5904:14)\nFrom Your Spec Code:\n    at Context.eval (webpack:///./cypress/e2e/19-23.recipes.cy.js:343:7)\n\nFrom Node.js Internals:\n  RangeError: stderr maxBuffer length exceeded\n  RangeError [ERR_CHILD_PROCESS_STDIO_MAXBUFFER]: stderr maxBuffer length exceeded\n      at new NodeError (node:internal/errors:387:5)\n      at Socket.onChildStderr (node:child_process:497:14)\n      at Socket.emit (node:events:513:28)\n      at Socket.emit (node:domain:489:12)\n      at addChunk (node:internal/streams/readable:315:12)\n      at readableAddChunk (node:internal/streams/readable:285:11)\n      at Socket.Readable.push (node:internal/streams/readable:228:10)\n      at Pipe.onStreamRead (node:internal/stream_base_commons:190:23)",
                "diff": null
              },
              "uuid": "31a9df32-0b99-482a-9353-0c38e560683f",
              "parentUUID": "83f7f460-beb6-4170-9a53-9843ac826e4c",
              "isHook": false,
              "skipped": false
            }
          ],
          "suites": [],
          "passes": [],
          "failures": [
            "7186bf05-03a6-4057-84cc-6ed49c987c9d",
            "79862bc8-00dc-46fd-849f-5ed3056f077d",
            "31a9df32-0b99-482a-9353-0c38e560683f"
          ],
          "pending": [],
          "skipped": [],
          "duration": 7485,
          "root": false,
          "rootEmpty": false,
          "_timeout": 2000
        }
      ],
      "passes": [],
      "failures": [],
      "pending": [],
      "skipped": [],
      "duration": 0,
      "root": true,
      "rootEmpty": true,
      "_timeout": 2000
    }
  ],
  "meta": {
    "mocha": {
      "version": "7.0.1"
    },
    "mochawesome": {
      "options": {
        "quiet": false,
        "reportFilename": "mochawesome",
        "saveHtml": false,
        "saveJson": true,
        "consoleReporter": "spec",
        "useInlineDiffs": false,
        "code": true
      },
      "version": "7.1.3"
    },
    "marge": {
      "options": {
        "id": "default",
        "reportDir": "cypress/reports",
        "overwrite": false,
        "html": false,
        "json": true
      },
      "version": "6.2.0"
    }
  }
}