{
  "stats": {
    "suites": 5,
    "tests": 9,
    "passes": 7,
    "pending": 0,
    "failures": 2,
    "start": "2023-02-01T18:03:31.455Z",
    "end": "2023-02-01T18:04:51.323Z",
    "duration": 79868,
    "testsRegistered": 9,
    "passPercent": 77.77777777777779,
    "pendingPercent": 0,
    "other": 0,
    "hasOther": false,
    "skipped": 0,
    "hasSkipped": false
  },
  "results": [
    {
      "uuid": "2b3644b1-cfe0-43c3-8c5c-ab4a5ad2d17d",
      "title": "",
      "fullFile": "cypress/e2e/02-06.login.cy.js",
      "file": "cypress/e2e/02-06.login.cy.js",
      "beforeHooks": [],
      "afterHooks": [],
      "tests": [],
      "suites": [
        {
          "uuid": "a934cd7e-b5a9-4062-b3e8-a7bf9c70d318",
          "title": "2 - Crie todos os elementos que devem respeitar os atributos descritos no protótipo para a tela de login",
          "fullFile": "",
          "file": "",
          "beforeHooks": [],
          "afterHooks": [],
          "tests": [
            {
              "title": "Tem os data-testids email-input, password-input e login-submit-btn",
              "fullTitle": "2 - Crie todos os elementos que devem respeitar os atributos descritos no protótipo para a tela de login Tem os data-testids email-input, password-input e login-submit-btn",
              "timedOut": null,
              "duration": 5538,
              "state": "passed",
              "speed": "medium",
              "pass": true,
              "fail": false,
              "pending": false,
              "context": null,
              "code": "cy.visit('http://localhost:3000/');\ncy.get('[data-testid=\"email-input\"]');\ncy.get('[data-testid=\"password-input\"]');\ncy.get('[data-testid=\"login-submit-btn\"]');",
              "err": {},
              "uuid": "96c31ee6-13e6-4130-9bba-6255d20055e3",
              "parentUUID": "a934cd7e-b5a9-4062-b3e8-a7bf9c70d318",
              "isHook": false,
              "skipped": false
            }
          ],
          "suites": [],
          "passes": [
            "96c31ee6-13e6-4130-9bba-6255d20055e3"
          ],
          "failures": [],
          "pending": [],
          "skipped": [],
          "duration": 5538,
          "root": false,
          "rootEmpty": false,
          "_timeout": 2000
        },
        {
          "uuid": "be950111-7b23-45d8-8e3f-1740ca006baa",
          "title": "3 - Desenvolva a tela de maneira que a pessoa consiga escrever seu email no input de email e sua senha no input de senha",
          "fullFile": "",
          "file": "",
          "beforeHooks": [],
          "afterHooks": [],
          "tests": [
            {
              "title": "É possível escrever o email e a senha",
              "fullTitle": "3 - Desenvolva a tela de maneira que a pessoa consiga escrever seu email no input de email e sua senha no input de senha É possível escrever o email e a senha",
              "timedOut": null,
              "duration": 2561,
              "state": "passed",
              "speed": "fast",
              "pass": true,
              "fail": false,
              "pending": false,
              "context": null,
              "code": "cy.visit('http://localhost:3000/');\ncy.get('[data-testid=\"email-input\"]').type('email@mail.com');\ncy.get('[data-testid=\"email-input\"]').should('have.value', 'email@mail.com');\ncy.get('[data-testid=\"password-input\"]').type('1234567');\ncy.get('[data-testid=\"password-input\"]').should('have.value', '1234567');",
              "err": {},
              "uuid": "0b510213-8d0d-4bf9-a928-fd424d87f7b5",
              "parentUUID": "be950111-7b23-45d8-8e3f-1740ca006baa",
              "isHook": false,
              "skipped": false
            }
          ],
          "suites": [],
          "passes": [
            "0b510213-8d0d-4bf9-a928-fd424d87f7b5"
          ],
          "failures": [],
          "pending": [],
          "skipped": [],
          "duration": 2561,
          "root": false,
          "rootEmpty": false,
          "_timeout": 2000
        },
        {
          "uuid": "94eeb7e4-c053-4337-a9a4-3fdec76c6402",
          "title": "4 - Desenvolva a tela de maneira que o formulário só seja válido após um email válido e uma senha de mais de 6 caracteres serem preenchidos",
          "fullFile": "",
          "file": "",
          "beforeHooks": [],
          "afterHooks": [],
          "tests": [
            {
              "title": "O botão deve estar desativado se o email for inválido",
              "fullTitle": "4 - Desenvolva a tela de maneira que o formulário só seja válido após um email válido e uma senha de mais de 6 caracteres serem preenchidos O botão deve estar desativado se o email for inválido",
              "timedOut": null,
              "duration": 1427,
              "state": "passed",
              "speed": "fast",
              "pass": true,
              "fail": false,
              "pending": false,
              "context": null,
              "code": "cy.visit('http://localhost:3000/');\ncy.get('[data-testid=\"login-submit-btn\"]').should('be.disabled');\ncy.get('[data-testid=\"email-input\"]').type('email@mail');\ncy.get('[data-testid=\"password-input\"]').type('1234567');\ncy.get('[data-testid=\"login-submit-btn\"]').should('be.disabled');\ncy.get('[data-testid=\"email-input\"]').clear().type('email.com');\ncy.get('[data-testid=\"login-submit-btn\"]').should('be.disabled');",
              "err": {},
              "uuid": "18e7014d-de61-48fb-8776-1c185f91d3d1",
              "parentUUID": "94eeb7e4-c053-4337-a9a4-3fdec76c6402",
              "isHook": false,
              "skipped": false
            },
            {
              "title": "O botão deve estar desativado se a senha deve tiver 6 caracteres ou menos",
              "fullTitle": "4 - Desenvolva a tela de maneira que o formulário só seja válido após um email válido e uma senha de mais de 6 caracteres serem preenchidos O botão deve estar desativado se a senha deve tiver 6 caracteres ou menos",
              "timedOut": null,
              "duration": 1189,
              "state": "passed",
              "speed": "fast",
              "pass": true,
              "fail": false,
              "pending": false,
              "context": null,
              "code": "cy.visit('http://localhost:3000/');\ncy.get('[data-testid=\"login-submit-btn\"]').should('be.disabled');\ncy.get('[data-testid=\"email-input\"]').type('email@mail.com');\ncy.get('[data-testid=\"password-input\"]').type('123456');\ncy.get('[data-testid=\"login-submit-btn\"]').should('be.disabled');",
              "err": {},
              "uuid": "88396df7-272e-4af7-b699-44a3e17f674f",
              "parentUUID": "94eeb7e4-c053-4337-a9a4-3fdec76c6402",
              "isHook": false,
              "skipped": false
            },
            {
              "title": "O botão deve estar ativado se o email e a senha forem válidos",
              "fullTitle": "4 - Desenvolva a tela de maneira que o formulário só seja válido após um email válido e uma senha de mais de 6 caracteres serem preenchidos O botão deve estar ativado se o email e a senha forem válidos",
              "timedOut": null,
              "duration": 1287,
              "state": "passed",
              "speed": "fast",
              "pass": true,
              "fail": false,
              "pending": false,
              "context": null,
              "code": "cy.visit('http://localhost:3000/');\ncy.get('[data-testid=\"login-submit-btn\"]').should('be.disabled');\ncy.get('[data-testid=\"email-input\"]').type('email@mail.com');\ncy.get('[data-testid=\"password-input\"]').type('1234567');\ncy.get('[data-testid=\"login-submit-btn\"]').should('not.be.disabled');",
              "err": {},
              "uuid": "4586fcfa-c33f-47f7-a8ba-e48bc4ec8792",
              "parentUUID": "94eeb7e4-c053-4337-a9a4-3fdec76c6402",
              "isHook": false,
              "skipped": false
            },
            {
              "title": "Verifica a cobertura de 45% da tela de Login",
              "fullTitle": "4 - Desenvolva a tela de maneira que o formulário só seja válido após um email válido e uma senha de mais de 6 caracteres serem preenchidos Verifica a cobertura de 45% da tela de Login",
              "timedOut": null,
              "duration": 55478,
              "state": "failed",
              "speed": null,
              "pass": false,
              "fail": true,
              "pending": false,
              "context": null,
              "code": "cy.task('getCoverage', getId()).its('Login.functions.pct', {\n  timeout: 0\n}).should('be.gte', 45.00);\ncy.task('getCoverage', getId()).its('Login.lines.pct', {\n  timeout: 0\n}).should('be.gte', 45.00);\ncy.task('getCoverage', getId()).its('Login.branches.pct', {\n  timeout: 0\n}).should('be.gte', 45.00);",
              "err": {
                "message": "CypressError: `cy.task('getCoverage')` failed with the following error:\n\n> stderr maxBuffer length exceeded\n\nhttps://on.cypress.io/api/task",
                "estack": "CypressError: `cy.task('getCoverage')` failed with the following error:\n\n> stderr maxBuffer length exceeded\n\nhttps://on.cypress.io/api/task\n    at <unknown> (http://localhost:3000/__cypress/runner/cypress_runner.js:145912:78)\n    at tryCatcher (http://localhost:3000/__cypress/runner/cypress_runner.js:11318:23)\n    at Promise._settlePromiseFromHandler (http://localhost:3000/__cypress/runner/cypress_runner.js:9253:31)\n    at Promise._settlePromise (http://localhost:3000/__cypress/runner/cypress_runner.js:9310:18)\n    at Promise._settlePromise0 (http://localhost:3000/__cypress/runner/cypress_runner.js:9355:10)\n    at Promise._settlePromises (http://localhost:3000/__cypress/runner/cypress_runner.js:9431:18)\n    at _drainQueueStep (http://localhost:3000/__cypress/runner/cypress_runner.js:6025:12)\n    at _drainQueue (http://localhost:3000/__cypress/runner/cypress_runner.js:6018:9)\n    at ../../node_modules/bluebird/js/release/async.js.Async._drainQueues (http://localhost:3000/__cypress/runner/cypress_runner.js:6034:5)\n    at Async.drainQueues (http://localhost:3000/__cypress/runner/cypress_runner.js:5904:14)\nFrom Your Spec Code:\n    at Context.eval (webpack:///./cypress/e2e/02-06.login.cy.js:67:7)\n\nFrom Node.js Internals:\n  RangeError: stderr maxBuffer length exceeded\n  RangeError [ERR_CHILD_PROCESS_STDIO_MAXBUFFER]: stderr maxBuffer length exceeded\n      at new NodeError (node:internal/errors:387:5)\n      at Socket.onChildStderr (node:child_process:497:14)\n      at Socket.emit (node:events:513:28)\n      at Socket.emit (node:domain:489:12)\n      at addChunk (node:internal/streams/readable:315:12)\n      at readableAddChunk (node:internal/streams/readable:285:11)\n      at Socket.Readable.push (node:internal/streams/readable:228:10)\n      at Pipe.onStreamRead (node:internal/stream_base_commons:190:23)",
                "diff": null
              },
              "uuid": "5a634231-d159-411b-b8b2-e920cd50313b",
              "parentUUID": "94eeb7e4-c053-4337-a9a4-3fdec76c6402",
              "isHook": false,
              "skipped": false
            }
          ],
          "suites": [],
          "passes": [
            "18e7014d-de61-48fb-8776-1c185f91d3d1",
            "88396df7-272e-4af7-b699-44a3e17f674f",
            "4586fcfa-c33f-47f7-a8ba-e48bc4ec8792"
          ],
          "failures": [
            "5a634231-d159-411b-b8b2-e920cd50313b"
          ],
          "pending": [],
          "skipped": [],
          "duration": 59381,
          "root": false,
          "rootEmpty": false,
          "_timeout": 2000
        },
        {
          "uuid": "8ec70563-5e78-462f-b8ca-989e3f410dc4",
          "title": "5 - Após a submissão do formulário, salve no localStorage o e-mail da pessoa usuária na chave `user`",
          "fullFile": "",
          "file": "",
          "beforeHooks": [],
          "afterHooks": [],
          "tests": [
            {
              "title": "Após o login, os dados devem estar salvos no localStorage",
              "fullTitle": "5 - Após a submissão do formulário, salve no localStorage o e-mail da pessoa usuária na chave `user` Após o login, os dados devem estar salvos no localStorage",
              "timedOut": null,
              "duration": 1656,
              "state": "passed",
              "speed": "fast",
              "pass": true,
              "fail": false,
              "pending": false,
              "context": null,
              "code": "cy.visit('http://localhost:3000/', {\n  onBeforeLoad(win) {\n    win.localStorage.clear();\n  }\n});\ncy.get('[data-testid=\"login-submit-btn\"]').should('be.disabled');\ncy.get('[data-testid=\"email-input\"]').type('email@mail.com');\ncy.get('[data-testid=\"password-input\"]').type('1234567');\ncy.get('[data-testid=\"login-submit-btn\"]').click();\ncy.window().then(win => {\n  expect(JSON.parse(win.localStorage.getItem('user'))).to.deep.eq({\n    email: 'email@mail.com'\n  });\n  win.localStorage.clear();\n});",
              "err": {},
              "uuid": "167a0f46-05c7-4220-aa43-fc0f2777090b",
              "parentUUID": "8ec70563-5e78-462f-b8ca-989e3f410dc4",
              "isHook": false,
              "skipped": false
            }
          ],
          "suites": [],
          "passes": [
            "167a0f46-05c7-4220-aa43-fc0f2777090b"
          ],
          "failures": [],
          "pending": [],
          "skipped": [],
          "duration": 1656,
          "root": false,
          "rootEmpty": false,
          "_timeout": 2000
        },
        {
          "uuid": "56bbb3d3-69e8-4881-b928-3cc70161fa5b",
          "title": "6 - Redirecione a pessoa usuária para a tela principal de receitas de comidas após a submissão e validação com sucesso do login",
          "fullFile": "",
          "file": "",
          "beforeHooks": [],
          "afterHooks": [],
          "tests": [
            {
              "title": "A rota muda para a tela principal de receitas de comidas",
              "fullTitle": "6 - Redirecione a pessoa usuária para a tela principal de receitas de comidas após a submissão e validação com sucesso do login A rota muda para a tela principal de receitas de comidas",
              "timedOut": null,
              "duration": 1026,
              "state": "passed",
              "speed": "fast",
              "pass": true,
              "fail": false,
              "pending": false,
              "context": null,
              "code": "cy.visit('http://localhost:3000/', {\n  onBeforeLoad(win) {\n    win.localStorage.clear();\n  }\n});\ncy.get('[data-testid=\"login-submit-btn\"]').should('be.disabled');\ncy.window().then(win => {\n  expect(win.localStorage.getItem('user')).to.be.null;\n});\ncy.get('[data-testid=\"email-input\"]').type('email@mail.com');\ncy.get('[data-testid=\"password-input\"]').type('1234567');\ncy.get('[data-testid=\"login-submit-btn\"]').click();\ncy.location().should(loc => expect(loc.pathname).to.eq('/meals'));\ncy.window().then(win => {\n  win.localStorage.clear();\n});",
              "err": {},
              "uuid": "f2e36d06-218d-4c06-a9cc-dd87d39d264c",
              "parentUUID": "56bbb3d3-69e8-4881-b928-3cc70161fa5b",
              "isHook": false,
              "skipped": false
            },
            {
              "title": "Verifica a cobertura de 90% da tela de Login",
              "fullTitle": "6 - Redirecione a pessoa usuária para a tela principal de receitas de comidas após a submissão e validação com sucesso do login Verifica a cobertura de 90% da tela de Login",
              "timedOut": null,
              "duration": 6829,
              "state": "failed",
              "speed": null,
              "pass": false,
              "fail": true,
              "pending": false,
              "context": null,
              "code": "cy.task('getCoverage', getId()).its('Login.functions.pct', {\n  timeout: 0\n}).should('be.gte', 90.00);\ncy.task('getCoverage', getId()).its('Login.lines.pct', {\n  timeout: 0\n}).should('be.gte', 90.00);\ncy.task('getCoverage', getId()).its('Login.branches.pct', {\n  timeout: 0\n}).should('be.gte', 90.00);",
              "err": {
                "message": "CypressError: `cy.task('getCoverage')` failed with the following error:\n\n> stderr maxBuffer length exceeded\n\nhttps://on.cypress.io/api/task",
                "estack": "CypressError: `cy.task('getCoverage')` failed with the following error:\n\n> stderr maxBuffer length exceeded\n\nhttps://on.cypress.io/api/task\n    at <unknown> (http://localhost:3000/__cypress/runner/cypress_runner.js:145912:78)\n    at tryCatcher (http://localhost:3000/__cypress/runner/cypress_runner.js:11318:23)\n    at Promise._settlePromiseFromHandler (http://localhost:3000/__cypress/runner/cypress_runner.js:9253:31)\n    at Promise._settlePromise (http://localhost:3000/__cypress/runner/cypress_runner.js:9310:18)\n    at Promise._settlePromise0 (http://localhost:3000/__cypress/runner/cypress_runner.js:9355:10)\n    at Promise._settlePromises (http://localhost:3000/__cypress/runner/cypress_runner.js:9431:18)\n    at _drainQueueStep (http://localhost:3000/__cypress/runner/cypress_runner.js:6025:12)\n    at _drainQueue (http://localhost:3000/__cypress/runner/cypress_runner.js:6018:9)\n    at ../../node_modules/bluebird/js/release/async.js.Async._drainQueues (http://localhost:3000/__cypress/runner/cypress_runner.js:6034:5)\n    at Async.drainQueues (http://localhost:3000/__cypress/runner/cypress_runner.js:5904:14)\nFrom Your Spec Code:\n    at Context.eval (webpack:///./cypress/e2e/02-06.login.cy.js:123:7)\n\nFrom Node.js Internals:\n  RangeError: stderr maxBuffer length exceeded\n  RangeError [ERR_CHILD_PROCESS_STDIO_MAXBUFFER]: stderr maxBuffer length exceeded\n      at new NodeError (node:internal/errors:387:5)\n      at Socket.onChildStderr (node:child_process:497:14)\n      at Socket.emit (node:events:513:28)\n      at Socket.emit (node:domain:489:12)\n      at addChunk (node:internal/streams/readable:315:12)\n      at readableAddChunk (node:internal/streams/readable:285:11)\n      at Socket.Readable.push (node:internal/streams/readable:228:10)\n      at Pipe.onStreamRead (node:internal/stream_base_commons:190:23)",
                "diff": null
              },
              "uuid": "50fa2cf6-1678-494a-9c59-bef1ac14bea0",
              "parentUUID": "56bbb3d3-69e8-4881-b928-3cc70161fa5b",
              "isHook": false,
              "skipped": false
            }
          ],
          "suites": [],
          "passes": [
            "f2e36d06-218d-4c06-a9cc-dd87d39d264c"
          ],
          "failures": [
            "50fa2cf6-1678-494a-9c59-bef1ac14bea0"
          ],
          "pending": [],
          "skipped": [],
          "duration": 7855,
          "root": false,
          "rootEmpty": false,
          "_timeout": 2000
        }
      ],
      "passes": [],
      "failures": [],
      "pending": [],
      "skipped": [],
      "duration": 0,
      "root": true,
      "rootEmpty": true,
      "_timeout": 2000
    }
  ],
  "meta": {
    "mocha": {
      "version": "7.0.1"
    },
    "mochawesome": {
      "options": {
        "quiet": false,
        "reportFilename": "mochawesome",
        "saveHtml": false,
        "saveJson": true,
        "consoleReporter": "spec",
        "useInlineDiffs": false,
        "code": true
      },
      "version": "7.1.3"
    },
    "marge": {
      "options": {
        "id": "default",
        "reportDir": "cypress/reports",
        "overwrite": false,
        "html": false,
        "json": true
      },
      "version": "6.2.0"
    }
  }
}