{
  "stats": {
    "suites": 3,
    "tests": 16,
    "passes": 14,
    "pending": 0,
    "failures": 2,
    "start": "2023-02-01T18:05:51.895Z",
    "end": "2023-02-01T18:06:17.372Z",
    "duration": 25477,
    "testsRegistered": 16,
    "passPercent": 87.5,
    "pendingPercent": 0,
    "other": 0,
    "hasOther": false,
    "skipped": 0,
    "hasSkipped": false
  },
  "results": [
    {
      "uuid": "f459e209-9cd6-4ac5-bfdc-e0d38ceb12e3",
      "title": "",
      "fullFile": "cypress/e2e/16-18.footer.cy.js",
      "file": "cypress/e2e/16-18.footer.cy.js",
      "beforeHooks": [],
      "afterHooks": [],
      "tests": [],
      "suites": [
        {
          "uuid": "3b69affb-9c1c-491d-8a49-f1dc3766a58a",
          "title": "16 - Implemente o menu inferior posicionando-o de forma fixa e contendo 2 ícones: um para comidas e outro para bebidas",
          "fullFile": "",
          "file": "",
          "beforeHooks": [],
          "afterHooks": [],
          "tests": [
            {
              "title": "O menu inferior existe e contém os ícones corretos",
              "fullTitle": "16 - Implemente o menu inferior posicionando-o de forma fixa e contendo 2 ícones: um para comidas e outro para bebidas O menu inferior existe e contém os ícones corretos",
              "timedOut": null,
              "duration": 718,
              "state": "passed",
              "speed": "fast",
              "pass": true,
              "fail": false,
              "pending": false,
              "context": null,
              "code": "cy.visit('http://localhost:3000/meals');\ncy.get('[data-testid=\"footer\"]');\ncy.get('[data-testid=\"drinks-bottom-btn\"]').should('have.attr', 'src').should('include', 'drinkIcon');\ncy.get('[data-testid=\"meals-bottom-btn\"]').should('have.attr', 'src').should('include', 'mealIcon');",
              "err": {},
              "uuid": "32a95495-d43c-4e47-bfc5-72ecf215e5e3",
              "parentUUID": "3b69affb-9c1c-491d-8a49-f1dc3766a58a",
              "isHook": false,
              "skipped": false
            },
            {
              "title": "O menu inferior deve ficar fixado sempre ao final da página",
              "fullTitle": "16 - Implemente o menu inferior posicionando-o de forma fixa e contendo 2 ícones: um para comidas e outro para bebidas O menu inferior deve ficar fixado sempre ao final da página",
              "timedOut": null,
              "duration": 476,
              "state": "passed",
              "speed": "fast",
              "pass": true,
              "fail": false,
              "pending": false,
              "context": null,
              "code": "cy.visit('http://localhost:3000/meals');\ncy.get('[data-testid=\"footer\"]').should('have.css', 'position', 'fixed');\ncy.get('[data-testid=\"footer\"]').should('have.css', 'bottom', '0px');",
              "err": {},
              "uuid": "ae36bfc9-a330-4fef-bcb4-93690a742abb",
              "parentUUID": "3b69affb-9c1c-491d-8a49-f1dc3766a58a",
              "isHook": false,
              "skipped": false
            },
            {
              "title": "Verifica a cobertura de 45% do Componente Footer",
              "fullTitle": "16 - Implemente o menu inferior posicionando-o de forma fixa e contendo 2 ícones: um para comidas e outro para bebidas Verifica a cobertura de 45% do Componente Footer",
              "timedOut": null,
              "duration": 11615,
              "state": "failed",
              "speed": null,
              "pass": false,
              "fail": true,
              "pending": false,
              "context": null,
              "code": "cy.task('getCoverage', getId()).its('Footer.functions.pct', {\n  timeout: 0\n}).should('be.gte', 45.00);\ncy.task('getCoverage', getId()).its('Footer.lines.pct', {\n  timeout: 0\n}).should('be.gte', 45.00);\ncy.task('getCoverage', getId()).its('Footer.branches.pct', {\n  timeout: 0\n}).should('be.gte', 45.00);",
              "err": {
                "message": "CypressError: `cy.task('getCoverage')` failed with the following error:\n\n> stderr maxBuffer length exceeded\n\nhttps://on.cypress.io/api/task",
                "estack": "CypressError: `cy.task('getCoverage')` failed with the following error:\n\n> stderr maxBuffer length exceeded\n\nhttps://on.cypress.io/api/task\n    at <unknown> (http://localhost:3000/__cypress/runner/cypress_runner.js:145912:78)\n    at tryCatcher (http://localhost:3000/__cypress/runner/cypress_runner.js:11318:23)\n    at Promise._settlePromiseFromHandler (http://localhost:3000/__cypress/runner/cypress_runner.js:9253:31)\n    at Promise._settlePromise (http://localhost:3000/__cypress/runner/cypress_runner.js:9310:18)\n    at Promise._settlePromise0 (http://localhost:3000/__cypress/runner/cypress_runner.js:9355:10)\n    at Promise._settlePromises (http://localhost:3000/__cypress/runner/cypress_runner.js:9431:18)\n    at _drainQueueStep (http://localhost:3000/__cypress/runner/cypress_runner.js:6025:12)\n    at _drainQueue (http://localhost:3000/__cypress/runner/cypress_runner.js:6018:9)\n    at ../../node_modules/bluebird/js/release/async.js.Async._drainQueues (http://localhost:3000/__cypress/runner/cypress_runner.js:6034:5)\n    at Async.drainQueues (http://localhost:3000/__cypress/runner/cypress_runner.js:5904:14)\nFrom Your Spec Code:\n    at Context.eval (webpack:///./cypress/e2e/16-18.footer.cy.js:28:7)\n\nFrom Node.js Internals:\n  RangeError: stderr maxBuffer length exceeded\n  RangeError [ERR_CHILD_PROCESS_STDIO_MAXBUFFER]: stderr maxBuffer length exceeded\n      at new NodeError (node:internal/errors:387:5)\n      at Socket.onChildStderr (node:child_process:497:14)\n      at Socket.emit (node:events:513:28)\n      at Socket.emit (node:domain:489:12)\n      at addChunk (node:internal/streams/readable:315:12)\n      at readableAddChunk (node:internal/streams/readable:285:11)\n      at Socket.Readable.push (node:internal/streams/readable:228:10)\n      at Pipe.onStreamRead (node:internal/stream_base_commons:190:23)",
                "diff": null
              },
              "uuid": "0646024f-6f70-47e0-a9c6-a80ab8aa116d",
              "parentUUID": "3b69affb-9c1c-491d-8a49-f1dc3766a58a",
              "isHook": false,
              "skipped": false
            }
          ],
          "suites": [],
          "passes": [
            "32a95495-d43c-4e47-bfc5-72ecf215e5e3",
            "ae36bfc9-a330-4fef-bcb4-93690a742abb"
          ],
          "failures": [
            "0646024f-6f70-47e0-a9c6-a80ab8aa116d"
          ],
          "pending": [],
          "skipped": [],
          "duration": 12809,
          "root": false,
          "rootEmpty": false,
          "_timeout": 2000
        },
        {
          "uuid": "e827ee8d-969b-4ce9-b4a2-32e6351698bb",
          "title": "17 - Exiba o menu inferior apenas nas telas indicadas pelo protótipo",
          "fullFile": "",
          "file": "",
          "beforeHooks": [],
          "afterHooks": [],
          "tests": [
            {
              "title": "Rota \"/\": não deve ter footer",
              "fullTitle": "17 - Exiba o menu inferior apenas nas telas indicadas pelo protótipo Rota \"/\": não deve ter footer",
              "timedOut": null,
              "duration": 303,
              "state": "passed",
              "speed": "fast",
              "pass": true,
              "fail": false,
              "pending": false,
              "context": null,
              "code": "cy.visit('http://localhost:3000/');\nhasNoFooter();",
              "err": {},
              "uuid": "d2035cba-23f1-4e5d-b924-0ce66cc431a3",
              "parentUUID": "e827ee8d-969b-4ce9-b4a2-32e6351698bb",
              "isHook": false,
              "skipped": false
            },
            {
              "title": "Rota \"/meals\": deve ter footer",
              "fullTitle": "17 - Exiba o menu inferior apenas nas telas indicadas pelo protótipo Rota \"/meals\": deve ter footer",
              "timedOut": null,
              "duration": 334,
              "state": "passed",
              "speed": "fast",
              "pass": true,
              "fail": false,
              "pending": false,
              "context": null,
              "code": "visitWithLocalStorage('http://localhost:3000/meals');\nhasFooter();",
              "err": {},
              "uuid": "1e38a14d-2819-4448-a963-6e3ed94e5db3",
              "parentUUID": "e827ee8d-969b-4ce9-b4a2-32e6351698bb",
              "isHook": false,
              "skipped": false
            },
            {
              "title": "Rota \"/drinks\": deve ter footer",
              "fullTitle": "17 - Exiba o menu inferior apenas nas telas indicadas pelo protótipo Rota \"/drinks\": deve ter footer",
              "timedOut": null,
              "duration": 350,
              "state": "passed",
              "speed": "fast",
              "pass": true,
              "fail": false,
              "pending": false,
              "context": null,
              "code": "visitWithLocalStorage('http://localhost:3000/drinks');\nhasFooter();",
              "err": {},
              "uuid": "26eda6e5-3fd2-4d63-979e-91efc45d09af",
              "parentUUID": "e827ee8d-969b-4ce9-b4a2-32e6351698bb",
              "isHook": false,
              "skipped": false
            },
            {
              "title": "Rota \"/meals/{id-da-receita}\": não deve ter footer",
              "fullTitle": "17 - Exiba o menu inferior apenas nas telas indicadas pelo protótipo Rota \"/meals/{id-da-receita}\": não deve ter footer",
              "timedOut": null,
              "duration": 295,
              "state": "passed",
              "speed": "fast",
              "pass": true,
              "fail": false,
              "pending": false,
              "context": null,
              "code": "visitWithLocalStorage('http://localhost:3000/meals/52771');\nhasNoFooter();",
              "err": {},
              "uuid": "88911591-0952-46eb-934d-3b9d1b65337c",
              "parentUUID": "e827ee8d-969b-4ce9-b4a2-32e6351698bb",
              "isHook": false,
              "skipped": false
            },
            {
              "title": "Rota \"drinks/{id-da-receita}\": não deve ter footer",
              "fullTitle": "17 - Exiba o menu inferior apenas nas telas indicadas pelo protótipo Rota \"drinks/{id-da-receita}\": não deve ter footer",
              "timedOut": null,
              "duration": 301,
              "state": "passed",
              "speed": "fast",
              "pass": true,
              "fail": false,
              "pending": false,
              "context": null,
              "code": "visitWithLocalStorage('http://localhost:3000/drinks/178319');\nhasNoFooter();",
              "err": {},
              "uuid": "0ec9b4d9-0cbd-4b5c-87df-abb39eaaacc0",
              "parentUUID": "e827ee8d-969b-4ce9-b4a2-32e6351698bb",
              "isHook": false,
              "skipped": false
            },
            {
              "title": "Rota \"/meals/{id-da-receita}/in-progress\": não deve ter footer",
              "fullTitle": "17 - Exiba o menu inferior apenas nas telas indicadas pelo protótipo Rota \"/meals/{id-da-receita}/in-progress\": não deve ter footer",
              "timedOut": null,
              "duration": 305,
              "state": "passed",
              "speed": "fast",
              "pass": true,
              "fail": false,
              "pending": false,
              "context": null,
              "code": "visitWithLocalStorage('http://localhost:3000/meals/52771/in-progress');\nhasNoFooter();",
              "err": {},
              "uuid": "59830a46-b4e6-49be-9103-64fbe58de441",
              "parentUUID": "e827ee8d-969b-4ce9-b4a2-32e6351698bb",
              "isHook": false,
              "skipped": false
            },
            {
              "title": "Rota \"/drinks/{id-da-receita}/in-progress\": não deve ter footer",
              "fullTitle": "17 - Exiba o menu inferior apenas nas telas indicadas pelo protótipo Rota \"/drinks/{id-da-receita}/in-progress\": não deve ter footer",
              "timedOut": null,
              "duration": 273,
              "state": "passed",
              "speed": "fast",
              "pass": true,
              "fail": false,
              "pending": false,
              "context": null,
              "code": "visitWithLocalStorage('http://localhost:3000/drinks/178319/in-progress');\nhasNoFooter();",
              "err": {},
              "uuid": "4879dc05-ebc3-40bc-a332-029709788cd7",
              "parentUUID": "e827ee8d-969b-4ce9-b4a2-32e6351698bb",
              "isHook": false,
              "skipped": false
            },
            {
              "title": "Rota \"/profile\": deve ter footer",
              "fullTitle": "17 - Exiba o menu inferior apenas nas telas indicadas pelo protótipo Rota \"/profile\": deve ter footer",
              "timedOut": null,
              "duration": 304,
              "state": "passed",
              "speed": "fast",
              "pass": true,
              "fail": false,
              "pending": false,
              "context": null,
              "code": "visitWithLocalStorage('http://localhost:3000/profile');\nhasFooter();",
              "err": {},
              "uuid": "08e8767c-b3e0-4e13-86f9-c07e278b93e9",
              "parentUUID": "e827ee8d-969b-4ce9-b4a2-32e6351698bb",
              "isHook": false,
              "skipped": false
            },
            {
              "title": "Rota \"/done-recipes\": não deve ter footer",
              "fullTitle": "17 - Exiba o menu inferior apenas nas telas indicadas pelo protótipo Rota \"/done-recipes\": não deve ter footer",
              "timedOut": null,
              "duration": 246,
              "state": "passed",
              "speed": "fast",
              "pass": true,
              "fail": false,
              "pending": false,
              "context": null,
              "code": "visitWithLocalStorage('http://localhost:3000/done-recipes');\nhasNoFooter();",
              "err": {},
              "uuid": "635c5b89-92ff-459b-ad71-5d6bc1ef4e2e",
              "parentUUID": "e827ee8d-969b-4ce9-b4a2-32e6351698bb",
              "isHook": false,
              "skipped": false
            },
            {
              "title": "Rota \"/favorite-recipes\": não deve ter footer",
              "fullTitle": "17 - Exiba o menu inferior apenas nas telas indicadas pelo protótipo Rota \"/favorite-recipes\": não deve ter footer",
              "timedOut": null,
              "duration": 246,
              "state": "passed",
              "speed": "fast",
              "pass": true,
              "fail": false,
              "pending": false,
              "context": null,
              "code": "visitWithLocalStorage('http://localhost:3000/favorite-recipes');\nhasNoFooter();",
              "err": {},
              "uuid": "f6a2d59f-8b98-4bd1-9421-9d2342326732",
              "parentUUID": "e827ee8d-969b-4ce9-b4a2-32e6351698bb",
              "isHook": false,
              "skipped": false
            }
          ],
          "suites": [],
          "passes": [
            "d2035cba-23f1-4e5d-b924-0ce66cc431a3",
            "1e38a14d-2819-4448-a963-6e3ed94e5db3",
            "26eda6e5-3fd2-4d63-979e-91efc45d09af",
            "88911591-0952-46eb-934d-3b9d1b65337c",
            "0ec9b4d9-0cbd-4b5c-87df-abb39eaaacc0",
            "59830a46-b4e6-49be-9103-64fbe58de441",
            "4879dc05-ebc3-40bc-a332-029709788cd7",
            "08e8767c-b3e0-4e13-86f9-c07e278b93e9",
            "635c5b89-92ff-459b-ad71-5d6bc1ef4e2e",
            "f6a2d59f-8b98-4bd1-9421-9d2342326732"
          ],
          "failures": [],
          "pending": [],
          "skipped": [],
          "duration": 2957,
          "root": false,
          "rootEmpty": false,
          "_timeout": 2000
        },
        {
          "uuid": "e4646a9e-4f0a-4362-b8ec-f8b2b1683bab",
          "title": "18 - Redirecione a pessoa usuária para a tela correta ao clicar em cada ícone no menu inferior",
          "fullFile": "",
          "file": "",
          "beforeHooks": [],
          "afterHooks": [],
          "tests": [
            {
              "title": "Redireciona para a lista de bebidas ao clicar no ícone de bebidas",
              "fullTitle": "18 - Redirecione a pessoa usuária para a tela correta ao clicar em cada ícone no menu inferior Redireciona para a lista de bebidas ao clicar no ícone de bebidas",
              "timedOut": null,
              "duration": 490,
              "state": "passed",
              "speed": "fast",
              "pass": true,
              "fail": false,
              "pending": false,
              "context": null,
              "code": "cy.visit('http://localhost:3000/meals');\ncy.get('[data-testid=\"drinks-bottom-btn\"]').click();\ncy.location().should(loc => expect(loc.pathname).to.eq('/drinks'));",
              "err": {},
              "uuid": "4540bb29-76a3-43bf-afa4-77d88559906d",
              "parentUUID": "e4646a9e-4f0a-4362-b8ec-f8b2b1683bab",
              "isHook": false,
              "skipped": false
            },
            {
              "title": "Redireciona para a lista de comidas ao clicar no ícone de comidas",
              "fullTitle": "18 - Redirecione a pessoa usuária para a tela correta ao clicar em cada ícone no menu inferior Redireciona para a lista de comidas ao clicar no ícone de comidas",
              "timedOut": null,
              "duration": 423,
              "state": "passed",
              "speed": "fast",
              "pass": true,
              "fail": false,
              "pending": false,
              "context": null,
              "code": "cy.visit('http://localhost:3000/drinks');\ncy.get('[data-testid=\"meals-bottom-btn\"]').click();\ncy.location().should(loc => expect(loc.pathname).to.eq('/meals'));",
              "err": {},
              "uuid": "85532f0c-eb90-4241-8767-b34fd042b6d3",
              "parentUUID": "e4646a9e-4f0a-4362-b8ec-f8b2b1683bab",
              "isHook": false,
              "skipped": false
            },
            {
              "title": "Verifica a cobertura de 90% do Componente Footer",
              "fullTitle": "18 - Redirecione a pessoa usuária para a tela correta ao clicar em cada ícone no menu inferior Verifica a cobertura de 90% do Componente Footer",
              "timedOut": null,
              "duration": 6566,
              "state": "failed",
              "speed": null,
              "pass": false,
              "fail": true,
              "pending": false,
              "context": null,
              "code": "cy.task('getCoverage', getId()).its('Footer.functions.pct', {\n  timeout: 0\n}).should('be.gte', 90.00);\ncy.task('getCoverage', getId()).its('Footer.lines.pct', {\n  timeout: 0\n}).should('be.gte', 90.00);\ncy.task('getCoverage', getId()).its('Footer.branches.pct', {\n  timeout: 0\n}).should('be.gte', 90.00);",
              "err": {
                "message": "CypressError: `cy.task('getCoverage')` failed with the following error:\n\n> stderr maxBuffer length exceeded\n\nhttps://on.cypress.io/api/task",
                "estack": "CypressError: `cy.task('getCoverage')` failed with the following error:\n\n> stderr maxBuffer length exceeded\n\nhttps://on.cypress.io/api/task\n    at <unknown> (http://localhost:3000/__cypress/runner/cypress_runner.js:145912:78)\n    at tryCatcher (http://localhost:3000/__cypress/runner/cypress_runner.js:11318:23)\n    at Promise._settlePromiseFromHandler (http://localhost:3000/__cypress/runner/cypress_runner.js:9253:31)\n    at Promise._settlePromise (http://localhost:3000/__cypress/runner/cypress_runner.js:9310:18)\n    at Promise._settlePromise0 (http://localhost:3000/__cypress/runner/cypress_runner.js:9355:10)\n    at Promise._settlePromises (http://localhost:3000/__cypress/runner/cypress_runner.js:9431:18)\n    at _drainQueueStep (http://localhost:3000/__cypress/runner/cypress_runner.js:6025:12)\n    at _drainQueue (http://localhost:3000/__cypress/runner/cypress_runner.js:6018:9)\n    at ../../node_modules/bluebird/js/release/async.js.Async._drainQueues (http://localhost:3000/__cypress/runner/cypress_runner.js:6034:5)\n    at Async.drainQueues (http://localhost:3000/__cypress/runner/cypress_runner.js:5904:14)\nFrom Your Spec Code:\n    at Context.eval (webpack:///./cypress/e2e/16-18.footer.cy.js:136:7)\n\nFrom Node.js Internals:\n  RangeError: stderr maxBuffer length exceeded\n  RangeError [ERR_CHILD_PROCESS_STDIO_MAXBUFFER]: stderr maxBuffer length exceeded\n      at new NodeError (node:internal/errors:387:5)\n      at Socket.onChildStderr (node:child_process:497:14)\n      at Socket.emit (node:events:513:28)\n      at Socket.emit (node:domain:489:12)\n      at addChunk (node:internal/streams/readable:315:12)\n      at readableAddChunk (node:internal/streams/readable:285:11)\n      at Socket.Readable.push (node:internal/streams/readable:228:10)\n      at Pipe.onStreamRead (node:internal/stream_base_commons:190:23)",
                "diff": null
              },
              "uuid": "4166cd2b-8ab6-4453-9cf3-1afa8f11f88a",
              "parentUUID": "e4646a9e-4f0a-4362-b8ec-f8b2b1683bab",
              "isHook": false,
              "skipped": false
            }
          ],
          "suites": [],
          "passes": [
            "4540bb29-76a3-43bf-afa4-77d88559906d",
            "85532f0c-eb90-4241-8767-b34fd042b6d3"
          ],
          "failures": [
            "4166cd2b-8ab6-4453-9cf3-1afa8f11f88a"
          ],
          "pending": [],
          "skipped": [],
          "duration": 7479,
          "root": false,
          "rootEmpty": false,
          "_timeout": 2000
        }
      ],
      "passes": [],
      "failures": [],
      "pending": [],
      "skipped": [],
      "duration": 0,
      "root": true,
      "rootEmpty": true,
      "_timeout": 2000
    }
  ],
  "meta": {
    "mocha": {
      "version": "7.0.1"
    },
    "mochawesome": {
      "options": {
        "quiet": false,
        "reportFilename": "mochawesome",
        "saveHtml": false,
        "saveJson": true,
        "consoleReporter": "spec",
        "useInlineDiffs": false,
        "code": true
      },
      "version": "7.1.3"
    },
    "marge": {
      "options": {
        "id": "default",
        "reportDir": "cypress/reports",
        "overwrite": false,
        "html": false,
        "json": true
      },
      "version": "6.2.0"
    }
  }
}