{
  "stats": {
    "suites": 3,
    "tests": 15,
    "passes": 13,
    "pending": 0,
    "failures": 2,
    "start": "2023-02-01T18:04:54.095Z",
    "end": "2023-02-01T18:05:15.015Z",
    "duration": 20920,
    "testsRegistered": 15,
    "passPercent": 86.66666666666667,
    "pendingPercent": 0,
    "other": 0,
    "hasOther": false,
    "skipped": 0,
    "hasSkipped": false
  },
  "results": [
    {
      "uuid": "1f32f365-ee15-44c6-9ac3-fcbe963f5dc5",
      "title": "",
      "fullFile": "cypress/e2e/07-09.header.cy.js",
      "file": "cypress/e2e/07-09.header.cy.js",
      "beforeHooks": [],
      "afterHooks": [],
      "tests": [],
      "suites": [
        {
          "uuid": "906d4cb1-7c37-4663-90db-49c1f339d450",
          "title": "7 - Implemente o header de acordo com a necessidade de cada tela",
          "fullFile": "",
          "file": "",
          "beforeHooks": [],
          "afterHooks": [],
          "tests": [
            {
              "title": "Rota \"/\": não possui header",
              "fullTitle": "7 - Implemente o header de acordo com a necessidade de cada tela Rota \"/\": não possui header",
              "timedOut": null,
              "duration": 678,
              "state": "passed",
              "speed": "fast",
              "pass": true,
              "fail": false,
              "pending": false,
              "context": null,
              "code": "cy.visit('http://localhost:3000/');\nhasNoHeader();",
              "err": {},
              "uuid": "8e8292d9-313c-4778-9c3a-329a1f63e6e8",
              "parentUUID": "906d4cb1-7c37-4663-90db-49c1f339d450",
              "isHook": false,
              "skipped": false
            },
            {
              "title": "Rota \"/meals\": possui o header com o título \"Meals\" e os ícones de perfil e pesquisa",
              "fullTitle": "7 - Implemente o header de acordo com a necessidade de cada tela Rota \"/meals\": possui o header com o título \"Meals\" e os ícones de perfil e pesquisa",
              "timedOut": null,
              "duration": 428,
              "state": "passed",
              "speed": "fast",
              "pass": true,
              "fail": false,
              "pending": false,
              "context": null,
              "code": "cy.visit('http://localhost:3000/meals');\nhasHeader('Meals');",
              "err": {},
              "uuid": "e16b2667-a2aa-4a3f-bf98-583209df08c9",
              "parentUUID": "906d4cb1-7c37-4663-90db-49c1f339d450",
              "isHook": false,
              "skipped": false
            },
            {
              "title": "Rota \"/drinks\": possui o header com o título \"Drinks\" e os ícones de perfil e pesquisa",
              "fullTitle": "7 - Implemente o header de acordo com a necessidade de cada tela Rota \"/drinks\": possui o header com o título \"Drinks\" e os ícones de perfil e pesquisa",
              "timedOut": null,
              "duration": 332,
              "state": "passed",
              "speed": "fast",
              "pass": true,
              "fail": false,
              "pending": false,
              "context": null,
              "code": "cy.visit('http://localhost:3000/drinks');\nhasHeader('Drinks');",
              "err": {},
              "uuid": "38420131-f8f4-45b5-854f-387bb2852df3",
              "parentUUID": "906d4cb1-7c37-4663-90db-49c1f339d450",
              "isHook": false,
              "skipped": false
            },
            {
              "title": "Rota \"/meals/{id-da-receita}\": não possui header",
              "fullTitle": "7 - Implemente o header de acordo com a necessidade de cada tela Rota \"/meals/{id-da-receita}\": não possui header",
              "timedOut": null,
              "duration": 231,
              "state": "passed",
              "speed": "fast",
              "pass": true,
              "fail": false,
              "pending": false,
              "context": null,
              "code": "cy.visit('http://localhost:3000/meals/52771');\nhasNoHeader();",
              "err": {},
              "uuid": "4b20b6b4-5605-4ac3-a278-fed20d558acc",
              "parentUUID": "906d4cb1-7c37-4663-90db-49c1f339d450",
              "isHook": false,
              "skipped": false
            },
            {
              "title": "Rota \"drinks/{id-da-receita}\": não possui header",
              "fullTitle": "7 - Implemente o header de acordo com a necessidade de cada tela Rota \"drinks/{id-da-receita}\": não possui header",
              "timedOut": null,
              "duration": 195,
              "state": "passed",
              "speed": "fast",
              "pass": true,
              "fail": false,
              "pending": false,
              "context": null,
              "code": "cy.visit('http://localhost:3000/drinks/178319');\nhasNoHeader();",
              "err": {},
              "uuid": "7c4368f3-e004-43c4-a721-c0dc238686d2",
              "parentUUID": "906d4cb1-7c37-4663-90db-49c1f339d450",
              "isHook": false,
              "skipped": false
            },
            {
              "title": "Rota \"/meals/{id-da-receita}/in-progress\": não possui header",
              "fullTitle": "7 - Implemente o header de acordo com a necessidade de cada tela Rota \"/meals/{id-da-receita}/in-progress\": não possui header",
              "timedOut": null,
              "duration": 326,
              "state": "passed",
              "speed": "fast",
              "pass": true,
              "fail": false,
              "pending": false,
              "context": null,
              "code": "cy.visit('http://localhost:3000/meals/52771/in-progress');\nhasNoHeader();",
              "err": {},
              "uuid": "d12ada74-40e5-4e89-bd46-4a66325e8839",
              "parentUUID": "906d4cb1-7c37-4663-90db-49c1f339d450",
              "isHook": false,
              "skipped": false
            },
            {
              "title": "Rota \"/drinks/{id-da-receita}/in-progress\": não possui header",
              "fullTitle": "7 - Implemente o header de acordo com a necessidade de cada tela Rota \"/drinks/{id-da-receita}/in-progress\": não possui header",
              "timedOut": null,
              "duration": 262,
              "state": "passed",
              "speed": "fast",
              "pass": true,
              "fail": false,
              "pending": false,
              "context": null,
              "code": "cy.visit('http://localhost:3000/drinks/178319/in-progress');\nhasNoHeader();",
              "err": {},
              "uuid": "93904408-76d9-4e5f-a577-65884da25d7f",
              "parentUUID": "906d4cb1-7c37-4663-90db-49c1f339d450",
              "isHook": false,
              "skipped": false
            },
            {
              "title": "Rota \"/profile\": possui o header com o título \"Profile\" e o ícone de perfil, mas sem o ícone de pesquisa",
              "fullTitle": "7 - Implemente o header de acordo com a necessidade de cada tela Rota \"/profile\": possui o header com o título \"Profile\" e o ícone de perfil, mas sem o ícone de pesquisa",
              "timedOut": null,
              "duration": 309,
              "state": "passed",
              "speed": "fast",
              "pass": true,
              "fail": false,
              "pending": false,
              "context": null,
              "code": "cy.visit('http://localhost:3000/profile');\nhasHeader('Profile', false);",
              "err": {},
              "uuid": "6451fb39-b9f4-4454-800f-c512e030533d",
              "parentUUID": "906d4cb1-7c37-4663-90db-49c1f339d450",
              "isHook": false,
              "skipped": false
            },
            {
              "title": "Rota \"/done-recipes\": possui o header com o título \"Done Recipes\" e o ícone de perfil, mas sem o ícone de pesquisa",
              "fullTitle": "7 - Implemente o header de acordo com a necessidade de cada tela Rota \"/done-recipes\": possui o header com o título \"Done Recipes\" e o ícone de perfil, mas sem o ícone de pesquisa",
              "timedOut": null,
              "duration": 298,
              "state": "passed",
              "speed": "fast",
              "pass": true,
              "fail": false,
              "pending": false,
              "context": null,
              "code": "cy.visit('http://localhost:3000/done-recipes');\nhasHeader('Done Recipes', false);",
              "err": {},
              "uuid": "78c3b954-3f4a-44af-a065-2a10981d2f21",
              "parentUUID": "906d4cb1-7c37-4663-90db-49c1f339d450",
              "isHook": false,
              "skipped": false
            },
            {
              "title": "Rota \"/favorite-recipes\": possui o header com o título \"Favorite Recipes\" e o ícone de perfil, mas sem o ícone de pesquisa",
              "fullTitle": "7 - Implemente o header de acordo com a necessidade de cada tela Rota \"/favorite-recipes\": possui o header com o título \"Favorite Recipes\" e o ícone de perfil, mas sem o ícone de pesquisa",
              "timedOut": null,
              "duration": 224,
              "state": "passed",
              "speed": "fast",
              "pass": true,
              "fail": false,
              "pending": false,
              "context": null,
              "code": "cy.visit('http://localhost:3000/favorite-recipes');\nhasHeader('Favorite Recipes', false);",
              "err": {},
              "uuid": "07e7116e-3406-4246-9a7f-0350b6c3cb4c",
              "parentUUID": "906d4cb1-7c37-4663-90db-49c1f339d450",
              "isHook": false,
              "skipped": false
            }
          ],
          "suites": [],
          "passes": [
            "8e8292d9-313c-4778-9c3a-329a1f63e6e8",
            "e16b2667-a2aa-4a3f-bf98-583209df08c9",
            "38420131-f8f4-45b5-854f-387bb2852df3",
            "4b20b6b4-5605-4ac3-a278-fed20d558acc",
            "7c4368f3-e004-43c4-a721-c0dc238686d2",
            "d12ada74-40e5-4e89-bd46-4a66325e8839",
            "93904408-76d9-4e5f-a577-65884da25d7f",
            "6451fb39-b9f4-4454-800f-c512e030533d",
            "78c3b954-3f4a-44af-a065-2a10981d2f21",
            "07e7116e-3406-4246-9a7f-0350b6c3cb4c"
          ],
          "failures": [],
          "pending": [],
          "skipped": [],
          "duration": 3283,
          "root": false,
          "rootEmpty": false,
          "_timeout": 2000
        },
        {
          "uuid": "8a47fc34-537e-49f8-a86f-c1c40888e04c",
          "title": "8 - Redirecione a pessoa usuária para a tela de perfil ao clicar no botão de perfil",
          "fullFile": "",
          "file": "",
          "beforeHooks": [],
          "afterHooks": [],
          "tests": [
            {
              "title": "A mudança de tela ocorre corretamente",
              "fullTitle": "8 - Redirecione a pessoa usuária para a tela de perfil ao clicar no botão de perfil A mudança de tela ocorre corretamente",
              "timedOut": null,
              "duration": 353,
              "state": "passed",
              "speed": "fast",
              "pass": true,
              "fail": false,
              "pending": false,
              "context": null,
              "code": "cy.visit('http://localhost:3000/meals');\ncy.get('[data-testid=\"page-title\"]').contains('Meals');\ncy.get('[data-testid=\"profile-top-btn\"]').click();\ncy.get('[data-testid=\"page-title\"]').contains('Profile');\ncy.location().should(loc => expect(loc.pathname).to.eq('/profile'));",
              "err": {},
              "uuid": "65c2ceb6-383c-4e56-b021-1244f9f28f9a",
              "parentUUID": "8a47fc34-537e-49f8-a86f-c1c40888e04c",
              "isHook": false,
              "skipped": false
            },
            {
              "title": "Verifica a cobertura de 45% do Componente Header",
              "fullTitle": "8 - Redirecione a pessoa usuária para a tela de perfil ao clicar no botão de perfil Verifica a cobertura de 45% do Componente Header",
              "timedOut": null,
              "duration": 6820,
              "state": "failed",
              "speed": null,
              "pass": false,
              "fail": true,
              "pending": false,
              "context": null,
              "code": "cy.task('getCoverage', getId()).its('Header.functions.pct', {\n  timeout: 0\n}).should('be.gte', 45.00);\ncy.task('getCoverage', getId()).its('Header.lines.pct', {\n  timeout: 0\n}).should('be.gte', 45.00);\ncy.task('getCoverage', getId()).its('Header.branches.pct', {\n  timeout: 0\n}).should('be.gte', 45.00);",
              "err": {
                "message": "CypressError: `cy.task('getCoverage')` failed with the following error:\n\n> stderr maxBuffer length exceeded\n\nhttps://on.cypress.io/api/task",
                "estack": "CypressError: `cy.task('getCoverage')` failed with the following error:\n\n> stderr maxBuffer length exceeded\n\nhttps://on.cypress.io/api/task\n    at <unknown> (http://localhost:3000/__cypress/runner/cypress_runner.js:145912:78)\n    at tryCatcher (http://localhost:3000/__cypress/runner/cypress_runner.js:11318:23)\n    at Promise._settlePromiseFromHandler (http://localhost:3000/__cypress/runner/cypress_runner.js:9253:31)\n    at Promise._settlePromise (http://localhost:3000/__cypress/runner/cypress_runner.js:9310:18)\n    at Promise._settlePromise0 (http://localhost:3000/__cypress/runner/cypress_runner.js:9355:10)\n    at Promise._settlePromises (http://localhost:3000/__cypress/runner/cypress_runner.js:9431:18)\n    at _drainQueueStep (http://localhost:3000/__cypress/runner/cypress_runner.js:6025:12)\n    at _drainQueue (http://localhost:3000/__cypress/runner/cypress_runner.js:6018:9)\n    at ../../node_modules/bluebird/js/release/async.js.Async._drainQueues (http://localhost:3000/__cypress/runner/cypress_runner.js:6034:5)\n    at Async.drainQueues (http://localhost:3000/__cypress/runner/cypress_runner.js:5904:14)\nFrom Your Spec Code:\n    at Context.eval (webpack:///./cypress/e2e/07-09.header.cy.js:106:7)\n\nFrom Node.js Internals:\n  RangeError: stderr maxBuffer length exceeded\n  RangeError [ERR_CHILD_PROCESS_STDIO_MAXBUFFER]: stderr maxBuffer length exceeded\n      at new NodeError (node:internal/errors:387:5)\n      at Socket.onChildStderr (node:child_process:497:14)\n      at Socket.emit (node:events:513:28)\n      at Socket.emit (node:domain:489:12)\n      at addChunk (node:internal/streams/readable:315:12)\n      at readableAddChunk (node:internal/streams/readable:285:11)\n      at Socket.Readable.push (node:internal/streams/readable:228:10)\n      at Pipe.onStreamRead (node:internal/stream_base_commons:190:23)",
                "diff": null
              },
              "uuid": "69eecf8d-fbb1-43e6-b150-f7dcc59f6a20",
              "parentUUID": "8a47fc34-537e-49f8-a86f-c1c40888e04c",
              "isHook": false,
              "skipped": false
            }
          ],
          "suites": [],
          "passes": [
            "65c2ceb6-383c-4e56-b021-1244f9f28f9a"
          ],
          "failures": [
            "69eecf8d-fbb1-43e6-b150-f7dcc59f6a20"
          ],
          "pending": [],
          "skipped": [],
          "duration": 7173,
          "root": false,
          "rootEmpty": false,
          "_timeout": 2000
        },
        {
          "uuid": "fedcb03c-86a8-4852-8f5d-ec137c1bbad9",
          "title": "9 - Desenvolva o botão de busca que, ao ser clicado, a barra de busca deve aparecer. O mesmo serve para escondê-la",
          "fullFile": "",
          "file": "",
          "beforeHooks": [],
          "afterHooks": [],
          "tests": [
            {
              "title": "Ao clicar no botão de busca pela primeira vez a barra de busca aparece",
              "fullTitle": "9 - Desenvolva o botão de busca que, ao ser clicado, a barra de busca deve aparecer. O mesmo serve para escondê-la Ao clicar no botão de busca pela primeira vez a barra de busca aparece",
              "timedOut": null,
              "duration": 380,
              "state": "passed",
              "speed": "fast",
              "pass": true,
              "fail": false,
              "pending": false,
              "context": null,
              "code": "cy.visit('http://localhost:3000/meals');\ncy.get('[data-testid=\"search-input\"]').should('not.exist');\ncy.get('[data-testid=\"search-top-btn\"]').click();\ncy.get('[data-testid=\"search-input\"]');",
              "err": {},
              "uuid": "16141180-0576-4be8-a11d-9cd1aed3d962",
              "parentUUID": "fedcb03c-86a8-4852-8f5d-ec137c1bbad9",
              "isHook": false,
              "skipped": false
            },
            {
              "title": "Ao clicar no botão de busca pela segunda vez a barra de busca desaparece",
              "fullTitle": "9 - Desenvolva o botão de busca que, ao ser clicado, a barra de busca deve aparecer. O mesmo serve para escondê-la Ao clicar no botão de busca pela segunda vez a barra de busca desaparece",
              "timedOut": null,
              "duration": 584,
              "state": "passed",
              "speed": "fast",
              "pass": true,
              "fail": false,
              "pending": false,
              "context": null,
              "code": "cy.visit('http://localhost:3000/meals');\ncy.get('[data-testid=\"search-top-btn\"]').click();\ncy.get('[data-testid=\"search-input\"]');\ncy.get('[data-testid=\"search-top-btn\"]').click();\ncy.get('[data-testid=\"search-input\"]').should('not.exist');",
              "err": {},
              "uuid": "c8306cc2-ce91-4f52-b098-98fc2d8f401d",
              "parentUUID": "fedcb03c-86a8-4852-8f5d-ec137c1bbad9",
              "isHook": false,
              "skipped": false
            },
            {
              "title": "Verifica a cobertura de 90% do Componente Header",
              "fullTitle": "9 - Desenvolva o botão de busca que, ao ser clicado, a barra de busca deve aparecer. O mesmo serve para escondê-la Verifica a cobertura de 90% do Componente Header",
              "timedOut": null,
              "duration": 6816,
              "state": "failed",
              "speed": null,
              "pass": false,
              "fail": true,
              "pending": false,
              "context": null,
              "code": "cy.task('getCoverage', getId()).its('Header.functions.pct', {\n  timeout: 0\n}).should('be.gte', 90.00);\ncy.task('getCoverage', getId()).its('Header.lines.pct', {\n  timeout: 0\n}).should('be.gte', 90.00);\ncy.task('getCoverage', getId()).its('Header.branches.pct', {\n  timeout: 0\n}).should('be.gte', 90.00);",
              "err": {
                "message": "CypressError: `cy.task('getCoverage')` failed with the following error:\n\n> stderr maxBuffer length exceeded\n\nhttps://on.cypress.io/api/task",
                "estack": "CypressError: `cy.task('getCoverage')` failed with the following error:\n\n> stderr maxBuffer length exceeded\n\nhttps://on.cypress.io/api/task\n    at <unknown> (http://localhost:3000/__cypress/runner/cypress_runner.js:145912:78)\n    at tryCatcher (http://localhost:3000/__cypress/runner/cypress_runner.js:11318:23)\n    at Promise._settlePromiseFromHandler (http://localhost:3000/__cypress/runner/cypress_runner.js:9253:31)\n    at Promise._settlePromise (http://localhost:3000/__cypress/runner/cypress_runner.js:9310:18)\n    at Promise._settlePromise0 (http://localhost:3000/__cypress/runner/cypress_runner.js:9355:10)\n    at Promise._settlePromises (http://localhost:3000/__cypress/runner/cypress_runner.js:9431:18)\n    at _drainQueueStep (http://localhost:3000/__cypress/runner/cypress_runner.js:6025:12)\n    at _drainQueue (http://localhost:3000/__cypress/runner/cypress_runner.js:6018:9)\n    at ../../node_modules/bluebird/js/release/async.js.Async._drainQueues (http://localhost:3000/__cypress/runner/cypress_runner.js:6034:5)\n    at Async.drainQueues (http://localhost:3000/__cypress/runner/cypress_runner.js:5904:14)\nFrom Your Spec Code:\n    at Context.eval (webpack:///./cypress/e2e/07-09.header.cy.js:135:7)\n\nFrom Node.js Internals:\n  RangeError: stderr maxBuffer length exceeded\n  RangeError [ERR_CHILD_PROCESS_STDIO_MAXBUFFER]: stderr maxBuffer length exceeded\n      at new NodeError (node:internal/errors:387:5)\n      at Socket.onChildStderr (node:child_process:497:14)\n      at Socket.emit (node:events:513:28)\n      at Socket.emit (node:domain:489:12)\n      at addChunk (node:internal/streams/readable:315:12)\n      at readableAddChunk (node:internal/streams/readable:285:11)\n      at Socket.Readable.push (node:internal/streams/readable:228:10)\n      at Pipe.onStreamRead (node:internal/stream_base_commons:190:23)",
                "diff": null
              },
              "uuid": "3fef7d2f-5ad2-4a13-a824-ca753f2dfffb",
              "parentUUID": "fedcb03c-86a8-4852-8f5d-ec137c1bbad9",
              "isHook": false,
              "skipped": false
            }
          ],
          "suites": [],
          "passes": [
            "16141180-0576-4be8-a11d-9cd1aed3d962",
            "c8306cc2-ce91-4f52-b098-98fc2d8f401d"
          ],
          "failures": [
            "3fef7d2f-5ad2-4a13-a824-ca753f2dfffb"
          ],
          "pending": [],
          "skipped": [],
          "duration": 7780,
          "root": false,
          "rootEmpty": false,
          "_timeout": 2000
        }
      ],
      "passes": [],
      "failures": [],
      "pending": [],
      "skipped": [],
      "duration": 0,
      "root": true,
      "rootEmpty": true,
      "_timeout": 2000
    }
  ],
  "meta": {
    "mocha": {
      "version": "7.0.1"
    },
    "mochawesome": {
      "options": {
        "quiet": false,
        "reportFilename": "mochawesome",
        "saveHtml": false,
        "saveJson": true,
        "consoleReporter": "spec",
        "useInlineDiffs": false,
        "code": true
      },
      "version": "7.1.3"
    },
    "marge": {
      "options": {
        "id": "default",
        "reportDir": "cypress/reports",
        "overwrite": false,
        "html": false,
        "json": true
      },
      "version": "6.2.0"
    }
  }
}